#
# A fatal error has been detected by the Java Runtime Environment:
#
#  SIGSEGV (0xb) at pc=0x0000000108a69c86, pid=1534, tid=40963
#
# JRE version: OpenJDK Runtime Environment Corretto-11.0.18.10.1 (11.0.18+10) (build 11.0.18+10-LTS)
# Java VM: OpenJDK 64-Bit Server VM Corretto-11.0.18.10.1 (11.0.18+10-LTS, mixed mode, tiered, compressed oops, g1 gc, bsd-amd64)
# Problematic frame:
# V  [libjvm.dylib+0x669c86]  PhaseIterGVN::add_users_to_worklist(Node*)+0xd8
#
# No core dump will be written. Core dumps have been disabled. To enable core dumping, try "ulimit -c unlimited" before starting Java again
#
# If you would like to submit a bug report, please visit:
#   https://github.com/corretto/corretto-11/issues/
#

---------------  S U M M A R Y ------------

Command Line: -javaagent:/Applications/IntelliJ IDEA CE.app/Contents/lib/idea_rt.jar=54269:/Applications/IntelliJ IDEA CE.app/Contents/bin -Dfile.encoding=UTF-8 com.example.course.CourseApplication

Host: MacBookPro16,1 x86_64 2600 MHz, 12 cores, 32G, Darwin 19.6.0
Time: Sat Mar 11 10:33:21 2023 EST elapsed time: 0.698020 seconds (0d 0h 0m 0s)

---------------  T H R E A D  ---------------

Current thread (0x00007fbf608be800):  JavaThread "C2 CompilerThread1" daemon [_thread_in_native, id=40963, stack(0x000070000f28f000,0x000070000f38f000)]


Current CompileTask:
C2:    698 1496       4       jdk.internal.org.objectweb.asm.Frame::execute (2264 bytes)

Stack: [0x000070000f28f000,0x000070000f38f000],  sp=0x000070000f38bcb0,  free space=1011k
Native frames: (J=compiled Java code, A=aot compiled Java code, j=interpreted, Vv=VM code, C=native code)
V  [libjvm.dylib+0x669c86]  PhaseIterGVN::add_users_to_worklist(Node*)+0xd8
V  [libjvm.dylib+0x669b61]  PhaseIterGVN::PhaseIterGVN(PhaseGVN*)+0x1d1
V  [libjvm.dylib+0x240a19]  Compile::Optimize()+0xc9
V  [libjvm.dylib+0x23fce4]  Compile::Compile(ciEnv*, C2Compiler*, ciMethod*, int, bool, bool, bool, bool, DirectiveSet*)+0x848
V  [libjvm.dylib+0x1c63e9]  C2Compiler::compile_method(ciEnv*, ciMethod*, int, DirectiveSet*)+0xd5
V  [libjvm.dylib+0x24cd07]  CompileBroker::invoke_compiler_on_method(CompileTask*)+0x53f
V  [libjvm.dylib+0x24c653]  CompileBroker::compiler_thread_loop()+0x1b5
V  [libjvm.dylib+0x78cb9f]  JavaThread::thread_main_inner()+0x89
V  [libjvm.dylib+0x78c9f2]  JavaThread::run()+0x12e
V  [libjvm.dylib+0x78a992]  Thread::call_run()+0x68
V  [libjvm.dylib+0x6349c1]  thread_native_entry(Thread*)+0x119
C  [libsystem_pthread.dylib+0x6109]  _pthread_start+0x94
C  [libsystem_pthread.dylib+0x1b8b]  thread_start+0xf


siginfo: si_signo: 11 (SIGSEGV), si_code: 1 (SEGV_MAPERR), si_addr: 0x0000000000000000

Register to memory mapping:

RAX=0x0 is NULL
RBX=0x00007fbf60a72df0 points into unknown readable memory: 0x00007fbf60a73168 | 68 31 a7 60 bf 7f 00 00
RCX=0x0 is NULL
RDX=0x0000000041001790 is an unknown value
RSP=0x000070000f38bcb0 is pointing into the stack for thread: 0x00007fbf608be800
RBP=0x000070000f38bd20 is pointing into the stack for thread: 0x00007fbf608be800
RSI=0x0000000000000e27 is an unknown value
RDI=0x00007fbf47855cd8 points into unknown readable memory: 0x0000000000000000 | 00 00 00 00 00 00 00 00
R8 =0x00007fbf3619ae20 points into unknown readable memory: 0x00007fbf60a317b0 | b0 17 a3 60 bf 7f 00 00
R9 =0xffffffff00000000 is an unknown value
R10=0x0000000108db52d0: _ZL8tc_mutex+0x18 in /Users/codytran/Library/Java/JavaVirtualMachines/corretto-11.0.18/Contents/Home/lib/server/libjvm.dylib at 0x0000000108400000
R11=0x0000000000001d40 is an unknown value
R12=0x00007fbf47855cd8 points into unknown readable memory: 0x0000000000000000 | 00 00 00 00 00 00 00 00
R13=0x000070000f38d1b8 is pointing into the stack for thread: 0x00007fbf608be800
R14=0x00007fbf60a72df0 points into unknown readable memory: 0x00007fbf60a73168 | 68 31 a7 60 bf 7f 00 00
R15=0x00007fbf60a72de0 points into unknown readable memory: 0x00007fbf47855cd8 | d8 5c 85 47 bf 7f 00 00


Registers:
RAX=0x0000000000000000, RBX=0x00007fbf60a72df0, RCX=0x0000000000000000, RDX=0x0000000041001790
RSP=0x000070000f38bcb0, RBP=0x000070000f38bd20, RSI=0x0000000000000e27, RDI=0x00007fbf47855cd8
R8 =0x00007fbf3619ae20, R9 =0xffffffff00000000, R10=0x0000000108db52d0, R11=0x0000000000001d40
R12=0x00007fbf47855cd8, R13=0x000070000f38d1b8, R14=0x00007fbf60a72df0, R15=0x00007fbf60a72de0
RIP=0x0000000108a69c86, EFLAGS=0x0000000000010297, ERR=0x0000000000000004
  TRAPNO=0x000000000000000e

Top of Stack: (sp=0x000070000f38bcb0)
0x000070000f38bcb0:   00007fbf6010e950 00007fbf60a73130
0x000070000f38bcc0:   00007fbf60a72df0 000070000f38d1b8
0x000070000f38bcd0:   000070000f38c7e0 00007fbf60a72048
0x000070000f38bce0:   00007fbf60a720a8 00007fbf000000ae
0x000070000f38bcf0:   000070000f38e108 0000000000000536
0x000070000f38bd00:   0000000000000a93 00007fbf60a720a8
0x000070000f38bd10:   000070000f38d1b8 000070000f38c7e0
0x000070000f38bd20:   000070000f38bd60 0000000108a69b61
0x000070000f38bd30:   00000000297e3ef2 000070000f38d200
0x000070000f38bd40:   0000000000000000 000070000f38c7e0
0x000070000f38bd50:   0000000108dd8fbe 000070000f38dfe0
0x000070000f38bd60:   000070000f38d390 0000000108640a19
0x000070000f38bd70:   0000000000000000 0000000000000000
0x000070000f38bd80:   0000000000000000 0000000000000000
0x000070000f38bd90:   0000000000000000 0000000000000000
0x000070000f38bda0:   0000000000000000 0000000000000000
0x000070000f38bdb0:   0000000000000000 00007fbf308bea00
0x000070000f38bdc0:   000070000f38bdf0 000000010893bf1d
0x000070000f38bdd0:   0000000000000000 000070000f38bf60
0x000070000f38bde0:   000070000f38be08 000070000f38be08
0x000070000f38bdf0:   000070000f38bf10 0000000108919434
0x000070000f38be00:   0000000000000000 00007fbf60116fb0
0x000070000f38be10:   00007fbf308bea00 00007fbf308c4280
0x000070000f38be20:   00007fbf308c69e8 0000000000010388
0x000070000f38be30:   000070000f38be90 0000000108c1776c
0x000070000f38be40:   000070000f38bf60 0000000108e04430
0x000070000f38be50:   0000000800049da8 0000000800001000
0x000070000f38be60:   000070000f38c1d8 000070000f38c1f8
0x000070000f38be70:   000070000f38bea0 00000001087851b9
0x000070000f38be80:   00007fbf608be800 000070000f38bf40
0x000070000f38be90:   000070000f38bee0 000000010863d2ef
0x000070000f38bea0:   000070000f38bee0 0000000108917a3c 

Instructions: (pc=0x0000000108a69c86)
0x0000000108a69b86:   26 86 36 00 48 8b 00 48 8b 78 28 48 8b 07 48 8b
0x0000000108a69b96:   80 d0 00 00 00 4c 89 f6 48 83 c4 08 5b 41 5c 41
0x0000000108a69ba6:   5d 41 5e 41 5f 5d ff e0 55 48 89 e5 41 57 41 56
0x0000000108a69bb6:   41 55 41 54 53 48 83 ec 48 48 89 7d b0 48 89 75
0x0000000108a69bc6:   c0 8b 46 20 48 85 c0 0f 84 27 05 00 00 48 8b 4d
0x0000000108a69bd6:   c0 48 8b 59 10 4c 8d 34 c3 48 8b 45 b0 4c 8d a8
0x0000000108a69be6:   d8 09 00 00 48 8b 33 4c 89 ef e8 0b 1f ec ff 48
0x0000000108a69bf6:   83 c3 08 4c 39 f3 72 ec 48 8b 45 c0 8b 40 20 48
0x0000000108a69c06:   85 c0 0f 84 ec 04 00 00 48 8b 4d c0 4c 8b 79 10
0x0000000108a69c16:   49 8d 04 c7 48 89 45 a0 4c 89 6d a8 4d 8b 27 41
0x0000000108a69c26:   8b 44 24 2c a8 01 75 0a 89 c1 83 e1 7f 83 f9 50
0x0000000108a69c36:   75 2c 41 8b 4c 24 20 48 85 c9 74 22 49 8b 5c 24
0x0000000108a69c46:   10 4c 8d 34 cb 48 8b 33 4c 89 ef e8 aa 1e ec ff
0x0000000108a69c56:   48 83 c3 08 4c 39 f3 72 ec 41 8b 44 24 2c 83 e0
0x0000000108a69c66:   3f 83 f8 2f 75 13 49 8b 44 24 08 48 8b 4d c0 48
0x0000000108a69c76:   39 48 28 0f 84 3b 04 00 00 49 8b 04 24 4c 89 e7
0x0000000108a69c86:   ff 10 89 45 c8 41 80 7c 24 2c c0 0f 85 2c 01 00
0x0000000108a69c96:   00 48 8b 7d b0 4c 89 e6 e8 0b ff ff ff 41 83 7c
0x0000000108a69ca6:   24 20 00 74 66 49 8b 44 24 10 48 8b 00 83 78 20
0x0000000108a69cb6:   00 74 58 48 8b 40 10 48 8b 00 83 78 20 02 75 4b
0x0000000108a69cc6:   48 8b 48 10 48 8b 01 83 78 20 00 74 3e 48 8b 49
0x0000000108a69cd6:   08 83 79 20 00 74 34 48 8b 40 10 48 8b 00 48 8b
0x0000000108a69ce6:   49 10 48 3b 01 75 24 8b 48 20 48 85 c9 74 1c 48
0x0000000108a69cf6:   8b 58 10 4c 8d 34 cb 48 8b 33 4c 89 ef e8 f8 1d
0x0000000108a69d06:   ec ff 48 83 c3 08 4c 39 f3 72 ec 83 7d c8 43 0f
0x0000000108a69d16:   85 a8 00 00 00 4c 89 e7 48 8b 75 c0 e8 42 0f 00
0x0000000108a69d26:   00 48 85 c0 74 0b 4c 89 ef 48 89 c6 e8 c9 1d ec
0x0000000108a69d36:   ff 49 8b 44 24 08 4c 8b 70 08 41 83 7e 20 00 74
0x0000000108a69d46:   7c 31 db 49 8b 46 10 48 8b 3c d8 48 8b 07 ff 10
0x0000000108a69d56:   83 f8 2d 75 5c 49 8b 46 10 48 8b 34 d8 48 8b 46
0x0000000108a69d66:   08 48 8b 00 48 85 c0 74 48 48 8b 40 08 48 8b 00
0x0000000108a69d76:   48 85 c0 74 3c 8b 48 2c 83 e1 1f 83 f9 15 75 31 


Stack slot to memory mapping:
stack at sp + 0 slots: 0x00007fbf6010e950 points into unknown readable memory: 0x0000000108d70fd0 | d0 0f d7 08 01 00 00 00
stack at sp + 1 slots: 0x00007fbf60a73130 points into unknown readable memory: 0x00007fbf60a72048 | 48 20 a7 60 bf 7f 00 00
stack at sp + 2 slots: 0x00007fbf60a72df0 points into unknown readable memory: 0x00007fbf60a73168 | 68 31 a7 60 bf 7f 00 00
stack at sp + 3 slots: 0x000070000f38d1b8 is pointing into the stack for thread: 0x00007fbf608be800
stack at sp + 4 slots: 0x000070000f38c7e0 is pointing into the stack for thread: 0x00007fbf608be800
stack at sp + 5 slots: 0x00007fbf60a72048 points into unknown readable memory: 0x0000000108d5b470 | 70 b4 d5 08 01 00 00 00
stack at sp + 6 slots: 0x00007fbf60a720a8 points into unknown readable memory: 0x0000000108d6a2a0 | a0 a2 d6 08 01 00 00 00
stack at sp + 7 slots: 0x00007fbf000000ae points into unknown readable memory: 00 00


---------------  P R O C E S S  ---------------

Threads class SMR info:
_java_thread_list=0x00007fbf25e0dc50, length=12, elements={
0x00007fbf60809000, 0x00007fbf3612c000, 0x00007fbf56818800, 0x00007fbf56013000,
0x00007fbf3612d800, 0x00007fbf56814800, 0x00007fbf56815000, 0x00007fbf3612e000,
0x00007fbf36149000, 0x00007fbf608be800, 0x00007fbf36183000, 0x00007fbef600a800
}

Java Threads: ( => current thread )
  0x00007fbf60809000 JavaThread "main" [_thread_in_vm, id=9987, stack(0x000070000e25c000,0x000070000e35c000)]
  0x00007fbf3612c000 JavaThread "Reference Handler" daemon [_thread_blocked, id=18435, stack(0x000070000e971000,0x000070000ea71000)]
  0x00007fbf56818800 JavaThread "Finalizer" daemon [_thread_blocked, id=17923, stack(0x000070000ea74000,0x000070000eb74000)]
  0x00007fbf56013000 JavaThread "Signal Dispatcher" daemon [_thread_blocked, id=15875, stack(0x000070000ec7d000,0x000070000ed7d000)]
  0x00007fbf3612d800 JavaThread "Service Thread" daemon [_thread_blocked, id=22019, stack(0x000070000ed80000,0x000070000ee80000)]
  0x00007fbf56814800 JavaThread "C2 CompilerThread0" daemon [_thread_in_native, id=43011, stack(0x000070000ee83000,0x000070000ef83000)]
  0x00007fbf56815000 JavaThread "C1 CompilerThread0" daemon [_thread_blocked, id=42499, stack(0x000070000ef86000,0x000070000f086000)]
  0x00007fbf3612e000 JavaThread "Sweeper thread" daemon [_thread_blocked, id=23043, stack(0x000070000f089000,0x000070000f189000)]
  0x00007fbf36149000 JavaThread "Common-Cleaner" daemon [_thread_blocked, id=41731, stack(0x000070000f18c000,0x000070000f28c000)]
=>0x00007fbf608be800 JavaThread "C2 CompilerThread1" daemon [_thread_in_native, id=40963, stack(0x000070000f28f000,0x000070000f38f000)]
  0x00007fbf36183000 JavaThread "Monitor Ctrl-Break" daemon [_thread_in_native, id=23811, stack(0x000070000f392000,0x000070000f492000)]
  0x00007fbef600a800 JavaThread "background-preinit" [_thread_blocked, id=37891, stack(0x000070000feb3000,0x000070000ffb3000)]

Other Threads:
  0x00007fbf57828000 VMThread "VM Thread" [stack: 0x000070000e86e000,0x000070000e96e000] [id=13571]
  0x00007fbf578c1800 WatcherThread [stack: 0x000070000f495000,0x000070000f595000] [id=24067]
  0x00007fbf6080a000 GCTaskThread "GC Thread#0" [stack: 0x000070000e35f000,0x000070000e45f000] [id=20739]
  0x00007fbf60ada800 GCTaskThread "GC Thread#1" [stack: 0x000070000f598000,0x000070000f698000] [id=24579]
  0x00007fbf60adb800 GCTaskThread "GC Thread#2" [stack: 0x000070000f69b000,0x000070000f79b000] [id=24835]
  0x00007fbf60adc000 GCTaskThread "GC Thread#3" [stack: 0x000070000f79e000,0x000070000f89e000] [id=39939]
  0x00007fbf60add000 GCTaskThread "GC Thread#4" [stack: 0x000070000f8a1000,0x000070000f9a1000] [id=25603]
  0x00007fbef6008800 GCTaskThread "GC Thread#5" [stack: 0x000070000f9a4000,0x000070000faa4000] [id=26115]
  0x00007fbf57036800 GCTaskThread "GC Thread#6" [stack: 0x000070000faa7000,0x000070000fba7000] [id=26371]
  0x00007fbf57235000 GCTaskThread "GC Thread#7" [stack: 0x000070000fbaa000,0x000070000fcaa000] [id=26627]
  0x00007fbef600a000 GCTaskThread "GC Thread#8" [stack: 0x000070000fcad000,0x000070000fdad000] [id=26883]
  0x00007fbf57048800 GCTaskThread "GC Thread#9" [stack: 0x000070000fdb0000,0x000070000feb0000] [id=38659]
  0x00007fbf60848800 ConcurrentGCThread "G1 Main Marker" [stack: 0x000070000e462000,0x000070000e562000] [id=20227]
  0x00007fbf56010000 ConcurrentGCThread "G1 Conc#0" [stack: 0x000070000e565000,0x000070000e665000] [id=12035]
  0x00007fbf36108800 ConcurrentGCThread "G1 Refine#0" [stack: 0x000070000e668000,0x000070000e768000] [id=12291]
  0x00007fbf36109000 ConcurrentGCThread "G1 Young RemSet Sampling" [stack: 0x000070000e76b000,0x000070000e86b000] [id=12547]

Threads with active compile tasks:
C2 CompilerThread0      706 1526       4       java.lang.invoke.MethodTypeForm::canonicalize (233 bytes)
C1 CompilerThread0      706 1527       3       sun.invoke.util.VerifyAccess::isMemberAccessible (313 bytes)
C2 CompilerThread1      706 1496       4       jdk.internal.org.objectweb.asm.Frame::execute (2264 bytes)

VM state:not at safepoint (normal execution)

VM Mutex/Monitor currently owned by a thread: None

Heap address: 0x0000000600000000, size: 8192 MB, Compressed Oops mode: Zero based, Oop shift amount: 3
Narrow klass base: 0x0000000800000000, Narrow klass shift: 0
Compressed class space size: 1073741824 Address: 0x0000000800000000

Heap:
 garbage-first heap   total 524288K, used 22940K [0x0000000600000000, 0x0000000800000000)
  region size 2048K, 11 young (22528K), 2 survivors (4096K)
 Metaspace       used 17957K, capacity 18352K, committed 18560K, reserved 1064960K
  class space    used 1928K, capacity 2116K, committed 2176K, reserved 1048576K
Heap Regions: E=young(eden), S=young(survivor), O=old, HS=humongous(starts), HC=humongous(continues), CS=collection set, F=free, A=archive, TAMS=top-at-mark-start (previous, next)
|   0|0x0000000600000000, 0x0000000600200000, 0x0000000600200000|100%| O|  |TAMS 0x0000000600000000, 0x0000000600000000| Untracked 
|   1|0x0000000600200000, 0x0000000600267000, 0x0000000600400000| 20%| O|  |TAMS 0x0000000600200000, 0x0000000600200000| Untracked 
|   2|0x0000000600400000, 0x0000000600400000, 0x0000000600600000|  0%| F|  |TAMS 0x0000000600400000, 0x0000000600400000| Untracked 
|   3|0x0000000600600000, 0x0000000600600000, 0x0000000600800000|  0%| F|  |TAMS 0x0000000600600000, 0x0000000600600000| Untracked 
|   4|0x0000000600800000, 0x0000000600800000, 0x0000000600a00000|  0%| F|  |TAMS 0x0000000600800000, 0x0000000600800000| Untracked 
|   5|0x0000000600a00000, 0x0000000600a00000, 0x0000000600c00000|  0%| F|  |TAMS 0x0000000600a00000, 0x0000000600a00000| Untracked 
|   6|0x0000000600c00000, 0x0000000600c00000, 0x0000000600e00000|  0%| F|  |TAMS 0x0000000600c00000, 0x0000000600c00000| Untracked 
|   7|0x0000000600e00000, 0x0000000600e00000, 0x0000000601000000|  0%| F|  |TAMS 0x0000000600e00000, 0x0000000600e00000| Untracked 
|   8|0x0000000601000000, 0x0000000601000000, 0x0000000601200000|  0%| F|  |TAMS 0x0000000601000000, 0x0000000601000000| Untracked 
|   9|0x0000000601200000, 0x0000000601200000, 0x0000000601400000|  0%| F|  |TAMS 0x0000000601200000, 0x0000000601200000| Untracked 
|  10|0x0000000601400000, 0x0000000601400000, 0x0000000601600000|  0%| F|  |TAMS 0x0000000601400000, 0x0000000601400000| Untracked 
|  11|0x0000000601600000, 0x0000000601600000, 0x0000000601800000|  0%| F|  |TAMS 0x0000000601600000, 0x0000000601600000| Untracked 
|  12|0x0000000601800000, 0x0000000601800000, 0x0000000601a00000|  0%| F|  |TAMS 0x0000000601800000, 0x0000000601800000| Untracked 
|  13|0x0000000601a00000, 0x0000000601a00000, 0x0000000601c00000|  0%| F|  |TAMS 0x0000000601a00000, 0x0000000601a00000| Untracked 
|  14|0x0000000601c00000, 0x0000000601c00000, 0x0000000601e00000|  0%| F|  |TAMS 0x0000000601c00000, 0x0000000601c00000| Untracked 
|  15|0x0000000601e00000, 0x0000000601e00000, 0x0000000602000000|  0%| F|  |TAMS 0x0000000601e00000, 0x0000000601e00000| Untracked 
|  16|0x0000000602000000, 0x0000000602000000, 0x0000000602200000|  0%| F|  |TAMS 0x0000000602000000, 0x0000000602000000| Untracked 
|  17|0x0000000602200000, 0x0000000602200000, 0x0000000602400000|  0%| F|  |TAMS 0x0000000602200000, 0x0000000602200000| Untracked 
|  18|0x0000000602400000, 0x0000000602400000, 0x0000000602600000|  0%| F|  |TAMS 0x0000000602400000, 0x0000000602400000| Untracked 
|  19|0x0000000602600000, 0x0000000602600000, 0x0000000602800000|  0%| F|  |TAMS 0x0000000602600000, 0x0000000602600000| Untracked 
|  20|0x0000000602800000, 0x0000000602800000, 0x0000000602a00000|  0%| F|  |TAMS 0x0000000602800000, 0x0000000602800000| Untracked 
|  21|0x0000000602a00000, 0x0000000602a00000, 0x0000000602c00000|  0%| F|  |TAMS 0x0000000602a00000, 0x0000000602a00000| Untracked 
|  22|0x0000000602c00000, 0x0000000602c00000, 0x0000000602e00000|  0%| F|  |TAMS 0x0000000602c00000, 0x0000000602c00000| Untracked 
|  23|0x0000000602e00000, 0x0000000602e00000, 0x0000000603000000|  0%| F|  |TAMS 0x0000000602e00000, 0x0000000602e00000| Untracked 
|  24|0x0000000603000000, 0x0000000603000000, 0x0000000603200000|  0%| F|  |TAMS 0x0000000603000000, 0x0000000603000000| Untracked 
|  25|0x0000000603200000, 0x0000000603200000, 0x0000000603400000|  0%| F|  |TAMS 0x0000000603200000, 0x0000000603200000| Untracked 
|  26|0x0000000603400000, 0x0000000603400000, 0x0000000603600000|  0%| F|  |TAMS 0x0000000603400000, 0x0000000603400000| Untracked 
|  27|0x0000000603600000, 0x0000000603600000, 0x0000000603800000|  0%| F|  |TAMS 0x0000000603600000, 0x0000000603600000| Untracked 
|  28|0x0000000603800000, 0x0000000603800000, 0x0000000603a00000|  0%| F|  |TAMS 0x0000000603800000, 0x0000000603800000| Untracked 
|  29|0x0000000603a00000, 0x0000000603a00000, 0x0000000603c00000|  0%| F|  |TAMS 0x0000000603a00000, 0x0000000603a00000| Untracked 
|  30|0x0000000603c00000, 0x0000000603c00000, 0x0000000603e00000|  0%| F|  |TAMS 0x0000000603c00000, 0x0000000603c00000| Untracked 
|  31|0x0000000603e00000, 0x0000000603e00000, 0x0000000604000000|  0%| F|  |TAMS 0x0000000603e00000, 0x0000000603e00000| Untracked 
|  32|0x0000000604000000, 0x0000000604000000, 0x0000000604200000|  0%| F|  |TAMS 0x0000000604000000, 0x0000000604000000| Untracked 
|  33|0x0000000604200000, 0x0000000604200000, 0x0000000604400000|  0%| F|  |TAMS 0x0000000604200000, 0x0000000604200000| Untracked 
|  34|0x0000000604400000, 0x0000000604400000, 0x0000000604600000|  0%| F|  |TAMS 0x0000000604400000, 0x0000000604400000| Untracked 
|  35|0x0000000604600000, 0x0000000604600000, 0x0000000604800000|  0%| F|  |TAMS 0x0000000604600000, 0x0000000604600000| Untracked 
|  36|0x0000000604800000, 0x0000000604800000, 0x0000000604a00000|  0%| F|  |TAMS 0x0000000604800000, 0x0000000604800000| Untracked 
|  37|0x0000000604a00000, 0x0000000604a00000, 0x0000000604c00000|  0%| F|  |TAMS 0x0000000604a00000, 0x0000000604a00000| Untracked 
|  38|0x0000000604c00000, 0x0000000604c00000, 0x0000000604e00000|  0%| F|  |TAMS 0x0000000604c00000, 0x0000000604c00000| Untracked 
|  39|0x0000000604e00000, 0x0000000604e00000, 0x0000000605000000|  0%| F|  |TAMS 0x0000000604e00000, 0x0000000604e00000| Untracked 
|  40|0x0000000605000000, 0x0000000605000000, 0x0000000605200000|  0%| F|  |TAMS 0x0000000605000000, 0x0000000605000000| Untracked 
|  41|0x0000000605200000, 0x0000000605200000, 0x0000000605400000|  0%| F|  |TAMS 0x0000000605200000, 0x0000000605200000| Untracked 
|  42|0x0000000605400000, 0x0000000605400000, 0x0000000605600000|  0%| F|  |TAMS 0x0000000605400000, 0x0000000605400000| Untracked 
|  43|0x0000000605600000, 0x0000000605600000, 0x0000000605800000|  0%| F|  |TAMS 0x0000000605600000, 0x0000000605600000| Untracked 
|  44|0x0000000605800000, 0x0000000605800000, 0x0000000605a00000|  0%| F|  |TAMS 0x0000000605800000, 0x0000000605800000| Untracked 
|  45|0x0000000605a00000, 0x0000000605a00000, 0x0000000605c00000|  0%| F|  |TAMS 0x0000000605a00000, 0x0000000605a00000| Untracked 
|  46|0x0000000605c00000, 0x0000000605c00000, 0x0000000605e00000|  0%| F|  |TAMS 0x0000000605c00000, 0x0000000605c00000| Untracked 
|  47|0x0000000605e00000, 0x0000000605e00000, 0x0000000606000000|  0%| F|  |TAMS 0x0000000605e00000, 0x0000000605e00000| Untracked 
|  48|0x0000000606000000, 0x0000000606000000, 0x0000000606200000|  0%| F|  |TAMS 0x0000000606000000, 0x0000000606000000| Untracked 
|  49|0x0000000606200000, 0x0000000606200000, 0x0000000606400000|  0%| F|  |TAMS 0x0000000606200000, 0x0000000606200000| Untracked 
|  50|0x0000000606400000, 0x0000000606400000, 0x0000000606600000|  0%| F|  |TAMS 0x0000000606400000, 0x0000000606400000| Untracked 
|  51|0x0000000606600000, 0x0000000606600000, 0x0000000606800000|  0%| F|  |TAMS 0x0000000606600000, 0x0000000606600000| Untracked 
|  52|0x0000000606800000, 0x0000000606800000, 0x0000000606a00000|  0%| F|  |TAMS 0x0000000606800000, 0x0000000606800000| Untracked 
|  53|0x0000000606a00000, 0x0000000606a00000, 0x0000000606c00000|  0%| F|  |TAMS 0x0000000606a00000, 0x0000000606a00000| Untracked 
|  54|0x0000000606c00000, 0x0000000606c00000, 0x0000000606e00000|  0%| F|  |TAMS 0x0000000606c00000, 0x0000000606c00000| Untracked 
|  55|0x0000000606e00000, 0x0000000606e00000, 0x0000000607000000|  0%| F|  |TAMS 0x0000000606e00000, 0x0000000606e00000| Untracked 
|  56|0x0000000607000000, 0x0000000607000000, 0x0000000607200000|  0%| F|  |TAMS 0x0000000607000000, 0x0000000607000000| Untracked 
|  57|0x0000000607200000, 0x0000000607200000, 0x0000000607400000|  0%| F|  |TAMS 0x0000000607200000, 0x0000000607200000| Untracked 
|  58|0x0000000607400000, 0x0000000607400000, 0x0000000607600000|  0%| F|  |TAMS 0x0000000607400000, 0x0000000607400000| Untracked 
|  59|0x0000000607600000, 0x0000000607600000, 0x0000000607800000|  0%| F|  |TAMS 0x0000000607600000, 0x0000000607600000| Untracked 
|  60|0x0000000607800000, 0x0000000607800000, 0x0000000607a00000|  0%| F|  |TAMS 0x0000000607800000, 0x0000000607800000| Untracked 
|  61|0x0000000607a00000, 0x0000000607a00000, 0x0000000607c00000|  0%| F|  |TAMS 0x0000000607a00000, 0x0000000607a00000| Untracked 
|  62|0x0000000607c00000, 0x0000000607c00000, 0x0000000607e00000|  0%| F|  |TAMS 0x0000000607c00000, 0x0000000607c00000| Untracked 
|  63|0x0000000607e00000, 0x0000000607e00000, 0x0000000608000000|  0%| F|  |TAMS 0x0000000607e00000, 0x0000000607e00000| Untracked 
|  64|0x0000000608000000, 0x0000000608000000, 0x0000000608200000|  0%| F|  |TAMS 0x0000000608000000, 0x0000000608000000| Untracked 
|  65|0x0000000608200000, 0x0000000608200000, 0x0000000608400000|  0%| F|  |TAMS 0x0000000608200000, 0x0000000608200000| Untracked 
|  66|0x0000000608400000, 0x0000000608400000, 0x0000000608600000|  0%| F|  |TAMS 0x0000000608400000, 0x0000000608400000| Untracked 
|  67|0x0000000608600000, 0x0000000608600000, 0x0000000608800000|  0%| F|  |TAMS 0x0000000608600000, 0x0000000608600000| Untracked 
|  68|0x0000000608800000, 0x0000000608800000, 0x0000000608a00000|  0%| F|  |TAMS 0x0000000608800000, 0x0000000608800000| Untracked 
|  69|0x0000000608a00000, 0x0000000608a00000, 0x0000000608c00000|  0%| F|  |TAMS 0x0000000608a00000, 0x0000000608a00000| Untracked 
|  70|0x0000000608c00000, 0x0000000608c00000, 0x0000000608e00000|  0%| F|  |TAMS 0x0000000608c00000, 0x0000000608c00000| Untracked 
|  71|0x0000000608e00000, 0x0000000608e00000, 0x0000000609000000|  0%| F|  |TAMS 0x0000000608e00000, 0x0000000608e00000| Untracked 
|  72|0x0000000609000000, 0x0000000609000000, 0x0000000609200000|  0%| F|  |TAMS 0x0000000609000000, 0x0000000609000000| Untracked 
|  73|0x0000000609200000, 0x0000000609200000, 0x0000000609400000|  0%| F|  |TAMS 0x0000000609200000, 0x0000000609200000| Untracked 
|  74|0x0000000609400000, 0x0000000609400000, 0x0000000609600000|  0%| F|  |TAMS 0x0000000609400000, 0x0000000609400000| Untracked 
|  75|0x0000000609600000, 0x0000000609600000, 0x0000000609800000|  0%| F|  |TAMS 0x0000000609600000, 0x0000000609600000| Untracked 
|  76|0x0000000609800000, 0x0000000609800000, 0x0000000609a00000|  0%| F|  |TAMS 0x0000000609800000, 0x0000000609800000| Untracked 
|  77|0x0000000609a00000, 0x0000000609a00000, 0x0000000609c00000|  0%| F|  |TAMS 0x0000000609a00000, 0x0000000609a00000| Untracked 
|  78|0x0000000609c00000, 0x0000000609c00000, 0x0000000609e00000|  0%| F|  |TAMS 0x0000000609c00000, 0x0000000609c00000| Untracked 
|  79|0x0000000609e00000, 0x0000000609e00000, 0x000000060a000000|  0%| F|  |TAMS 0x0000000609e00000, 0x0000000609e00000| Untracked 
|  80|0x000000060a000000, 0x000000060a000000, 0x000000060a200000|  0%| F|  |TAMS 0x000000060a000000, 0x000000060a000000| Untracked 
|  81|0x000000060a200000, 0x000000060a200000, 0x000000060a400000|  0%| F|  |TAMS 0x000000060a200000, 0x000000060a200000| Untracked 
|  82|0x000000060a400000, 0x000000060a400000, 0x000000060a600000|  0%| F|  |TAMS 0x000000060a400000, 0x000000060a400000| Untracked 
|  83|0x000000060a600000, 0x000000060a600000, 0x000000060a800000|  0%| F|  |TAMS 0x000000060a600000, 0x000000060a600000| Untracked 
|  84|0x000000060a800000, 0x000000060a800000, 0x000000060aa00000|  0%| F|  |TAMS 0x000000060a800000, 0x000000060a800000| Untracked 
|  85|0x000000060aa00000, 0x000000060aa00000, 0x000000060ac00000|  0%| F|  |TAMS 0x000000060aa00000, 0x000000060aa00000| Untracked 
|  86|0x000000060ac00000, 0x000000060ac00000, 0x000000060ae00000|  0%| F|  |TAMS 0x000000060ac00000, 0x000000060ac00000| Untracked 
|  87|0x000000060ae00000, 0x000000060ae00000, 0x000000060b000000|  0%| F|  |TAMS 0x000000060ae00000, 0x000000060ae00000| Untracked 
|  88|0x000000060b000000, 0x000000060b000000, 0x000000060b200000|  0%| F|  |TAMS 0x000000060b000000, 0x000000060b000000| Untracked 
|  89|0x000000060b200000, 0x000000060b200000, 0x000000060b400000|  0%| F|  |TAMS 0x000000060b200000, 0x000000060b200000| Untracked 
|  90|0x000000060b400000, 0x000000060b400000, 0x000000060b600000|  0%| F|  |TAMS 0x000000060b400000, 0x000000060b400000| Untracked 
|  91|0x000000060b600000, 0x000000060b600000, 0x000000060b800000|  0%| F|  |TAMS 0x000000060b600000, 0x000000060b600000| Untracked 
|  92|0x000000060b800000, 0x000000060b800000, 0x000000060ba00000|  0%| F|  |TAMS 0x000000060b800000, 0x000000060b800000| Untracked 
|  93|0x000000060ba00000, 0x000000060ba00000, 0x000000060bc00000|  0%| F|  |TAMS 0x000000060ba00000, 0x000000060ba00000| Untracked 
|  94|0x000000060bc00000, 0x000000060bc00000, 0x000000060be00000|  0%| F|  |TAMS 0x000000060bc00000, 0x000000060bc00000| Untracked 
|  95|0x000000060be00000, 0x000000060be00000, 0x000000060c000000|  0%| F|  |TAMS 0x000000060be00000, 0x000000060be00000| Untracked 
|  96|0x000000060c000000, 0x000000060c000000, 0x000000060c200000|  0%| F|  |TAMS 0x000000060c000000, 0x000000060c000000| Untracked 
|  97|0x000000060c200000, 0x000000060c200000, 0x000000060c400000|  0%| F|  |TAMS 0x000000060c200000, 0x000000060c200000| Untracked 
|  98|0x000000060c400000, 0x000000060c400000, 0x000000060c600000|  0%| F|  |TAMS 0x000000060c400000, 0x000000060c400000| Untracked 
|  99|0x000000060c600000, 0x000000060c600000, 0x000000060c800000|  0%| F|  |TAMS 0x000000060c600000, 0x000000060c600000| Untracked 
| 100|0x000000060c800000, 0x000000060c800000, 0x000000060ca00000|  0%| F|  |TAMS 0x000000060c800000, 0x000000060c800000| Untracked 
| 101|0x000000060ca00000, 0x000000060ca00000, 0x000000060cc00000|  0%| F|  |TAMS 0x000000060ca00000, 0x000000060ca00000| Untracked 
| 102|0x000000060cc00000, 0x000000060cc00000, 0x000000060ce00000|  0%| F|  |TAMS 0x000000060cc00000, 0x000000060cc00000| Untracked 
| 103|0x000000060ce00000, 0x000000060ce00000, 0x000000060d000000|  0%| F|  |TAMS 0x000000060ce00000, 0x000000060ce00000| Untracked 
| 104|0x000000060d000000, 0x000000060d000000, 0x000000060d200000|  0%| F|  |TAMS 0x000000060d000000, 0x000000060d000000| Untracked 
| 105|0x000000060d200000, 0x000000060d200000, 0x000000060d400000|  0%| F|  |TAMS 0x000000060d200000, 0x000000060d200000| Untracked 
| 106|0x000000060d400000, 0x000000060d400000, 0x000000060d600000|  0%| F|  |TAMS 0x000000060d400000, 0x000000060d400000| Untracked 
| 107|0x000000060d600000, 0x000000060d600000, 0x000000060d800000|  0%| F|  |TAMS 0x000000060d600000, 0x000000060d600000| Untracked 
| 108|0x000000060d800000, 0x000000060d800000, 0x000000060da00000|  0%| F|  |TAMS 0x000000060d800000, 0x000000060d800000| Untracked 
| 109|0x000000060da00000, 0x000000060da00000, 0x000000060dc00000|  0%| F|  |TAMS 0x000000060da00000, 0x000000060da00000| Untracked 
| 110|0x000000060dc00000, 0x000000060dc00000, 0x000000060de00000|  0%| F|  |TAMS 0x000000060dc00000, 0x000000060dc00000| Untracked 
| 111|0x000000060de00000, 0x000000060de00000, 0x000000060e000000|  0%| F|  |TAMS 0x000000060de00000, 0x000000060de00000| Untracked 
| 112|0x000000060e000000, 0x000000060e000000, 0x000000060e200000|  0%| F|  |TAMS 0x000000060e000000, 0x000000060e000000| Untracked 
| 113|0x000000060e200000, 0x000000060e200000, 0x000000060e400000|  0%| F|  |TAMS 0x000000060e200000, 0x000000060e200000| Untracked 
| 114|0x000000060e400000, 0x000000060e400000, 0x000000060e600000|  0%| F|  |TAMS 0x000000060e400000, 0x000000060e400000| Untracked 
| 115|0x000000060e600000, 0x000000060e600000, 0x000000060e800000|  0%| F|  |TAMS 0x000000060e600000, 0x000000060e600000| Untracked 
| 116|0x000000060e800000, 0x000000060e800000, 0x000000060ea00000|  0%| F|  |TAMS 0x000000060e800000, 0x000000060e800000| Untracked 
| 117|0x000000060ea00000, 0x000000060ea00000, 0x000000060ec00000|  0%| F|  |TAMS 0x000000060ea00000, 0x000000060ea00000| Untracked 
| 118|0x000000060ec00000, 0x000000060ec00000, 0x000000060ee00000|  0%| F|  |TAMS 0x000000060ec00000, 0x000000060ec00000| Untracked 
| 119|0x000000060ee00000, 0x000000060ee00000, 0x000000060f000000|  0%| F|  |TAMS 0x000000060ee00000, 0x000000060ee00000| Untracked 
| 120|0x000000060f000000, 0x000000060f000000, 0x000000060f200000|  0%| F|  |TAMS 0x000000060f000000, 0x000000060f000000| Untracked 
| 121|0x000000060f200000, 0x000000060f200000, 0x000000060f400000|  0%| F|  |TAMS 0x000000060f200000, 0x000000060f200000| Untracked 
| 122|0x000000060f400000, 0x000000060f400000, 0x000000060f600000|  0%| F|  |TAMS 0x000000060f400000, 0x000000060f400000| Untracked 
| 123|0x000000060f600000, 0x000000060f600000, 0x000000060f800000|  0%| F|  |TAMS 0x000000060f600000, 0x000000060f600000| Untracked 
| 124|0x000000060f800000, 0x000000060f800000, 0x000000060fa00000|  0%| F|  |TAMS 0x000000060f800000, 0x000000060f800000| Untracked 
| 125|0x000000060fa00000, 0x000000060fa00000, 0x000000060fc00000|  0%| F|  |TAMS 0x000000060fa00000, 0x000000060fa00000| Untracked 
| 126|0x000000060fc00000, 0x000000060fc00000, 0x000000060fe00000|  0%| F|  |TAMS 0x000000060fc00000, 0x000000060fc00000| Untracked 
| 127|0x000000060fe00000, 0x000000060fe00000, 0x0000000610000000|  0%| F|  |TAMS 0x000000060fe00000, 0x000000060fe00000| Untracked 
| 128|0x0000000610000000, 0x0000000610000000, 0x0000000610200000|  0%| F|  |TAMS 0x0000000610000000, 0x0000000610000000| Untracked 
| 129|0x0000000610200000, 0x0000000610200000, 0x0000000610400000|  0%| F|  |TAMS 0x0000000610200000, 0x0000000610200000| Untracked 
| 130|0x0000000610400000, 0x0000000610400000, 0x0000000610600000|  0%| F|  |TAMS 0x0000000610400000, 0x0000000610400000| Untracked 
| 131|0x0000000610600000, 0x0000000610600000, 0x0000000610800000|  0%| F|  |TAMS 0x0000000610600000, 0x0000000610600000| Untracked 
| 132|0x0000000610800000, 0x0000000610800000, 0x0000000610a00000|  0%| F|  |TAMS 0x0000000610800000, 0x0000000610800000| Untracked 
| 133|0x0000000610a00000, 0x0000000610a00000, 0x0000000610c00000|  0%| F|  |TAMS 0x0000000610a00000, 0x0000000610a00000| Untracked 
| 134|0x0000000610c00000, 0x0000000610c00000, 0x0000000610e00000|  0%| F|  |TAMS 0x0000000610c00000, 0x0000000610c00000| Untracked 
| 135|0x0000000610e00000, 0x0000000610e00000, 0x0000000611000000|  0%| F|  |TAMS 0x0000000610e00000, 0x0000000610e00000| Untracked 
| 136|0x0000000611000000, 0x0000000611000000, 0x0000000611200000|  0%| F|  |TAMS 0x0000000611000000, 0x0000000611000000| Untracked 
| 137|0x0000000611200000, 0x0000000611200000, 0x0000000611400000|  0%| F|  |TAMS 0x0000000611200000, 0x0000000611200000| Untracked 
| 138|0x0000000611400000, 0x0000000611400000, 0x0000000611600000|  0%| F|  |TAMS 0x0000000611400000, 0x0000000611400000| Untracked 
| 139|0x0000000611600000, 0x0000000611600000, 0x0000000611800000|  0%| F|  |TAMS 0x0000000611600000, 0x0000000611600000| Untracked 
| 140|0x0000000611800000, 0x0000000611800000, 0x0000000611a00000|  0%| F|  |TAMS 0x0000000611800000, 0x0000000611800000| Untracked 
| 141|0x0000000611a00000, 0x0000000611a00000, 0x0000000611c00000|  0%| F|  |TAMS 0x0000000611a00000, 0x0000000611a00000| Untracked 
| 142|0x0000000611c00000, 0x0000000611c00000, 0x0000000611e00000|  0%| F|  |TAMS 0x0000000611c00000, 0x0000000611c00000| Untracked 
| 143|0x0000000611e00000, 0x0000000611e00000, 0x0000000612000000|  0%| F|  |TAMS 0x0000000611e00000, 0x0000000611e00000| Untracked 
| 144|0x0000000612000000, 0x0000000612000000, 0x0000000612200000|  0%| F|  |TAMS 0x0000000612000000, 0x0000000612000000| Untracked 
| 145|0x0000000612200000, 0x0000000612200000, 0x0000000612400000|  0%| F|  |TAMS 0x0000000612200000, 0x0000000612200000| Untracked 
| 146|0x0000000612400000, 0x0000000612400000, 0x0000000612600000|  0%| F|  |TAMS 0x0000000612400000, 0x0000000612400000| Untracked 
| 147|0x0000000612600000, 0x0000000612600000, 0x0000000612800000|  0%| F|  |TAMS 0x0000000612600000, 0x0000000612600000| Untracked 
| 148|0x0000000612800000, 0x0000000612800000, 0x0000000612a00000|  0%| F|  |TAMS 0x0000000612800000, 0x0000000612800000| Untracked 
| 149|0x0000000612a00000, 0x0000000612a00000, 0x0000000612c00000|  0%| F|  |TAMS 0x0000000612a00000, 0x0000000612a00000| Untracked 
| 150|0x0000000612c00000, 0x0000000612c00000, 0x0000000612e00000|  0%| F|  |TAMS 0x0000000612c00000, 0x0000000612c00000| Untracked 
| 151|0x0000000612e00000, 0x0000000612e00000, 0x0000000613000000|  0%| F|  |TAMS 0x0000000612e00000, 0x0000000612e00000| Untracked 
| 152|0x0000000613000000, 0x0000000613000000, 0x0000000613200000|  0%| F|  |TAMS 0x0000000613000000, 0x0000000613000000| Untracked 
| 153|0x0000000613200000, 0x0000000613200000, 0x0000000613400000|  0%| F|  |TAMS 0x0000000613200000, 0x0000000613200000| Untracked 
| 154|0x0000000613400000, 0x0000000613400000, 0x0000000613600000|  0%| F|  |TAMS 0x0000000613400000, 0x0000000613400000| Untracked 
| 155|0x0000000613600000, 0x0000000613600000, 0x0000000613800000|  0%| F|  |TAMS 0x0000000613600000, 0x0000000613600000| Untracked 
| 156|0x0000000613800000, 0x0000000613800000, 0x0000000613a00000|  0%| F|  |TAMS 0x0000000613800000, 0x0000000613800000| Untracked 
| 157|0x0000000613a00000, 0x0000000613a00000, 0x0000000613c00000|  0%| F|  |TAMS 0x0000000613a00000, 0x0000000613a00000| Untracked 
| 158|0x0000000613c00000, 0x0000000613c00000, 0x0000000613e00000|  0%| F|  |TAMS 0x0000000613c00000, 0x0000000613c00000| Untracked 
| 159|0x0000000613e00000, 0x0000000613e00000, 0x0000000614000000|  0%| F|  |TAMS 0x0000000613e00000, 0x0000000613e00000| Untracked 
| 160|0x0000000614000000, 0x0000000614000000, 0x0000000614200000|  0%| F|  |TAMS 0x0000000614000000, 0x0000000614000000| Untracked 
| 161|0x0000000614200000, 0x0000000614200000, 0x0000000614400000|  0%| F|  |TAMS 0x0000000614200000, 0x0000000614200000| Untracked 
| 162|0x0000000614400000, 0x0000000614400000, 0x0000000614600000|  0%| F|  |TAMS 0x0000000614400000, 0x0000000614400000| Untracked 
| 163|0x0000000614600000, 0x0000000614600000, 0x0000000614800000|  0%| F|  |TAMS 0x0000000614600000, 0x0000000614600000| Untracked 
| 164|0x0000000614800000, 0x0000000614800000, 0x0000000614a00000|  0%| F|  |TAMS 0x0000000614800000, 0x0000000614800000| Untracked 
| 165|0x0000000614a00000, 0x0000000614a00000, 0x0000000614c00000|  0%| F|  |TAMS 0x0000000614a00000, 0x0000000614a00000| Untracked 
| 166|0x0000000614c00000, 0x0000000614c00000, 0x0000000614e00000|  0%| F|  |TAMS 0x0000000614c00000, 0x0000000614c00000| Untracked 
| 167|0x0000000614e00000, 0x0000000614e00000, 0x0000000615000000|  0%| F|  |TAMS 0x0000000614e00000, 0x0000000614e00000| Untracked 
| 168|0x0000000615000000, 0x0000000615000000, 0x0000000615200000|  0%| F|  |TAMS 0x0000000615000000, 0x0000000615000000| Untracked 
| 169|0x0000000615200000, 0x0000000615200000, 0x0000000615400000|  0%| F|  |TAMS 0x0000000615200000, 0x0000000615200000| Untracked 
| 170|0x0000000615400000, 0x0000000615400000, 0x0000000615600000|  0%| F|  |TAMS 0x0000000615400000, 0x0000000615400000| Untracked 
| 171|0x0000000615600000, 0x0000000615600000, 0x0000000615800000|  0%| F|  |TAMS 0x0000000615600000, 0x0000000615600000| Untracked 
| 172|0x0000000615800000, 0x0000000615800000, 0x0000000615a00000|  0%| F|  |TAMS 0x0000000615800000, 0x0000000615800000| Untracked 
| 173|0x0000000615a00000, 0x0000000615a00000, 0x0000000615c00000|  0%| F|  |TAMS 0x0000000615a00000, 0x0000000615a00000| Untracked 
| 174|0x0000000615c00000, 0x0000000615c00000, 0x0000000615e00000|  0%| F|  |TAMS 0x0000000615c00000, 0x0000000615c00000| Untracked 
| 175|0x0000000615e00000, 0x0000000615e00000, 0x0000000616000000|  0%| F|  |TAMS 0x0000000615e00000, 0x0000000615e00000| Untracked 
| 176|0x0000000616000000, 0x0000000616000000, 0x0000000616200000|  0%| F|  |TAMS 0x0000000616000000, 0x0000000616000000| Untracked 
| 177|0x0000000616200000, 0x0000000616200000, 0x0000000616400000|  0%| F|  |TAMS 0x0000000616200000, 0x0000000616200000| Untracked 
| 178|0x0000000616400000, 0x0000000616400000, 0x0000000616600000|  0%| F|  |TAMS 0x0000000616400000, 0x0000000616400000| Untracked 
| 179|0x0000000616600000, 0x0000000616600000, 0x0000000616800000|  0%| F|  |TAMS 0x0000000616600000, 0x0000000616600000| Untracked 
| 180|0x0000000616800000, 0x0000000616800000, 0x0000000616a00000|  0%| F|  |TAMS 0x0000000616800000, 0x0000000616800000| Untracked 
| 181|0x0000000616a00000, 0x0000000616a00000, 0x0000000616c00000|  0%| F|  |TAMS 0x0000000616a00000, 0x0000000616a00000| Untracked 
| 182|0x0000000616c00000, 0x0000000616c00000, 0x0000000616e00000|  0%| F|  |TAMS 0x0000000616c00000, 0x0000000616c00000| Untracked 
| 183|0x0000000616e00000, 0x0000000616e00000, 0x0000000617000000|  0%| F|  |TAMS 0x0000000616e00000, 0x0000000616e00000| Untracked 
| 184|0x0000000617000000, 0x0000000617000000, 0x0000000617200000|  0%| F|  |TAMS 0x0000000617000000, 0x0000000617000000| Untracked 
| 185|0x0000000617200000, 0x0000000617200000, 0x0000000617400000|  0%| F|  |TAMS 0x0000000617200000, 0x0000000617200000| Untracked 
| 186|0x0000000617400000, 0x0000000617400000, 0x0000000617600000|  0%| F|  |TAMS 0x0000000617400000, 0x0000000617400000| Untracked 
| 187|0x0000000617600000, 0x0000000617600000, 0x0000000617800000|  0%| F|  |TAMS 0x0000000617600000, 0x0000000617600000| Untracked 
| 188|0x0000000617800000, 0x0000000617800000, 0x0000000617a00000|  0%| F|  |TAMS 0x0000000617800000, 0x0000000617800000| Untracked 
| 189|0x0000000617a00000, 0x0000000617a00000, 0x0000000617c00000|  0%| F|  |TAMS 0x0000000617a00000, 0x0000000617a00000| Untracked 
| 190|0x0000000617c00000, 0x0000000617c00000, 0x0000000617e00000|  0%| F|  |TAMS 0x0000000617c00000, 0x0000000617c00000| Untracked 
| 191|0x0000000617e00000, 0x0000000617e00000, 0x0000000618000000|  0%| F|  |TAMS 0x0000000617e00000, 0x0000000617e00000| Untracked 
| 192|0x0000000618000000, 0x0000000618000000, 0x0000000618200000|  0%| F|  |TAMS 0x0000000618000000, 0x0000000618000000| Untracked 
| 193|0x0000000618200000, 0x0000000618200000, 0x0000000618400000|  0%| F|  |TAMS 0x0000000618200000, 0x0000000618200000| Untracked 
| 194|0x0000000618400000, 0x0000000618400000, 0x0000000618600000|  0%| F|  |TAMS 0x0000000618400000, 0x0000000618400000| Untracked 
| 195|0x0000000618600000, 0x0000000618600000, 0x0000000618800000|  0%| F|  |TAMS 0x0000000618600000, 0x0000000618600000| Untracked 
| 196|0x0000000618800000, 0x0000000618800000, 0x0000000618a00000|  0%| F|  |TAMS 0x0000000618800000, 0x0000000618800000| Untracked 
| 197|0x0000000618a00000, 0x0000000618a00000, 0x0000000618c00000|  0%| F|  |TAMS 0x0000000618a00000, 0x0000000618a00000| Untracked 
| 198|0x0000000618c00000, 0x0000000618c00000, 0x0000000618e00000|  0%| F|  |TAMS 0x0000000618c00000, 0x0000000618c00000| Untracked 
| 199|0x0000000618e00000, 0x0000000618e00000, 0x0000000619000000|  0%| F|  |TAMS 0x0000000618e00000, 0x0000000618e00000| Untracked 
| 200|0x0000000619000000, 0x0000000619000000, 0x0000000619200000|  0%| F|  |TAMS 0x0000000619000000, 0x0000000619000000| Untracked 
| 201|0x0000000619200000, 0x0000000619200000, 0x0000000619400000|  0%| F|  |TAMS 0x0000000619200000, 0x0000000619200000| Untracked 
| 202|0x0000000619400000, 0x0000000619400000, 0x0000000619600000|  0%| F|  |TAMS 0x0000000619400000, 0x0000000619400000| Untracked 
| 203|0x0000000619600000, 0x0000000619600000, 0x0000000619800000|  0%| F|  |TAMS 0x0000000619600000, 0x0000000619600000| Untracked 
| 204|0x0000000619800000, 0x0000000619800000, 0x0000000619a00000|  0%| F|  |TAMS 0x0000000619800000, 0x0000000619800000| Untracked 
| 205|0x0000000619a00000, 0x0000000619a00000, 0x0000000619c00000|  0%| F|  |TAMS 0x0000000619a00000, 0x0000000619a00000| Untracked 
| 206|0x0000000619c00000, 0x0000000619c00000, 0x0000000619e00000|  0%| F|  |TAMS 0x0000000619c00000, 0x0000000619c00000| Untracked 
| 207|0x0000000619e00000, 0x0000000619e00000, 0x000000061a000000|  0%| F|  |TAMS 0x0000000619e00000, 0x0000000619e00000| Untracked 
| 208|0x000000061a000000, 0x000000061a000000, 0x000000061a200000|  0%| F|  |TAMS 0x000000061a000000, 0x000000061a000000| Untracked 
| 209|0x000000061a200000, 0x000000061a200000, 0x000000061a400000|  0%| F|  |TAMS 0x000000061a200000, 0x000000061a200000| Untracked 
| 210|0x000000061a400000, 0x000000061a400000, 0x000000061a600000|  0%| F|  |TAMS 0x000000061a400000, 0x000000061a400000| Untracked 
| 211|0x000000061a600000, 0x000000061a600000, 0x000000061a800000|  0%| F|  |TAMS 0x000000061a600000, 0x000000061a600000| Untracked 
| 212|0x000000061a800000, 0x000000061a800000, 0x000000061aa00000|  0%| F|  |TAMS 0x000000061a800000, 0x000000061a800000| Untracked 
| 213|0x000000061aa00000, 0x000000061aa00000, 0x000000061ac00000|  0%| F|  |TAMS 0x000000061aa00000, 0x000000061aa00000| Untracked 
| 214|0x000000061ac00000, 0x000000061ac00000, 0x000000061ae00000|  0%| F|  |TAMS 0x000000061ac00000, 0x000000061ac00000| Untracked 
| 215|0x000000061ae00000, 0x000000061ae00000, 0x000000061b000000|  0%| F|  |TAMS 0x000000061ae00000, 0x000000061ae00000| Untracked 
| 216|0x000000061b000000, 0x000000061b000000, 0x000000061b200000|  0%| F|  |TAMS 0x000000061b000000, 0x000000061b000000| Untracked 
| 217|0x000000061b200000, 0x000000061b200000, 0x000000061b400000|  0%| F|  |TAMS 0x000000061b200000, 0x000000061b200000| Untracked 
| 218|0x000000061b400000, 0x000000061b400000, 0x000000061b600000|  0%| F|  |TAMS 0x000000061b400000, 0x000000061b400000| Untracked 
| 219|0x000000061b600000, 0x000000061b600000, 0x000000061b800000|  0%| F|  |TAMS 0x000000061b600000, 0x000000061b600000| Untracked 
| 220|0x000000061b800000, 0x000000061b800000, 0x000000061ba00000|  0%| F|  |TAMS 0x000000061b800000, 0x000000061b800000| Untracked 
| 221|0x000000061ba00000, 0x000000061ba00000, 0x000000061bc00000|  0%| F|  |TAMS 0x000000061ba00000, 0x000000061ba00000| Untracked 
| 222|0x000000061bc00000, 0x000000061bc00000, 0x000000061be00000|  0%| F|  |TAMS 0x000000061bc00000, 0x000000061bc00000| Untracked 
| 223|0x000000061be00000, 0x000000061be00000, 0x000000061c000000|  0%| F|  |TAMS 0x000000061be00000, 0x000000061be00000| Untracked 
| 224|0x000000061c000000, 0x000000061c000000, 0x000000061c200000|  0%| F|  |TAMS 0x000000061c000000, 0x000000061c000000| Untracked 
| 225|0x000000061c200000, 0x000000061c200000, 0x000000061c400000|  0%| F|  |TAMS 0x000000061c200000, 0x000000061c200000| Untracked 
| 226|0x000000061c400000, 0x000000061c400000, 0x000000061c600000|  0%| F|  |TAMS 0x000000061c400000, 0x000000061c400000| Untracked 
| 227|0x000000061c600000, 0x000000061c600000, 0x000000061c800000|  0%| F|  |TAMS 0x000000061c600000, 0x000000061c600000| Untracked 
| 228|0x000000061c800000, 0x000000061c800000, 0x000000061ca00000|  0%| F|  |TAMS 0x000000061c800000, 0x000000061c800000| Untracked 
| 229|0x000000061ca00000, 0x000000061ca00000, 0x000000061cc00000|  0%| F|  |TAMS 0x000000061ca00000, 0x000000061ca00000| Untracked 
| 230|0x000000061cc00000, 0x000000061cc00000, 0x000000061ce00000|  0%| F|  |TAMS 0x000000061cc00000, 0x000000061cc00000| Untracked 
| 231|0x000000061ce00000, 0x000000061ce00000, 0x000000061d000000|  0%| F|  |TAMS 0x000000061ce00000, 0x000000061ce00000| Untracked 
| 232|0x000000061d000000, 0x000000061d000000, 0x000000061d200000|  0%| F|  |TAMS 0x000000061d000000, 0x000000061d000000| Untracked 
| 233|0x000000061d200000, 0x000000061d200000, 0x000000061d400000|  0%| F|  |TAMS 0x000000061d200000, 0x000000061d200000| Untracked 
| 234|0x000000061d400000, 0x000000061d400000, 0x000000061d600000|  0%| F|  |TAMS 0x000000061d400000, 0x000000061d400000| Untracked 
| 235|0x000000061d600000, 0x000000061d600000, 0x000000061d800000|  0%| F|  |TAMS 0x000000061d600000, 0x000000061d600000| Untracked 
| 236|0x000000061d800000, 0x000000061d800000, 0x000000061da00000|  0%| F|  |TAMS 0x000000061d800000, 0x000000061d800000| Untracked 
| 237|0x000000061da00000, 0x000000061da00000, 0x000000061dc00000|  0%| F|  |TAMS 0x000000061da00000, 0x000000061da00000| Untracked 
| 238|0x000000061dc00000, 0x000000061dc00000, 0x000000061de00000|  0%| F|  |TAMS 0x000000061dc00000, 0x000000061dc00000| Untracked 
| 239|0x000000061de00000, 0x000000061de00000, 0x000000061e000000|  0%| F|  |TAMS 0x000000061de00000, 0x000000061de00000| Untracked 
| 240|0x000000061e000000, 0x000000061e000000, 0x000000061e200000|  0%| F|  |TAMS 0x000000061e000000, 0x000000061e000000| Untracked 
| 241|0x000000061e200000, 0x000000061e200000, 0x000000061e400000|  0%| F|  |TAMS 0x000000061e200000, 0x000000061e200000| Untracked 
| 242|0x000000061e400000, 0x000000061e600000, 0x000000061e600000|100%| S|CS|TAMS 0x000000061e400000, 0x000000061e400000| Complete 
| 243|0x000000061e600000, 0x000000061e800000, 0x000000061e800000|100%| S|CS|TAMS 0x000000061e600000, 0x000000061e600000| Complete 
| 244|0x000000061e800000, 0x000000061e800000, 0x000000061ea00000|  0%| F|  |TAMS 0x000000061e800000, 0x000000061e800000| Untracked 
| 245|0x000000061ea00000, 0x000000061ea00000, 0x000000061ec00000|  0%| F|  |TAMS 0x000000061ea00000, 0x000000061ea00000| Untracked 
| 246|0x000000061ec00000, 0x000000061ec00000, 0x000000061ee00000|  0%| F|  |TAMS 0x000000061ec00000, 0x000000061ec00000| Untracked 
| 247|0x000000061ee00000, 0x000000061ef01c10, 0x000000061f000000| 50%| E|  |TAMS 0x000000061ee00000, 0x000000061ee00000| Complete 
| 248|0x000000061f000000, 0x000000061f200000, 0x000000061f200000|100%| E|CS|TAMS 0x000000061f000000, 0x000000061f000000| Complete 
| 249|0x000000061f200000, 0x000000061f400000, 0x000000061f400000|100%| E|CS|TAMS 0x000000061f200000, 0x000000061f200000| Complete 
| 250|0x000000061f400000, 0x000000061f600000, 0x000000061f600000|100%| E|CS|TAMS 0x000000061f400000, 0x000000061f400000| Complete 
| 251|0x000000061f600000, 0x000000061f800000, 0x000000061f800000|100%| E|CS|TAMS 0x000000061f600000, 0x000000061f600000| Complete 
| 252|0x000000061f800000, 0x000000061fa00000, 0x000000061fa00000|100%| E|CS|TAMS 0x000000061f800000, 0x000000061f800000| Complete 
| 253|0x000000061fa00000, 0x000000061fc00000, 0x000000061fc00000|100%| E|CS|TAMS 0x000000061fa00000, 0x000000061fa00000| Complete 
| 254|0x000000061fc00000, 0x000000061fe00000, 0x000000061fe00000|100%| E|CS|TAMS 0x000000061fc00000, 0x000000061fc00000| Complete 
| 255|0x000000061fe00000, 0x0000000620000000, 0x0000000620000000|100%| E|CS|TAMS 0x000000061fe00000, 0x000000061fe00000| Complete 

Card table byte_map: [0x000000010a3b2000,0x000000010b3b2000] _byte_map_base: 0x00000001073b2000

Marking Bits (Prev, Next): (CMBitMap*) 0x00007fbf60837a18, (CMBitMap*) 0x00007fbf60837a50
 Prev Bits: [0x00000001246a7000, 0x000000012c6a7000)
 Next Bits: [0x000000012c6a7000, 0x00000001346a7000)

Polling page: 0x0000000106b22000

Metaspace:

Usage:
  Non-class:     16.11 MB capacity,    15.90 MB ( 99%) used,   164.80 KB ( <1%) free+waste,    49.38 KB ( <1%) overhead. 
      Class:      2.10 MB capacity,     1.91 MB ( 91%) used,   168.73 KB (  8%) free+waste,    24.50 KB (  1%) overhead. 
       Both:     18.20 MB capacity,    17.81 MB ( 98%) used,   333.53 KB (  2%) free+waste,    73.88 KB ( <1%) overhead. 

Virtual space:
  Non-class space:       18.00 MB reserved,      16.25 MB ( 90%) committed 
      Class space:        1.00 GB reserved,       2.12 MB ( <1%) committed 
             Both:        1.02 GB reserved,      18.38 MB (  2%) committed 

Chunk freelists:
   Non-Class:  72.00 KB
       Class:  28.00 KB
        Both:  100.00 KB

MaxMetaspaceSize: unlimited
CompressedClassSpaceSize: 1.00 GB
Initial GC threshold: 20.80 MB
Current GC threshold: 20.80 MB
CDS: off

CodeHeap 'non-profiled nmethods': size=120032Kb used=530Kb max_used=530Kb free=119501Kb
 bounds [0x000000011d16f000, 0x000000011d3df000, 0x00000001246a7000]
CodeHeap 'profiled nmethods': size=120028Kb used=2834Kb max_used=2834Kb free=117193Kb
 bounds [0x0000000115c38000, 0x0000000115f08000, 0x000000011d16f000]
CodeHeap 'non-nmethods': size=5700Kb used=1162Kb max_used=1175Kb free=4537Kb
 bounds [0x00000001156a7000, 0x0000000115917000, 0x0000000115c38000]
 total_blobs=1949 nmethods=1528 adapters=334
 compilation: enabled
              stopped_count=0, restarted_count=0
 full_count=0

Compilation events (20 events):
Event: 0.689 Thread 0x00007fbf56815000 nmethod 1495 0x0000000115ee9290 code [0x0000000115ee9480, 0x0000000115ee9970]
Event: 0.689 Thread 0x00007fbf56815000 1494       3       java.lang.invoke.LambdaFormEditor$Transform::<init> (17 bytes)
Event: 0.689 Thread 0x00007fbf56815000 nmethod 1494 0x0000000115ee9b90 code [0x0000000115ee9d60, 0x0000000115eea150]
Event: 0.689 Thread 0x00007fbf56815000 1499       3       jdk.internal.org.objectweb.asm.ClassWriter::addType (103 bytes)
Event: 0.689 Thread 0x00007fbf56814800 nmethod 1497 0x000000011d1ef890 code [0x000000011d1efa20, 0x000000011d1efb18]
Event: 0.689 Thread 0x00007fbf56814800 1498       4       java.lang.String::regionMatches (150 bytes)
Event: 0.690 Thread 0x00007fbf56815000 nmethod 1499 0x0000000115eea290 code [0x0000000115eea4a0, 0x0000000115eeabc0]
Event: 0.690 Thread 0x00007fbf56815000 1500       3       java.util.Arrays::copyOfRange (89 bytes)
Event: 0.691 Thread 0x00007fbf56815000 nmethod 1500 0x0000000115eead90 code [0x0000000115eeb080, 0x0000000115eebfb0]
Event: 0.691 Thread 0x00007fbf56815000 1504       3       jdk.internal.org.objectweb.asm.MethodWriter::visitFrame (233 bytes)
Event: 0.691 Thread 0x00007fbf56815000 nmethod 1504 0x0000000115eec510 code [0x0000000115eec740, 0x0000000115eecf10]
Event: 0.691 Thread 0x00007fbf56815000 1503       3       java.lang.invoke.ClassSpecializer$Factory$1Var::nextIndex (18 bytes)
Event: 0.691 Thread 0x00007fbf56815000 nmethod 1503 0x0000000115eed290 code [0x0000000115eed460, 0x0000000115eed710]
Event: 0.691 Thread 0x00007fbf56815000 1507       3       java.lang.invoke.ClassSpecializer$Factory$1Var::<init> (146 bytes)
Event: 0.693 Thread 0x00007fbf56815000 nmethod 1507 0x0000000115eed890 code [0x0000000115eedca0, 0x0000000115eef5f0]
Event: 0.693 Thread 0x00007fbf56815000 1514       3       jdk.internal.org.objectweb.asm.ClassWriter::toByteArray (1423 bytes)
Event: 0.696 Thread 0x00007fbf56815000 nmethod 1514 0x0000000115eeff90 code [0x0000000115ef0880, 0x0000000115ef4540]
Event: 0.696 Thread 0x00007fbf56815000 1513       3       java.lang.invoke.ClassSpecializer$Factory$1Var::isInHeap (13 bytes)
Event: 0.696 Thread 0x00007fbf56815000 nmethod 1513 0x0000000115ef5c90 code [0x0000000115ef5e40, 0x0000000115ef5f90]
Event: 0.696 Thread 0x00007fbf56815000 1509       3       java.lang.invoke.DirectMethodHandle::preparedLambdaForm (31 bytes)

GC Heap History (2 events):
Event: 0.519 GC heap before
{Heap before GC invocations=0 (full 0):
 garbage-first heap   total 524288K, used 24576K [0x0000000600000000, 0x0000000800000000)
  region size 2048K, 12 young (24576K), 0 survivors (0K)
 Metaspace       used 13999K, capacity 14311K, committed 14592K, reserved 1062912K
  class space    used 1389K, capacity 1483K, committed 1536K, reserved 1048576K
}
Event: 0.522 GC heap after
{Heap after GC invocations=1 (full 0):
 garbage-first heap   total 524288K, used 6556K [0x0000000600000000, 0x0000000800000000)
  region size 2048K, 2 young (4096K), 2 survivors (4096K)
 Metaspace       used 13999K, capacity 14311K, committed 14592K, reserved 1062912K
  class space    used 1389K, capacity 1483K, committed 1536K, reserved 1048576K
}

Deoptimization events (20 events):
Event: 0.400 Thread 0x00007fbf60809000 Uncommon trap: trap_request=0xffffffde fr.pc=0x000000011d196460 relative=0x0000000000000dc0
Event: 0.400 Thread 0x00007fbf60809000 Uncommon trap: reason=class_check action=maybe_recompile pc=0x000000011d196460 method=java.util.HashMap.putVal(ILjava/lang/Object;Ljava/lang/Object;ZZ)Ljava/lang/Object; @ 253 c2
Event: 0.400 Thread 0x00007fbf60809000 DEOPT PACKING pc=0x000000011d196460 sp=0x000070000e35a220
Event: 0.400 Thread 0x00007fbf60809000 DEOPT UNPACKING pc=0x00000001156f0ea5 sp=0x000070000e35a178 mode 2
Event: 0.468 Thread 0x00007fbf60809000 DEOPT PACKING pc=0x0000000115c9eaa8 sp=0x000070000e35aba0
Event: 0.468 Thread 0x00007fbf60809000 DEOPT UNPACKING pc=0x00000001156f164a sp=0x000070000e35a0d8 mode 0
Event: 0.480 Thread 0x00007fbf60809000 DEOPT PACKING pc=0x0000000115c72f20 sp=0x000070000e35a9e0
Event: 0.480 Thread 0x00007fbf60809000 DEOPT UNPACKING pc=0x00000001156f164a sp=0x000070000e359f18 mode 0
Event: 0.565 Thread 0x00007fbf60809000 Uncommon trap: trap_request=0xffffff4d fr.pc=0x000000011d1c55a0 relative=0x0000000000000160
Event: 0.565 Thread 0x00007fbf60809000 Uncommon trap: reason=unstable_if action=reinterpret pc=0x000000011d1c55a0 method=java.io.UnixFileSystem.normalize(Ljava/lang/String;)Ljava/lang/String; @ 60 c2
Event: 0.565 Thread 0x00007fbf60809000 DEOPT PACKING pc=0x000000011d1c55a0 sp=0x000070000e35a5b0
Event: 0.565 Thread 0x00007fbf60809000 DEOPT UNPACKING pc=0x00000001156f0ea5 sp=0x000070000e35a558 mode 2
Event: 0.619 Thread 0x00007fbf60809000 Uncommon trap: trap_request=0xffffff4d fr.pc=0x000000011d1d39c4 relative=0x0000000000001104
Event: 0.619 Thread 0x00007fbf60809000 Uncommon trap: reason=unstable_if action=reinterpret pc=0x000000011d1d39c4 method=java.util.concurrent.ConcurrentHashMap.putVal(Ljava/lang/Object;Ljava/lang/Object;Z)Ljava/lang/Object; @ 148 c2
Event: 0.619 Thread 0x00007fbf60809000 DEOPT PACKING pc=0x000000011d1d39c4 sp=0x000070000e35ac00
Event: 0.619 Thread 0x00007fbf60809000 DEOPT UNPACKING pc=0x00000001156f0ea5 sp=0x000070000e35ab90 mode 2
Event: 0.654 Thread 0x00007fbf60809000 DEOPT PACKING pc=0x0000000115e66d20 sp=0x000070000e359dd0
Event: 0.654 Thread 0x00007fbf60809000 DEOPT UNPACKING pc=0x00000001156f164a sp=0x000070000e359308 mode 0
Event: 0.688 Thread 0x00007fbf60809000 DEOPT PACKING pc=0x0000000115e66d20 sp=0x000070000e3595c0
Event: 0.688 Thread 0x00007fbf60809000 DEOPT UNPACKING pc=0x00000001156f164a sp=0x000070000e358af8 mode 0

Classes redefined (0 events):
No events

Internal exceptions (20 events):
Event: 0.548 Thread 0x00007fbf60809000 Exception <a 'java/lang/NoSuchMethodError'{0x000000061fcdce10}: 'java.lang.Object java.lang.invoke.DirectMethodHandle$Holder.invokeSpecial(java.lang.Object, java.lang.Object, java.lang.Object, java.lang.Object, java.lang.Object, java.lang.Object, int)'> (0x000000061fcdce10) thrown at [src/hotspot/share/interpreter/linkResolver.cpp, line 773]
Event: 0.549 Thread 0x00007fbf60809000 Exception <a 'java/lang/NoSuchMethodError'{0x000000061fce6870}: 'java.lang.Object java.lang.invoke.DirectMethodHandle$Holder.invokeSpecial(java.lang.Object, java.lang.Object, java.lang.Object, java.lang.Object, java.lang.Object, java.lang.Object, java.lang.Object, int)'> (0x000000061fce6870) thrown at [src/hotspot/share/interpreter/linkResolver.cpp, line 773]
Event: 0.549 Thread 0x00007fbf60809000 Exception <a 'java/lang/NoSuchMethodError'{0x000000061fcea718}: 'java.lang.Object java.lang.invoke.Invokers$Holder.linkToTargetMethod(java.lang.Object, java.lang.Object, java.lang.Object, java.lang.Object, java.lang.Object, int, java.lang.Object)'> (0x000000061fcea718) thrown at [src/hotspot/share/interpreter/linkResolver.cpp, line 773]
Event: 0.575 Thread 0x00007fbf60809000 Exception <a 'java/lang/NoSuchMethodError'{0x000000061fa6fda8}: 'int java.lang.invoke.DirectMethodHandle$Holder.invokeVirtual(java.lang.Object, java.lang.Object)'> (0x000000061fa6fda8) thrown at [src/hotspot/share/interpreter/linkResolver.cpp, line 773]
Event: 0.586 Thread 0x00007fbf60809000 Exception <a 'java/lang/NoSuchMethodError'{0x000000061faf9a18}: 'java.lang.Object java.lang.invoke.DirectMethodHandle$Holder.invokeSpecial(java.lang.Object, java.lang.Object, java.lang.Object, java.lang.Object, int)'> (0x000000061faf9a18) thrown at [src/hotspot/share/interpreter/linkResolver.cpp, line 773]
Event: 0.586 Thread 0x00007fbf60809000 Exception <a 'java/lang/NoSuchMethodError'{0x000000061fb01c30}: 'java.lang.Object java.lang.invoke.DirectMethodHandle$Holder.invokeStatic(java.lang.Object, java.lang.Object, java.lang.Object, java.lang.Object, int)'> (0x000000061fb01c30) thrown at [src/hotspot/share/interpreter/linkResolver.cpp, line 773]
Event: 0.586 Thread 0x00007fbf60809000 Exception <a 'java/lang/NoSuchMethodError'{0x000000061fb05538}: 'java.lang.Object java.lang.invoke.DirectMethodHandle$Holder.invokeSpecial(java.lang.Object, java.lang.Object, java.lang.Object, java.lang.Object, java.lang.Object, int)'> (0x000000061fb05538) thrown at [src/hotspot/share/interpreter/linkResolver.cpp, line 773]
Event: 0.587 Thread 0x00007fbf60809000 Exception <a 'java/lang/NoSuchMethodError'{0x000000061fb0f758}: 'int java.lang.invoke.DirectMethodHandle$Holder.invokeStatic(java.lang.Object, int, java.lang.Object, java.lang.Object)'> (0x000000061fb0f758) thrown at [src/hotspot/share/interpreter/linkResolver.cpp, line 773]
Event: 0.587 Thread 0x00007fbf60809000 Exception <a 'java/lang/NoSuchMethodError'{0x000000061fb16868}: 'java.lang.Object java.lang.invoke.DirectMethodHandle$Holder.invokeStatic(java.lang.Object, int, java.lang.Object)'> (0x000000061fb16868) thrown at [src/hotspot/share/interpreter/linkResolver.cpp, line 773]
Event: 0.588 Thread 0x00007fbf60809000 Exception <a 'java/lang/NoSuchMethodError'{0x000000061fb1ae60}: 'int java.lang.invoke.DirectMethodHandle$Holder.invokeSpecialIFC(java.lang.Object, java.lang.Object, java.lang.Object, java.lang.Object)'> (0x000000061fb1ae60) thrown at [src/hotspot/share/interpreter/linkResolver.cpp, line 773]
Event: 0.607 Thread 0x00007fbf60809000 Exception <a 'java/lang/NoSuchMethodError'{0x000000061f860250}: 'void java.lang.invoke.DirectMethodHandle$Holder.invokeStaticInit(java.lang.Object, java.lang.Object)'> (0x000000061f860250) thrown at [src/hotspot/share/interpreter/linkResolver.cpp, line 773]
Event: 0.608 Thread 0x00007fbf60809000 Exception <a 'java/lang/NoSuchMethodError'{0x000000061f86c670}: 'void java.lang.invoke.DirectMethodHandle$Holder.invokeStaticInit(java.lang.Object, java.lang.Object, java.lang.Object)'> (0x000000061f86c670) thrown at [src/hotspot/share/interpreter/linkResolver.cpp, line 773]
Event: 0.615 Thread 0x00007fbf60809000 Exception <a 'java/lang/NoSuchMethodError'{0x000000061f88d248}: 'java.lang.Object java.lang.invoke.DirectMethodHandle$Holder.invokeStaticInit(java.lang.Object, java.lang.Object, java.lang.Object)'> (0x000000061f88d248) thrown at [src/hotspot/share/interpreter/linkResolver.cpp, line 773]
Event: 0.642 Thread 0x00007fbf60809000 Exception <a 'java/lang/NoSuchMethodError'{0x000000061f96e348}: 'void java.lang.invoke.DirectMethodHandle$Holder.invokeVirtual(java.lang.Object, java.lang.Object, java.lang.Object, java.lang.Object)'> (0x000000061f96e348) thrown at [src/hotspot/share/interpreter/linkResolver.cpp, line 773]
Event: 0.660 Thread 0x00007fbf60809000 Exception <a 'java/lang/NoSuchMethodError'{0x000000061f6c6080}: 'void java.lang.invoke.DirectMethodHandle$Holder.invokeSpecial(java.lang.Object, java.lang.Object, java.lang.Object, java.lang.Object, java.lang.Object)'> (0x000000061f6c6080) thrown at [src/hotspot/share/interpreter/linkResolver.cpp, line 773]
Event: 0.665 Thread 0x00007fbef600a800 Exception <a 'java/lang/NoClassDefFoundError'{0x000000061f71ab08}: javax/validation/Validation> (0x000000061f71ab08) thrown at [src/hotspot/share/classfile/systemDictionary.cpp, line 219]
Event: 0.680 Thread 0x00007fbef600a800 Exception <a 'java/lang/NoSuchMethodError'{0x000000061f5444a0}: 'int java.lang.invoke.DirectMethodHandle$Holder.invokeInterface(java.lang.Object, java.lang.Object)'> (0x000000061f5444a0) thrown at [src/hotspot/share/interpreter/linkResolver.cpp, line 773]
Event: 0.684 Thread 0x00007fbef600a800 Exception <a 'java/lang/NoSuchMethodError'{0x000000061f579608}: 'java.lang.Object java.lang.invoke.DirectMethodHandle$Holder.invokeStaticInit(java.lang.Object, java.lang.Object, java.lang.Object, java.lang.Object, java.lang.Object)'> (0x000000061f579608) thrown at [src/hotspot/share/interpreter/linkResolver.cpp, line 773]
Event: 0.689 Thread 0x00007fbef600a800 Exception <a 'java/lang/NoSuchMethodError'{0x000000061f5e4c90}: 'java.lang.Object java.lang.invoke.DirectMethodHandle$Holder.invokeSpecial(java.lang.Object, java.lang.Object, int, int, java.lang.Object, java.lang.Object, java.lang.Object)'> (0x000000061f5e4c90) thrown at [src/hotspot/share/interpreter/linkResolver.cpp, line 773]
Event: 0.690 Thread 0x00007fbef600a800 Exception <a 'java/lang/NoSuchMethodError'{0x000000061f5e8220}: 'java.lang.Object java.lang.invoke.DelegatingMethodHandle$Holder.reinvoke_L(java.lang.Object, int, int, java.lang.Object, java.lang.Object, java.lang.Object)'> (0x000000061f5e8220) thrown at [src/hotspot/share/interpreter/linkResolver.cpp, line 773]

Events (20 events):
Event: 0.695 loading class org/springframework/beans/factory/ObjectFactory done
Event: 0.695 loading class javax/xml/transform/FactoryFinder$1
Event: 0.695 loading class org/springframework/beans/factory/NoUniqueBeanDefinitionException
Event: 0.695 loading class org/springframework/beans/factory/NoUniqueBeanDefinitionException done
Event: 0.695 loading class javax/xml/transform/FactoryFinder$1 done
Event: 0.695 Executing VM operation: RevokeBias
Event: 0.695 Executing VM operation: RevokeBias done
Event: 0.695 Executing VM operation: RevokeBias
Event: 0.695 Executing VM operation: RevokeBias done
Event: 0.695 loading class org/springframework/beans/factory/support/BeanDefinitionOverrideException
Event: 0.695 loading class org/springframework/beans/factory/support/BeanDefinitionOverrideException done
Event: 0.695 Executing VM operation: RevokeBias
Event: 0.695 Executing VM operation: RevokeBias done
Event: 0.696 loading class org/springframework/beans/factory/support/DefaultListableBeanFactory$MultiElementDescriptor
Event: 0.696 loading class org/springframework/beans/factory/support/DefaultListableBeanFactory$MultiElementDescriptor done
Event: 0.696 loading class org/springframework/beans/factory/support/DefaultListableBeanFactory$NestedDependencyDescriptor
Event: 0.696 loading class org/springframework/beans/factory/support/DefaultListableBeanFactory$NestedDependencyDescriptor done
Event: 0.696 loading class com/sun/org/apache/xalan/internal/xsltc/trax/TransformerFactoryImpl
Event: 0.696 loading class org/springframework/core/OrderComparator$OrderSourceProvider
Event: 0.696 loading class org/springframework/core/OrderComparator$OrderSourceProvider done


Dynamic libraries:
0x00007fff32cce000 	/System/Library/Frameworks/Cocoa.framework/Versions/A/Cocoa
0x00007fff404c5000 	/System/Library/Frameworks/Security.framework/Versions/A/Security
0x00007fff31c33000 	/System/Library/Frameworks/ApplicationServices.framework/Versions/A/ApplicationServices
0x00007fff6cfe9000 	/usr/lib/libz.1.dylib
0x0000000106a8f000 	/Users/codytran/Library/Java/JavaVirtualMachines/corretto-11.0.18/Contents/Home/lib/jli/libjli.dylib
0x00007fff6aaad000 	/usr/lib/libSystem.B.dylib
0x00007fff30e23000 	/System/Library/Frameworks/AppKit.framework/Versions/C/AppKit
0x00007fff33652000 	/System/Library/Frameworks/CoreData.framework/Versions/A/CoreData
0x00007fff3622d000 	/System/Library/Frameworks/Foundation.framework/Versions/C/Foundation
0x00007fff64ac2000 	/System/Library/PrivateFrameworks/UIFoundation.framework/Versions/A/UIFoundation
0x00007fff5fb56000 	/System/Library/PrivateFrameworks/RemoteViewServices.framework/Versions/A/RemoteViewServices
0x00007fff6761d000 	/System/Library/PrivateFrameworks/XCTTargetBootstrap.framework/Versions/A/XCTTargetBootstrap
0x00007fff33a3d000 	/System/Library/Frameworks/CoreDisplay.framework/Versions/A/CoreDisplay
0x00007fff390e8000 	/System/Library/Frameworks/Metal.framework/Versions/A/Metal
0x00007fff4db59000 	/System/Library/PrivateFrameworks/DesktopServicesPriv.framework/Versions/A/DesktopServicesPriv
0x00007fff6bbe8000 	/usr/lib/liblangid.dylib
0x00007fff4cdee000 	/System/Library/PrivateFrameworks/CoreSVG.framework/Versions/A/CoreSVG
0x00007fff62cb2000 	/System/Library/PrivateFrameworks/SkyLight.framework/Versions/A/SkyLight
0x00007fff33ff1000 	/System/Library/Frameworks/CoreGraphics.framework/Versions/A/CoreGraphics
0x00007fff2f7f7000 	/System/Library/Frameworks/Accelerate.framework/Versions/A/Accelerate
0x00007fff6ceda000 	/usr/lib/libxml2.2.dylib
0x00007fff58ae1000 	/System/Library/PrivateFrameworks/IconServices.framework/Versions/A/IconServices
0x00007fff36a0c000 	/System/Library/Frameworks/IOSurface.framework/Versions/A/IOSurface
0x00007fff6a5d7000 	/usr/lib/libDiagnosticMessagesClient.dylib
0x00007fff4d9b3000 	/System/Library/PrivateFrameworks/DFRFoundation.framework/Versions/A/DFRFoundation
0x00007fff6b977000 	/usr/lib/libicucore.A.dylib
0x00007fff31f65000 	/System/Library/Frameworks/AudioToolbox.framework/Versions/A/AudioToolbox
0x00007fff32048000 	/System/Library/Frameworks/AudioUnit.framework/Versions/A/AudioUnit
0x00007fff6acaf000 	/usr/lib/libauto.dylib
0x00007fff4da55000 	/System/Library/PrivateFrameworks/DataDetectorsCore.framework/Versions/A/DataDetectorsCore
0x00007fff327ef000 	/System/Library/Frameworks/Carbon.framework/Versions/A/Frameworks/HIToolbox.framework/Versions/A/HIToolbox
0x00007fff3f6c1000 	/System/Library/Frameworks/QuartzCore.framework/Versions/A/QuartzCore
0x00007fff32b2e000 	/System/Library/Frameworks/Carbon.framework/Versions/A/Frameworks/SpeechRecognition.framework/Versions/A/SpeechRecognition
0x00007fff4d4c7000 	/System/Library/PrivateFrameworks/CoreUI.framework/Versions/A/CoreUI
0x00007fff330bd000 	/System/Library/Frameworks/CoreAudio.framework/Versions/A/CoreAudio
0x00007fff35eec000 	/System/Library/Frameworks/DiskArbitration.framework/Versions/A/DiskArbitration
0x00007fff5ab31000 	/System/Library/PrivateFrameworks/MultitouchSupport.framework/Versions/A/MultitouchSupport
0x00007fff6b83e000 	/usr/lib/libenergytrace.dylib
0x00007fff36966000 	/System/Library/Frameworks/IOKit.framework/Versions/A/IOKit
0x00007fff34f58000 	/System/Library/Frameworks/CoreServices.framework/Versions/A/CoreServices
0x00007fff5cce9000 	/System/Library/PrivateFrameworks/PerformanceAnalysis.framework/Versions/A/PerformanceAnalysis
0x00007fff3e6f4000 	/System/Library/Frameworks/OpenGL.framework/Versions/A/OpenGL
0x00007fff6c90d000 	/usr/lib/libobjc.A.dylib
0x00007fff32cdc000 	/System/Library/Frameworks/ColorSync.framework/Versions/A/ColorSync
0x00007fff33b70000 	/System/Library/Frameworks/CoreFoundation.framework/Versions/A/CoreFoundation
0x00007fff34674000 	/System/Library/Frameworks/CoreImage.framework/Versions/A/CoreImage
0x00007fff359cb000 	/System/Library/Frameworks/CoreText.framework/Versions/A/CoreText
0x00007fff36a9c000 	/System/Library/Frameworks/ImageIO.framework/Versions/A/ImageIO
0x00007fff6ad93000 	/usr/lib/libc++.1.dylib
0x00007fff6ae0f000 	/usr/lib/libcompression.dylib
0x00007fff6a91b000 	/usr/lib/libMobileGestalt.dylib
0x00007fff6482c000 	/System/Library/PrivateFrameworks/TextureIO.framework/Versions/A/TextureIO
0x00007fff6ac12000 	/usr/lib/libate.dylib
0x00007fff58cea000 	/System/Library/PrivateFrameworks/InternationalSupport.framework/Versions/A/InternationalSupport
0x00007fff6d8aa000 	/usr/lib/system/libcache.dylib
0x00007fff6d8b0000 	/usr/lib/system/libcommonCrypto.dylib
0x00007fff6d8bc000 	/usr/lib/system/libcompiler_rt.dylib
0x00007fff6d8c4000 	/usr/lib/system/libcopyfile.dylib
0x00007fff6d8ce000 	/usr/lib/system/libcorecrypto.dylib
0x00007fff6da6d000 	/usr/lib/system/libdispatch.dylib
0x00007fff6daae000 	/usr/lib/system/libdyld.dylib
0x00007fff6dae5000 	/usr/lib/system/libkeymgr.dylib
0x00007fff6daf3000 	/usr/lib/system/liblaunch.dylib
0x00007fff6daf4000 	/usr/lib/system/libmacho.dylib
0x00007fff6dafa000 	/usr/lib/system/libquarantine.dylib
0x00007fff6dafd000 	/usr/lib/system/libremovefile.dylib
0x00007fff6daff000 	/usr/lib/system/libsystem_asl.dylib
0x00007fff6db17000 	/usr/lib/system/libsystem_blocks.dylib
0x00007fff6db18000 	/usr/lib/system/libsystem_c.dylib
0x00007fff6dba0000 	/usr/lib/system/libsystem_configuration.dylib
0x00007fff6dba4000 	/usr/lib/system/libsystem_coreservices.dylib
0x00007fff6dba8000 	/usr/lib/system/libsystem_darwin.dylib
0x00007fff6dbb1000 	/usr/lib/system/libsystem_dnssd.dylib
0x00007fff6dbb9000 	/usr/lib/system/libsystem_featureflags.dylib
0x00007fff6dbbb000 	/usr/lib/system/libsystem_info.dylib
0x00007fff6dc36000 	/usr/lib/system/libsystem_m.dylib
0x00007fff6dc7e000 	/usr/lib/system/libsystem_malloc.dylib
0x00007fff6dca6000 	/usr/lib/system/libsystem_networkextension.dylib
0x00007fff6dcb4000 	/usr/lib/system/libsystem_notify.dylib
0x00007fff6dcd2000 	/usr/lib/system/libsystem_sandbox.dylib
0x00007fff6dcd7000 	/usr/lib/system/libsystem_secinit.dylib
0x00007fff6dc09000 	/usr/lib/system/libsystem_kernel.dylib
0x00007fff6dcbe000 	/usr/lib/system/libsystem_platform.dylib
0x00007fff6dcc7000 	/usr/lib/system/libsystem_pthread.dylib
0x00007fff6dcda000 	/usr/lib/system/libsystem_symptoms.dylib
0x00007fff6dce2000 	/usr/lib/system/libsystem_trace.dylib
0x00007fff6dcfa000 	/usr/lib/system/libunwind.dylib
0x00007fff6dd00000 	/usr/lib/system/libxpc.dylib
0x00007fff6ade6000 	/usr/lib/libc++abi.dylib
0x00007fff6bbea000 	/usr/lib/liblzma.5.dylib
0x00007fff6b865000 	/usr/lib/libfakelink.dylib
0x00007fff6ab9f000 	/usr/lib/libarchive.2.dylib
0x00007fff41576000 	/System/Library/Frameworks/SystemConfiguration.framework/Versions/A/SystemConfiguration
0x00007fff6a50a000 	/usr/lib/libCRFSuite.dylib
0x00007fff323df000 	/System/Library/Frameworks/CFNetwork.framework/Versions/A/CFNetwork
0x00007fff6ad75000 	/usr/lib/libbsm.0.dylib
0x00007fff6dae6000 	/usr/lib/system/libkxld.dylib
0x00007fff47330000 	/System/Library/PrivateFrameworks/AppleFSCompression.framework/Versions/A/AppleFSCompression
0x00007fff6b100000 	/usr/lib/libcoretls.dylib
0x00007fff6b117000 	/usr/lib/libcoretls_cfhelpers.dylib
0x00007fff6c953000 	/usr/lib/libpam.2.dylib
0x00007fff6ca88000 	/usr/lib/libsqlite3.dylib
0x00007fff6cec7000 	/usr/lib/libxar.1.dylib
0x00007fff6ad86000 	/usr/lib/libbz2.1.0.dylib
0x00007fff6b886000 	/usr/lib/libiconv.2.dylib
0x00007fff6adfc000 	/usr/lib/libcharset.1.dylib
0x00007fff6c3f0000 	/usr/lib/libnetwork.dylib
0x00007fff6c95a000 	/usr/lib/libpcap.A.dylib
0x00007fff6ab54000 	/usr/lib/libapple_nghttp2.dylib
0x00007fff3530f000 	/System/Library/Frameworks/CoreServices.framework/Versions/A/Frameworks/FSEvents.framework/Versions/A/FSEvents
0x00007fff34fdf000 	/System/Library/Frameworks/CoreServices.framework/Versions/A/Frameworks/CarbonCore.framework/Versions/A/CarbonCore
0x00007fff35553000 	/System/Library/Frameworks/CoreServices.framework/Versions/A/Frameworks/Metadata.framework/Versions/A/Metadata
0x00007fff355ec000 	/System/Library/Frameworks/CoreServices.framework/Versions/A/Frameworks/OSServices.framework/Versions/A/OSServices
0x00007fff3561a000 	/System/Library/Frameworks/CoreServices.framework/Versions/A/Frameworks/SearchKit.framework/Versions/A/SearchKit
0x00007fff34f59000 	/System/Library/Frameworks/CoreServices.framework/Versions/A/Frameworks/AE.framework/Versions/A/AE
0x00007fff35318000 	/System/Library/Frameworks/CoreServices.framework/Versions/A/Frameworks/LaunchServices.framework/Versions/A/LaunchServices
0x00007fff352c1000 	/System/Library/Frameworks/CoreServices.framework/Versions/A/Frameworks/DictionaryServices.framework/Versions/A/DictionaryServices
0x00007fff35682000 	/System/Library/Frameworks/CoreServices.framework/Versions/A/Frameworks/SharedFileList.framework/Versions/A/SharedFileList
0x00007fff3a513000 	/System/Library/Frameworks/NetFS.framework/Versions/A/NetFS
0x00007fff5b061000 	/System/Library/PrivateFrameworks/NetAuth.framework/Versions/A/NetAuth
0x00007fff679ea000 	/System/Library/PrivateFrameworks/login.framework/Versions/A/Frameworks/loginsupport.framework/Versions/A/loginsupport
0x00007fff642f7000 	/System/Library/PrivateFrameworks/TCC.framework/Versions/A/TCC
0x00007fff4bf61000 	/System/Library/PrivateFrameworks/CoreNLP.framework/Versions/A/CoreNLP
0x00007fff5a55e000 	/System/Library/PrivateFrameworks/MetadataUtilities.framework/Versions/A/MetadataUtilities
0x00007fff6bcc2000 	/usr/lib/libmecabra.dylib
0x00007fff6bc1a000 	/usr/lib/libmecab.dylib
0x00007fff6b876000 	/usr/lib/libgermantok.dylib
0x00007fff6ab3b000 	/usr/lib/libThaiTokenizer.dylib
0x00007fff6a541000 	/usr/lib/libChineseTokenizer.dylib
0x00007fff2f80f000 	/System/Library/Frameworks/Accelerate.framework/Versions/A/Frameworks/vImage.framework/Versions/A/vImage
0x00007fff30c79000 	/System/Library/Frameworks/Accelerate.framework/Versions/A/Frameworks/vecLib.framework/Versions/A/vecLib
0x00007fff30bb6000 	/System/Library/Frameworks/Accelerate.framework/Versions/A/Frameworks/vecLib.framework/Versions/A/libvMisc.dylib
0x00007fff309de000 	/System/Library/Frameworks/Accelerate.framework/Versions/A/Frameworks/vecLib.framework/Versions/A/libvDSP.dylib
0x00007fff2fe66000 	/System/Library/Frameworks/Accelerate.framework/Versions/A/Frameworks/vecLib.framework/Versions/A/libBLAS.dylib
0x00007fff305a2000 	/System/Library/Frameworks/Accelerate.framework/Versions/A/Frameworks/vecLib.framework/Versions/A/libLAPACK.dylib
0x00007fff3093e000 	/System/Library/Frameworks/Accelerate.framework/Versions/A/Frameworks/vecLib.framework/Versions/A/libLinearAlgebra.dylib
0x00007fff309cb000 	/System/Library/Frameworks/Accelerate.framework/Versions/A/Frameworks/vecLib.framework/Versions/A/libSparseBLAS.dylib
0x00007fff30954000 	/System/Library/Frameworks/Accelerate.framework/Versions/A/Frameworks/vecLib.framework/Versions/A/libQuadrature.dylib
0x00007fff300ce000 	/System/Library/Frameworks/Accelerate.framework/Versions/A/Frameworks/vecLib.framework/Versions/A/libBNNS.dylib
0x00007fff3095a000 	/System/Library/Frameworks/Accelerate.framework/Versions/A/Frameworks/vecLib.framework/Versions/A/libSparse.dylib
0x00007fff590d2000 	/System/Library/PrivateFrameworks/LanguageModeling.framework/Versions/A/LanguageModeling
0x00007fff4b911000 	/System/Library/PrivateFrameworks/CoreEmoji.framework/Versions/A/CoreEmoji
0x00007fff591f0000 	/System/Library/PrivateFrameworks/LinguisticData.framework/Versions/A/LinguisticData
0x00007fff591a1000 	/System/Library/PrivateFrameworks/Lexicon.framework/Versions/A/Lexicon
0x00007fff6adfd000 	/usr/lib/libcmph.dylib
0x00007fff3d102000 	/System/Library/Frameworks/OpenDirectory.framework/Versions/A/Frameworks/CFOpenDirectory.framework/Versions/A/CFOpenDirectory
0x00007fff3d11f000 	/System/Library/Frameworks/OpenDirectory.framework/Versions/A/OpenDirectory
0x00007fff45560000 	/System/Library/PrivateFrameworks/APFS.framework/Versions/A/APFS
0x00007fff4080f000 	/System/Library/Frameworks/SecurityFoundation.framework/Versions/A/SecurityFoundation
0x00007fff6cec3000 	/usr/lib/libutil.dylib
0x00007fff4ce46000 	/System/Library/PrivateFrameworks/CoreServicesStore.framework/Versions/A/CoreServicesStore
0x00007fff408c6000 	/System/Library/Frameworks/ServiceManagement.framework/Versions/A/ServiceManagement
0x00007fff48b00000 	/System/Library/PrivateFrameworks/BackgroundTaskManagement.framework/Versions/A/BackgroundTaskManagement
0x00007fff6cfc0000 	/usr/lib/libxslt.1.dylib
0x00007fff479a3000 	/System/Library/PrivateFrameworks/AppleSystemInfo.framework/Versions/A/AppleSystemInfo
0x00007fff36cb7000 	/System/Library/Frameworks/ImageIO.framework/Versions/A/Resources/libJPEG.dylib
0x00007fff36f76000 	/System/Library/Frameworks/ImageIO.framework/Versions/A/Resources/libTIFF.dylib
0x00007fff36f59000 	/System/Library/Frameworks/ImageIO.framework/Versions/A/Resources/libPng.dylib
0x00007fff36bf9000 	/System/Library/Frameworks/ImageIO.framework/Versions/A/Resources/libGIF.dylib
0x00007fff36bfd000 	/System/Library/Frameworks/ImageIO.framework/Versions/A/Resources/libJP2.dylib
0x00007fff36f74000 	/System/Library/Frameworks/ImageIO.framework/Versions/A/Resources/libRadiance.dylib
0x00007fff6b83f000 	/usr/lib/libexpat.1.dylib
0x00007fff4748b000 	/System/Library/PrivateFrameworks/AppleJPEG.framework/Versions/A/AppleJPEG
0x00007fff50146000 	/System/Library/PrivateFrameworks/FontServices.framework/libFontParser.dylib
0x00007fff669ec000 	/System/Library/PrivateFrameworks/WatchdogClient.framework/Versions/A/WatchdogClient
0x00007fff5872d000 	/System/Library/PrivateFrameworks/IOAccelerator.framework/Versions/A/IOAccelerator
0x00007fff39483000 	/System/Library/Frameworks/MetalPerformanceShaders.framework/Versions/A/MetalPerformanceShaders
0x00007fff54ec3000 	/System/Library/PrivateFrameworks/GPUWrangler.framework/Versions/A/GPUWrangler
0x00007fff58742000 	/System/Library/PrivateFrameworks/IOPresentment.framework/Versions/A/IOPresentment
0x00007fff4d9c6000 	/System/Library/PrivateFrameworks/DSExternalDisplay.framework/Versions/A/DSExternalDisplay
0x00007fff3da93000 	/System/Library/Frameworks/OpenGL.framework/Versions/A/Libraries/libCoreFSCache.dylib
0x00007fff391cf000 	/System/Library/Frameworks/MetalPerformanceShaders.framework/Frameworks/MPSCore.framework/Versions/A/MPSCore
0x00007fff3920d000 	/System/Library/Frameworks/MetalPerformanceShaders.framework/Frameworks/MPSImage.framework/Versions/A/MPSImage
0x00007fff392d4000 	/System/Library/Frameworks/MetalPerformanceShaders.framework/Frameworks/MPSNeuralNetwork.framework/Versions/A/MPSNeuralNetwork
0x00007fff39298000 	/System/Library/Frameworks/MetalPerformanceShaders.framework/Frameworks/MPSMatrix.framework/Versions/A/MPSMatrix
0x00007fff39433000 	/System/Library/Frameworks/MetalPerformanceShaders.framework/Frameworks/MPSRayIntersector.framework/Versions/A/MPSRayIntersector
0x00007fff392be000 	/System/Library/Frameworks/MetalPerformanceShaders.framework/Frameworks/MPSNDArray.framework/Versions/A/MPSNDArray
0x00007fff5a5ab000 	/System/Library/PrivateFrameworks/MetalTools.framework/Versions/A/MetalTools
0x00007fff4673a000 	/System/Library/PrivateFrameworks/AggregateDictionary.framework/Versions/A/AggregateDictionary
0x00007fff4b359000 	/System/Library/PrivateFrameworks/CoreAnalytics.framework/Versions/A/CoreAnalytics
0x00007fff478c2000 	/System/Library/PrivateFrameworks/AppleSauce.framework/Versions/A/AppleSauce
0x00007fff6a7fd000 	/usr/lib/libIOReport.dylib
0x00007fff35b83000 	/System/Library/Frameworks/CoreVideo.framework/Versions/A/CoreVideo
0x00007fff5633c000 	/System/Library/PrivateFrameworks/GraphVisualizer.framework/Versions/A/GraphVisualizer
0x00007fff4f68c000 	/System/Library/PrivateFrameworks/FaceCore.framework/Versions/A/FaceCore
0x00007fff3d0a9000 	/System/Library/Frameworks/OpenCL.framework/Versions/A/OpenCL
0x00007fff6a61f000 	/usr/lib/libFosl_dynamic.dylib
0x00007fff5ba81000 	/System/Library/PrivateFrameworks/OTSVG.framework/Versions/A/OTSVG
0x00007fff31d38000 	/System/Library/Frameworks/ApplicationServices.framework/Versions/A/Frameworks/ATS.framework/Versions/A/Resources/libFontRegistry.dylib
0x00007fff50317000 	/System/Library/PrivateFrameworks/FontServices.framework/libhvf.dylib
0x00007fff3da9e000 	/System/Library/Frameworks/OpenGL.framework/Versions/A/Libraries/libGFXShared.dylib
0x00007fff3dc7c000 	/System/Library/Frameworks/OpenGL.framework/Versions/A/Libraries/libGLU.dylib
0x00007fff3daa7000 	/System/Library/Frameworks/OpenGL.framework/Versions/A/Libraries/libGL.dylib
0x00007fff3dab2000 	/System/Library/Frameworks/OpenGL.framework/Versions/A/Libraries/libGLImage.dylib
0x00007fff3da90000 	/System/Library/Frameworks/OpenGL.framework/Versions/A/Libraries/libCVMSPluginSupport.dylib
0x00007fff3da99000 	/System/Library/Frameworks/OpenGL.framework/Versions/A/Libraries/libCoreVMClient.dylib
0x00007fff6c291000 	/usr/lib/libncurses.5.4.dylib
0x00007fff31c34000 	/System/Library/Frameworks/ApplicationServices.framework/Versions/A/Frameworks/ATS.framework/Versions/A/ATS
0x00007fff31e01000 	/System/Library/Frameworks/ApplicationServices.framework/Versions/A/Frameworks/ColorSyncLegacy.framework/Versions/A/ColorSyncLegacy
0x00007fff31e9f000 	/System/Library/Frameworks/ApplicationServices.framework/Versions/A/Frameworks/HIServices.framework/Versions/A/HIServices
0x00007fff31ef7000 	/System/Library/Frameworks/ApplicationServices.framework/Versions/A/Frameworks/LangAnalysis.framework/Versions/A/LangAnalysis
0x00007fff31f06000 	/System/Library/Frameworks/ApplicationServices.framework/Versions/A/Frameworks/PrintCore.framework/Versions/A/PrintCore
0x00007fff31f4c000 	/System/Library/Frameworks/ApplicationServices.framework/Versions/A/Frameworks/QD.framework/Versions/A/QD
0x00007fff31f57000 	/System/Library/Frameworks/ApplicationServices.framework/Versions/A/Frameworks/SpeechSynthesis.framework/Versions/A/SpeechSynthesis
0x00007fff31dd1000 	/System/Library/Frameworks/ApplicationServices.framework/Versions/A/Frameworks/ATSUI.framework/Versions/A/ATSUI
0x00007fff6b6d5000 	/usr/lib/libcups.2.dylib
0x00007fff3851e000 	/System/Library/Frameworks/Kerberos.framework/Versions/A/Kerberos
0x00007fff3665f000 	/System/Library/Frameworks/GSS.framework/Versions/A/GSS
0x00007fff6ca14000 	/usr/lib/libresolv.9.dylib
0x00007fff564e9000 	/System/Library/PrivateFrameworks/Heimdal.framework/Versions/A/Heimdal
0x00007fff38531000 	/System/Library/Frameworks/Kerberos.framework/Versions/A/Libraries/libHeimdalProxy.dylib
0x00007fff6b87c000 	/usr/lib/libheimdal-asn1.dylib
0x00007fff4a7f1000 	/System/Library/PrivateFrameworks/CommonAuth.framework/Versions/A/CommonAuth
0x00007fff47a40000 	/System/Library/PrivateFrameworks/AssertionServices.framework/Versions/A/AssertionServices
0x00007fff485e3000 	/System/Library/PrivateFrameworks/AudioToolboxCore.framework/Versions/A/AudioToolboxCore
0x00007fff6769a000 	/System/Library/PrivateFrameworks/caulk.framework/Versions/A/caulk
0x00007fff48bac000 	/System/Library/PrivateFrameworks/BaseBoard.framework/Versions/A/BaseBoard
0x00007fff5fce4000 	/System/Library/PrivateFrameworks/RunningBoardServices.framework/Versions/A/RunningBoardServices
0x00007fff5ccf5000 	/System/Library/PrivateFrameworks/PersistentConnection.framework/Versions/A/PersistentConnection
0x00007fff5f6dd000 	/System/Library/PrivateFrameworks/ProtocolBuffer.framework/Versions/A/ProtocolBuffer
0x00007fff4a815000 	/System/Library/PrivateFrameworks/CommonUtilities.framework/Versions/A/CommonUtilities
0x00007fff48d3a000 	/System/Library/PrivateFrameworks/Bom.framework/Versions/A/Bom
0x00007fff6a4d0000 	/usr/lib/libAudioToolboxUtility.dylib
0x00007fff48b0a000 	/System/Library/PrivateFrameworks/Backup.framework/Versions/A/Backup
0x00007fff4d8e7000 	/System/Library/PrivateFrameworks/CrashReporterSupport.framework/Versions/A/CrashReporterSupport
0x00007fff61776000 	/System/Library/PrivateFrameworks/Sharing.framework/Versions/A/Sharing
0x00007fff4704e000 	/System/Library/PrivateFrameworks/Apple80211.framework/Versions/A/Apple80211
0x00007fff48827000 	/System/Library/PrivateFrameworks/AuthKit.framework/Versions/A/AuthKit
0x00007fff4d5f4000 	/System/Library/PrivateFrameworks/CoreUtils.framework/Versions/A/CoreUtils
0x00007fff35bc8000 	/System/Library/Frameworks/CoreWLAN.framework/Versions/A/CoreWLAN
0x00007fff367ec000 	/System/Library/Frameworks/IOBluetooth.framework/Versions/A/IOBluetooth
0x00007fff5a8b0000 	/System/Library/PrivateFrameworks/MobileKeyBag.framework/Versions/A/MobileKeyBag
0x00007fff4c3f9000 	/System/Library/PrivateFrameworks/CorePhoneNumbers.framework/Versions/A/CorePhoneNumbers
0x00007fff4743e000 	/System/Library/PrivateFrameworks/AppleIDAuthSupport.framework/Versions/A/AppleIDAuthSupport
0x00007fff3a520000 	/System/Library/Frameworks/Network.framework/Versions/A/Network
0x00007fff58f7e000 	/System/Library/PrivateFrameworks/KeychainCircle.framework/Versions/A/KeychainCircle
0x00007fff33619000 	/System/Library/Frameworks/CoreBluetooth.framework/Versions/A/CoreBluetooth
0x00007fff637f5000 	/System/Library/PrivateFrameworks/SpeechRecognitionCore.framework/Versions/A/SpeechRecognitionCore
0x0000000108400000 	/Users/codytran/Library/Java/JavaVirtualMachines/corretto-11.0.18/Contents/Home/lib/server/libjvm.dylib
0x0000000106acd000 	/Users/codytran/Library/Java/JavaVirtualMachines/corretto-11.0.18/Contents/Home/lib/libverify.dylib
0x0000000106ae1000 	/Users/codytran/Library/Java/JavaVirtualMachines/corretto-11.0.18/Contents/Home/lib/libjava.dylib
0x0000000106b12000 	/Users/codytran/Library/Java/JavaVirtualMachines/corretto-11.0.18/Contents/Home/lib/libjimage.dylib
0x0000000106b24000 	/Users/codytran/Library/Java/JavaVirtualMachines/corretto-11.0.18/Contents/Home/lib/libinstrument.dylib
0x0000000106b80000 	/Users/codytran/Library/Java/JavaVirtualMachines/corretto-11.0.18/Contents/Home/lib/libzip.dylib
0x0000000106baf000 	/Users/codytran/Library/Java/JavaVirtualMachines/corretto-11.0.18/Contents/Home/lib/libnio.dylib
0x0000000106bc7000 	/Users/codytran/Library/Java/JavaVirtualMachines/corretto-11.0.18/Contents/Home/lib/libnet.dylib
0x0000000106be7000 	/Users/codytran/Library/Java/JavaVirtualMachines/corretto-11.0.18/Contents/Home/lib/libextnet.dylib
0x000000010ccbb000 	/Users/codytran/Library/Java/JavaVirtualMachines/corretto-11.0.18/Contents/Home/lib/libmanagement.dylib
0x000000010cccb000 	/Users/codytran/Library/Java/JavaVirtualMachines/corretto-11.0.18/Contents/Home/lib/libmanagement_ext.dylib


VM Arguments:
jvm_args: -javaagent:/Applications/IntelliJ IDEA CE.app/Contents/lib/idea_rt.jar=54269:/Applications/IntelliJ IDEA CE.app/Contents/bin -Dfile.encoding=UTF-8 
java_command: com.example.course.CourseApplication
java_class_path (initial): /Volumes/course/target/classes:/Users/codytran/.m2/repository/org/springframework/boot/spring-boot-starter-web/2.4.3/spring-boot-starter-web-2.4.3.jar:/Users/codytran/.m2/repository/org/springframework/boot/spring-boot-starter/2.4.3/spring-boot-starter-2.4.3.jar:/Users/codytran/.m2/repository/org/springframework/boot/spring-boot/2.4.3/spring-boot-2.4.3.jar:/Users/codytran/.m2/repository/org/springframework/boot/spring-boot-autoconfigure/2.4.3/spring-boot-autoconfigure-2.4.3.jar:/Users/codytran/.m2/repository/org/springframework/boot/spring-boot-starter-logging/2.4.3/spring-boot-starter-logging-2.4.3.jar:/Users/codytran/.m2/repository/ch/qos/logback/logback-classic/1.2.3/logback-classic-1.2.3.jar:/Users/codytran/.m2/repository/ch/qos/logback/logback-core/1.2.3/logback-core-1.2.3.jar:/Users/codytran/.m2/repository/org/apache/logging/log4j/log4j-to-slf4j/2.13.3/log4j-to-slf4j-2.13.3.jar:/Users/codytran/.m2/repository/org/apache/logging/log4j/log4j-api/2.13.3/log4j-api-2.13.3.jar:/Users/codytran/.m2/repository/org/slf4j/jul-to-slf4j/1.7.30/jul-to-slf4j-1.7.30.jar:/Users/codytran/.m2/repository/jakarta/annotation/jakarta.annotation-api/1.3.5/jakarta.annotation-api-1.3.5.jar:/Users/codytran/.m2/repository/org/yaml/snakeyaml/1.27/snakeyaml-1.27.jar:/Users/codytran/.m2/repository/org/springframework/boot/spring-boot-starter-json/2.4.3/spring-boot-starter-json-2.4.3.jar:/Users/codytran/.m2/repository/com/fasterxml/jackson/core/jackson-databind/2.11.4/jackson-databind-2.11.4.jar:/Users/codytran/.m2/repository/com/fasterxml/jackson/core/jackson-annotations/2.11.4/jackson-annotations-2.11.4.jar:/Users/codytran/.m2/repository/com/fasterxml/jackson/core/jackson-core/2.11.4/jackson-core-2.11.4.jar:/Users/codytran/.m2/repository/com/fasterxml/jackson/datatype/jackson-datatype-jdk8/2.11.4/jackson-datatype-jdk8-2.11.4.jar:/Users/codytran/.m2/repository/com/fasterxml/jackson/datatype/jackson-datatype-jsr310/2.11.4/jackson-datatype-jsr310-2.11.4.jar:/Users/
Launcher Type: SUN_STANDARD

[Global flags]
     intx CICompilerCount                          = 4                                         {product} {ergonomic}
     uint ConcGCThreads                            = 3                                         {product} {ergonomic}
     uint G1ConcRefinementThreads                  = 10                                        {product} {ergonomic}
   size_t G1HeapRegionSize                         = 2097152                                   {product} {ergonomic}
    uintx GCDrainStackTargetSize                   = 64                                        {product} {ergonomic}
   size_t InitialHeapSize                          = 536870912                                 {product} {ergonomic}
   size_t MarkStackSize                            = 4194304                                   {product} {ergonomic}
   size_t MaxHeapSize                              = 8589934592                                {product} {ergonomic}
   size_t MaxNewSize                               = 5152702464                                {product} {ergonomic}
   size_t MinHeapDeltaBytes                        = 2097152                                   {product} {ergonomic}
    uintx NonNMethodCodeHeapSize                   = 5836300                                {pd product} {ergonomic}
    uintx NonProfiledCodeHeapSize                  = 122910970                              {pd product} {ergonomic}
    uintx ProfiledCodeHeapSize                     = 122910970                              {pd product} {ergonomic}
    uintx ReservedCodeCacheSize                    = 251658240                              {pd product} {ergonomic}
     bool SegmentedCodeCache                       = true                                      {product} {ergonomic}
     bool UseCompressedClassPointers               = true                                 {lp64_product} {ergonomic}
     bool UseCompressedOops                        = true                                 {lp64_product} {ergonomic}
     bool UseG1GC                                  = true                                      {product} {ergonomic}

Logging:
Log output configuration:
 #0: stdout all=warning uptime,level,tags
 #1: stderr all=off uptime,level,tags

Environment Variables:
JAVA_HOME=/Users/codytran/.sdkman/candidates/java/current
PATH=/Users/codytran/.sdkman/candidates/java/current/bin:/usr/local/bin:/usr/bin:/bin:/usr/sbin:/sbin
SHELL=/bin/zsh
LANG=en_US.UTF-8
TERM=xterm-256color
TMPDIR=/var/folders/lr/qqhtj1yd2bn4qdd16dn6nt8r0000gn/T/

Signal Handlers:
SIGSEGV: [libjvm.dylib+0x7d3ace], sa_mask[0]=11111111011111110111111111111111, sa_flags=SA_ONSTACK|SA_RESTART|SA_SIGINFO
SIGBUS: [libjvm.dylib+0x7d3ace], sa_mask[0]=11111111011111110111111111111111, sa_flags=SA_RESTART|SA_SIGINFO
SIGFPE: [libjvm.dylib+0x7d3ace], sa_mask[0]=11111111011111110111111111111111, sa_flags=SA_RESTART|SA_SIGINFO
SIGPIPE: [libjvm.dylib+0x636ac4], sa_mask[0]=11111111011111110111111111111111, sa_flags=SA_RESTART|SA_SIGINFO
SIGXFSZ: [libjvm.dylib+0x636ac4], sa_mask[0]=11111111011111110111111111111111, sa_flags=SA_RESTART|SA_SIGINFO
SIGILL: [libjvm.dylib+0x7d3ace], sa_mask[0]=11111111011111110111111111111111, sa_flags=SA_RESTART|SA_SIGINFO
SIGUSR2: [libjvm.dylib+0x6370a2], sa_mask[0]=00100000000000000000000000000000, sa_flags=SA_RESTART|SA_SIGINFO
SIGHUP: [libjvm.dylib+0x635bd1], sa_mask[0]=11111111011111110111111111111111, sa_flags=SA_RESTART|SA_SIGINFO
SIGINT: [libjvm.dylib+0x635bd1], sa_mask[0]=11111111011111110111111111111111, sa_flags=SA_RESTART|SA_SIGINFO
SIGTERM: [libjvm.dylib+0x635bd1], sa_mask[0]=11111111011111110111111111111111, sa_flags=SA_RESTART|SA_SIGINFO
SIGQUIT: [libjvm.dylib+0x635bd1], sa_mask[0]=11111111011111110111111111111111, sa_flags=SA_RESTART|SA_SIGINFO


---------------  S Y S T E M  ---------------

OS:uname:Darwin 19.6.0 Darwin Kernel Version 19.6.0: Thu Oct 29 22:56:45 PDT 2020; root:xnu-6153.141.2.2~1/RELEASE_X86_64 x86_64
OS uptime: 0 days 1:25 hours
rlimit (soft/hard): STACK 8192k/65532k , CORE 0k/infinity , NPROC 5568/8352 , NOFILE 10240/infinity , AS infinity/infinity , CPU infinity/infinity , DATA infinity/infinity , FSIZE infinity/infinity , MEMLOCK infinity/infinity , RSS infinity/infinity
load average:2.21 2.13 2.01

CPU:total 12 (initial active 12) (6 cores per cpu, 2 threads per core) family 6 model 158 stepping 10 microcode 0xf0, cmov, cx8, fxsr, mmx, sse, sse2, sse3, ssse3, sse4.1, sse4.2, popcnt, avx, avx2, aes, clmul, erms, 3dnowpref, lzcnt, ht, tsc, tscinvbit, bmi1, bmi2, adx, fma

Memory: 4k page, physical 33554432k(2317112k free), swap 0k(0k free)

vm_info: OpenJDK 64-Bit Server VM (11.0.18+10-LTS) for bsd-amd64 JRE (11.0.18+10-LTS), built on Jan 11 2023 00:22:19 by "ec2user" with clang Apple LLVM 13.0.0 (clang-1300.0.29.30)

END.
