#
# A fatal error has been detected by the Java Runtime Environment:
#
#  SIGSEGV (0xb) at pc=0x0000000102e3e65c, pid=2853, tid=23043
#
# JRE version: OpenJDK Runtime Environment Corretto-11.0.17.8.1 (11.0.17+8) (build 11.0.17+8-LTS)
# Java VM: OpenJDK 64-Bit Server VM Corretto-11.0.17.8.1 (11.0.17+8-LTS, mixed mode, tiered, compressed oops, g1 gc, bsd-amd64)
# Problematic frame:
# V  [libjvm.dylib+0x23e65c]  _ZN7Compile20remove_useless_nodesER16Unique_Node_List+0x56
#
# No core dump will be written. Core dumps have been disabled. To enable core dumping, try "ulimit -c unlimited" before starting Java again
#
# If you would like to submit a bug report, please visit:
#   https://github.com/corretto/corretto-11/issues/
#

---------------  S U M M A R Y ------------

Command Line: -javaagent:/Applications/IntelliJ IDEA CE.app/Contents/lib/idea_rt.jar=49958:/Applications/IntelliJ IDEA CE.app/Contents/bin -Dfile.encoding=UTF-8 com.example.course.CourseApplication

Host: MacBookPro16,1 x86_64 2600 MHz, 12 cores, 32G, Darwin 19.6.0
Time: Wed Feb 22 22:29:18 2023 EST elapsed time: 0.159631 seconds (0d 0h 0m 0s)

---------------  T H R E A D  ---------------

Current thread (0x00007fda15808800):  JavaThread "C2 CompilerThread1" daemon [_thread_in_native, id=23043, stack(0x000070000c599000,0x000070000c699000)]


Current CompileTask:
C2:    159  211       4       java.util.zip.ZipFile$Source::hashN (26 bytes)

Stack: [0x000070000c599000,0x000070000c699000],  sp=0x000070000c697360,  free space=1016k
Native frames: (J=compiled Java code, A=aot compiled Java code, j=interpreted, Vv=VM code, C=native code)
V  [libjvm.dylib+0x23e65c]  _ZN7Compile20remove_useless_nodesER16Unique_Node_List+0x56
V  [libjvm.dylib+0x23f6c4]  _ZN7CompileC2EP5ciEnvP10C2CompilerP8ciMethodibbbbP12DirectiveSet+0x77c
V  [libjvm.dylib+0x1c6431]  _ZN10C2Compiler14compile_methodEP5ciEnvP8ciMethodiP12DirectiveSet+0xd5
V  [libjvm.dylib+0x24c59d]  _ZN13CompileBroker25invoke_compiler_on_methodEP11CompileTask+0x53f
V  [libjvm.dylib+0x24bee9]  _ZN13CompileBroker20compiler_thread_loopEv+0x1b5
V  [libjvm.dylib+0x7897d3]  _ZN10JavaThread17thread_main_innerEv+0x89
V  [libjvm.dylib+0x789626]  _ZN10JavaThread3runEv+0x12e
V  [libjvm.dylib+0x7875c6]  _ZN6Thread8call_runEv+0x68
V  [libjvm.dylib+0x631ab1]  _ZL19thread_native_entryP6Thread+0x119
C  [libsystem_pthread.dylib+0x6109]  _pthread_start+0x94
C  [libsystem_pthread.dylib+0x1b8b]  thread_start+0xf


siginfo: si_signo: 11 (SIGSEGV), si_code: 0 (unknown), si_addr: 0x0000000000000000

Register to memory mapping:

RAX=0x0 is NULL
RBX=0x000000000000002f is an unknown value
RCX=0x0 is NULL
RDX=0x00007fda658976a8 points into unknown readable memory: 0x00047fda3603c2c8 | c8 c2 03 36 da 7f 04 00
RSP=0x000070000c697360 is pointing into the stack for thread: 0x00007fda15808800
RBP=0x000070000c697390 is pointing into the stack for thread: 0x00007fda15808800
RSI=0x0 is NULL
RDI=0x00047fda3603c2c8 is an unknown value
R8 =0x0000000000000011 is an unknown value
R9 =0x00007fda3603c210 points into unknown readable memory: 0x000000010357c650 | 50 c6 57 03 01 00 00 00
R10=0x0000000000000048 is an unknown value
R11=0x00007fda36038210 points into unknown readable memory: 0x0000000000000000 | 00 00 00 00 00 00 00 00
R12=0x000000000000000b is an unknown value
R13=0x00007fda3603c4d8 points into unknown readable memory: 0x000000010355a400 | 00 a4 55 03 01 00 00 00
R14=0x000070000c697fe0 is pointing into the stack for thread: 0x00007fda15808800
R15=0x000070000c697d68 is pointing into the stack for thread: 0x00007fda15808800


Registers:
RAX=0x0000000000000000, RBX=0x000000000000002f, RCX=0x0000000000000000, RDX=0x00007fda658976a8
RSP=0x000070000c697360, RBP=0x000070000c697390, RSI=0x0000000000000000, RDI=0x00047fda3603c2c8
R8 =0x0000000000000011, R9 =0x00007fda3603c210, R10=0x0000000000000048, R11=0x00007fda36038210
R12=0x000000000000000b, R13=0x00007fda3603c4d8, R14=0x000070000c697fe0, R15=0x000070000c697d68
RIP=0x0000000102e3e65c, EFLAGS=0x0000000000010246, ERR=0x0000000000000000
  TRAPNO=0x000000000000000d

Top of Stack: (sp=0x000070000c697360)
0x000070000c697360:   0000000000000021 000070000c697fe0
0x000070000c697370:   0000000000000000 0000000000000000
0x000070000c697380:   000070000c697db0 00007fda658a9f40
0x000070000c697390:   000070000c697fb0 0000000102e3f6c4
0x000070000c6973a0:   0000000000000000 000000010357f710
0x000070000c6973b0:   0000000000000005 000070000c697fe0
0x000070000c6973c0:   000070000c6981e8 000070000c6981e8
0x000070000c6973d0:   0000000000000004 00007fda7540cc60
0x000070000c6973e0:   0000000000000000 000070000c6981e8
0x000070000c6973f0:   0000000000000100 00007fda658978e0
0x000070000c697400:   0000000000000000 0000000000000000
0x000070000c697410:   0000000000000000 0000000000000000
0x000070000c697420:   0000000000000000 0000000000000000
0x000070000c697430:   0000000000000000 0000000000000000
0x000070000c697440:   0000000000000000 0000000000000000
0x000070000c697450:   0000000000000000 0000000000000000
0x000070000c697460:   0000000000000000 0000000000000000
0x000070000c697470:   0000000000000000 0000000000000000
0x000070000c697480:   0000000000000000 0000000000000000
0x000070000c697490:   0000000000000000 0000000000000000
0x000070000c6974a0:   0000000000000000 0000000000000000
0x000070000c6974b0:   0000000000000000 0000000000000000
0x000070000c6974c0:   0000000000000000 0000000000000000
0x000070000c6974d0:   0000000000000000 0000000000000000
0x000070000c6974e0:   0000000000000000 0000000000000000
0x000070000c6974f0:   0000000000000000 0000000000000000
0x000070000c697500:   0000000000000000 0000000000000000
0x000070000c697510:   0000000000000000 0000000000000000
0x000070000c697520:   0000000000000000 0000000000000000
0x000070000c697530:   0000000000000000 0000000000000000
0x000070000c697540:   0000000000000000 0000000000000000
0x000070000c697550:   0000000000000000 0000000000000000 

Instructions: (pc=0x0000000102e3e65c)
0x0000000102e3e55c:   c3 41 39 dd 75 a7 48 83 c4 08 5b 41 5c 41 5d 41
0x0000000102e3e56c:   5e 41 5f 5d c3 90 55 48 89 e5 41 57 41 56 41 55
0x0000000102e3e57c:   41 54 53 50 49 89 f7 8b 06 85 c0 7e 65 49 89 d6
0x0000000102e3e58c:   31 db 45 31 e4 49 8b 47 18 4c 8b 2c d8 49 8b 45
0x0000000102e3e59c:   00 4c 89 ef ff 50 70 45 85 e4 74 12 49 8b 4f 18
0x0000000102e3e5ac:   49 63 d4 48 c1 e2 03 48 29 d1 4c 89 2c d9 8b 40
0x0000000102e3e5bc:   28 48 89 c2 48 c1 ea 05 b9 01 00 00 00 41 3b 56
0x0000000102e3e5cc:   30 73 0f 49 8b 4e 38 8b 14 91 31 c9 0f a3 c2 0f
0x0000000102e3e5dc:   93 c1 41 01 cc 48 ff c3 49 63 07 48 39 c3 7c a5
0x0000000102e3e5ec:   eb 03 45 31 e4 44 29 e0 41 89 07 48 83 c4 08 5b
0x0000000102e3e5fc:   41 5c 41 5d 41 5e 41 5f 5d c3 55 48 89 e5 41 57
0x0000000102e3e60c:   41 56 41 55 41 54 53 50 49 89 f7 49 89 fe 83 7e
0x0000000102e3e61c:   18 00 0f 84 a5 00 00 00 45 31 e4 49 8b 47 10 4e
0x0000000102e3e62c:   8b 2c e0 41 8b 45 2c 83 e0 03 83 f8 03 75 09 49
0x0000000102e3e63c:   8d 7d 50 e8 6c 8e 45 00 49 ff c4 45 8b 45 20 45
0x0000000102e3e64c:   85 c0 7e 6c 31 c9 49 8b 55 10 89 ce 48 8b 3c f2
0x0000000102e3e65c:   8b 5f 28 48 89 df 48 c1 ef 05 41 3b 7f 30 73 0c
0x0000000102e3e66c:   49 8b 47 38 8b 04 b8 0f a3 d8 72 17 41 8b 45 20
0x0000000102e3e67c:   ff c8 41 89 45 20 48 8b 04 c2 48 89 04 f2 ff c9
0x0000000102e3e68c:   41 ff c8 ff c1 44 39 c1 7c bc 41 83 7d 20 01 75
0x0000000102e3e69c:   1f 4c 89 ef e8 5d 93 3d 00 84 c0 74 13 49 8b 45
0x0000000102e3e6ac:   10 48 8b 30 49 8b be 68 07 00 00 e8 f4 a4 2e 00
0x0000000102e3e6bc:   41 8b 47 18 49 39 c4 0f 82 5e ff ff ff 49 8b 46
0x0000000102e3e6cc:   08 48 8b 80 88 01 00 00 8b 18 85 db 7f 10 eb 41
0x0000000102e3e6dc:   48 ff cb 49 8b 46 08 48 8b 80 88 01 00 00 48 8b
0x0000000102e3e6ec:   40 18 48 8b 74 d8 f8 8b 46 28 48 89 c1 48 c1 e9
0x0000000102e3e6fc:   05 41 3b 4f 30 73 0c 49 8b 57 38 8b 0c 8a 0f a3
0x0000000102e3e70c:   c1 72 08 4c 89 f7 e8 55 01 00 00 48 83 fb 02 7d
0x0000000102e3e71c:   bf 49 8b 86 a0 01 00 00 8b 18 85 db 7f 0c eb 3d
0x0000000102e3e72c:   48 ff cb 49 8b 86 a0 01 00 00 48 8b 40 18 48 8b
0x0000000102e3e73c:   74 d8 f8 8b 46 28 48 89 c1 48 c1 e9 05 41 3b 4f
0x0000000102e3e74c:   30 73 0c 49 8b 57 38 8b 0c 8a 0f a3 c1 72 08 4c 


Stack slot to memory mapping:
stack at sp + 0 slots: 0x0000000000000021 is an unknown value
stack at sp + 1 slots: 0x000070000c697fe0 is pointing into the stack for thread: 0x00007fda15808800
stack at sp + 2 slots: 0x0 is NULL
stack at sp + 3 slots: 0x0 is NULL
stack at sp + 4 slots: 0x000070000c697db0 is pointing into the stack for thread: 0x00007fda15808800
stack at sp + 5 slots: 0x00007fda658a9f40 points into unknown readable memory: 0x0000000103551810 | 10 18 55 03 01 00 00 00
stack at sp + 6 slots: 0x000070000c697fb0 is pointing into the stack for thread: 0x00007fda15808800
stack at sp + 7 slots: 0x0000000102e3f6c4: _ZN7CompileC2EP5ciEnvP10C2CompilerP8ciMethodibbbbP12DirectiveSet+0x77c in /Users/codytran/Library/Java/JavaVirtualMachines/corretto-11.0.17/Contents/Home/lib/server/libjvm.dylib at 0x0000000102c00000


---------------  P R O C E S S  ---------------

Threads class SMR info:
_java_thread_list=0x00007fda655041a0, length=10, elements={
0x00007fda65809800, 0x00007fda760e7800, 0x00007fda76014000, 0x00007fda45837800,
0x00007fda4583a800, 0x00007fda4583b800, 0x00007fda4583c800, 0x00007fda4583d800,
0x00007fda760ea000, 0x00007fda15808800
}

Java Threads: ( => current thread )
  0x00007fda65809800 JavaThread "main" [_thread_in_Java, id=10243, stack(0x000070000b566000,0x000070000b666000)]
  0x00007fda760e7800 JavaThread "Reference Handler" daemon [_thread_blocked, id=14595, stack(0x000070000bc7b000,0x000070000bd7b000)]
  0x00007fda76014000 JavaThread "Finalizer" daemon [_thread_blocked, id=14851, stack(0x000070000bd7e000,0x000070000be7e000)]
  0x00007fda45837800 JavaThread "Signal Dispatcher" daemon [_thread_blocked, id=21763, stack(0x000070000bf87000,0x000070000c087000)]
  0x00007fda4583a800 JavaThread "Service Thread" daemon [_thread_blocked, id=43011, stack(0x000070000c08a000,0x000070000c18a000)]
  0x00007fda4583b800 JavaThread "C2 CompilerThread0" daemon [_thread_in_native, id=42243, stack(0x000070000c18d000,0x000070000c28d000)]
  0x00007fda4583c800 JavaThread "C1 CompilerThread0" daemon [_thread_blocked, id=41731, stack(0x000070000c290000,0x000070000c390000)]
  0x00007fda4583d800 JavaThread "Sweeper thread" daemon [_thread_blocked, id=41219, stack(0x000070000c393000,0x000070000c493000)]
  0x00007fda760ea000 JavaThread "Common-Cleaner" daemon [_thread_blocked, id=40707, stack(0x000070000c496000,0x000070000c596000)]
=>0x00007fda15808800 JavaThread "C2 CompilerThread1" daemon [_thread_in_native, id=23043, stack(0x000070000c599000,0x000070000c699000)]

Other Threads:
  0x00007fda75808800 VMThread "VM Thread" [stack: 0x000070000bb78000,0x000070000bc78000] [id=13827]
  0x00007fda76818800 GCTaskThread "GC Thread#0" [stack: 0x000070000b669000,0x000070000b769000] [id=12035]
  0x00007fda7684d800 ConcurrentGCThread "G1 Main Marker" [stack: 0x000070000b76c000,0x000070000b86c000] [id=12547]
  0x00007fda7684e800 ConcurrentGCThread "G1 Conc#0" [stack: 0x000070000b86f000,0x000070000b96f000] [id=12803]
  0x00007fda760d4800 ConcurrentGCThread "G1 Refine#0" [stack: 0x000070000b972000,0x000070000ba72000] [id=20227]
  0x00007fda760d5000 ConcurrentGCThread "G1 Young RemSet Sampling" [stack: 0x000070000ba75000,0x000070000bb75000] [id=19715]

Threads with active compile tasks:
C2 CompilerThread0      169  210   !   4       java.util.zip.ZipFile$Source::checkUTF8 (43 bytes)
C2 CompilerThread1      169  211       4       java.util.zip.ZipFile$Source::hashN (26 bytes)

VM state:not at safepoint (normal execution)

VM Mutex/Monitor currently owned by a thread: None

Heap address: 0x0000000600000000, size: 8192 MB, Compressed Oops mode: Zero based, Oop shift amount: 3
Narrow klass base: 0x0000000800000000, Narrow klass shift: 0
Compressed class space size: 1073741824 Address: 0x0000000800000000

Heap:
 garbage-first heap   total 524288K, used 2048K [0x0000000600000000, 0x0000000800000000)
  region size 2048K, 2 young (4096K), 0 survivors (0K)
 Metaspace       used 5738K, capacity 5787K, committed 5888K, reserved 1056768K
  class space    used 480K, capacity 502K, committed 512K, reserved 1048576K
Heap Regions: E=young(eden), S=young(survivor), O=old, HS=humongous(starts), HC=humongous(continues), CS=collection set, F=free, A=archive, TAMS=top-at-mark-start (previous, next)
|   0|0x0000000600000000, 0x0000000600000000, 0x0000000600200000|  0%| F|  |TAMS 0x0000000600000000, 0x0000000600000000| Untracked 
|   1|0x0000000600200000, 0x0000000600200000, 0x0000000600400000|  0%| F|  |TAMS 0x0000000600200000, 0x0000000600200000| Untracked 
|   2|0x0000000600400000, 0x0000000600400000, 0x0000000600600000|  0%| F|  |TAMS 0x0000000600400000, 0x0000000600400000| Untracked 
|   3|0x0000000600600000, 0x0000000600600000, 0x0000000600800000|  0%| F|  |TAMS 0x0000000600600000, 0x0000000600600000| Untracked 
|   4|0x0000000600800000, 0x0000000600800000, 0x0000000600a00000|  0%| F|  |TAMS 0x0000000600800000, 0x0000000600800000| Untracked 
|   5|0x0000000600a00000, 0x0000000600a00000, 0x0000000600c00000|  0%| F|  |TAMS 0x0000000600a00000, 0x0000000600a00000| Untracked 
|   6|0x0000000600c00000, 0x0000000600c00000, 0x0000000600e00000|  0%| F|  |TAMS 0x0000000600c00000, 0x0000000600c00000| Untracked 
|   7|0x0000000600e00000, 0x0000000600e00000, 0x0000000601000000|  0%| F|  |TAMS 0x0000000600e00000, 0x0000000600e00000| Untracked 
|   8|0x0000000601000000, 0x0000000601000000, 0x0000000601200000|  0%| F|  |TAMS 0x0000000601000000, 0x0000000601000000| Untracked 
|   9|0x0000000601200000, 0x0000000601200000, 0x0000000601400000|  0%| F|  |TAMS 0x0000000601200000, 0x0000000601200000| Untracked 
|  10|0x0000000601400000, 0x0000000601400000, 0x0000000601600000|  0%| F|  |TAMS 0x0000000601400000, 0x0000000601400000| Untracked 
|  11|0x0000000601600000, 0x0000000601600000, 0x0000000601800000|  0%| F|  |TAMS 0x0000000601600000, 0x0000000601600000| Untracked 
|  12|0x0000000601800000, 0x0000000601800000, 0x0000000601a00000|  0%| F|  |TAMS 0x0000000601800000, 0x0000000601800000| Untracked 
|  13|0x0000000601a00000, 0x0000000601a00000, 0x0000000601c00000|  0%| F|  |TAMS 0x0000000601a00000, 0x0000000601a00000| Untracked 
|  14|0x0000000601c00000, 0x0000000601c00000, 0x0000000601e00000|  0%| F|  |TAMS 0x0000000601c00000, 0x0000000601c00000| Untracked 
|  15|0x0000000601e00000, 0x0000000601e00000, 0x0000000602000000|  0%| F|  |TAMS 0x0000000601e00000, 0x0000000601e00000| Untracked 
|  16|0x0000000602000000, 0x0000000602000000, 0x0000000602200000|  0%| F|  |TAMS 0x0000000602000000, 0x0000000602000000| Untracked 
|  17|0x0000000602200000, 0x0000000602200000, 0x0000000602400000|  0%| F|  |TAMS 0x0000000602200000, 0x0000000602200000| Untracked 
|  18|0x0000000602400000, 0x0000000602400000, 0x0000000602600000|  0%| F|  |TAMS 0x0000000602400000, 0x0000000602400000| Untracked 
|  19|0x0000000602600000, 0x0000000602600000, 0x0000000602800000|  0%| F|  |TAMS 0x0000000602600000, 0x0000000602600000| Untracked 
|  20|0x0000000602800000, 0x0000000602800000, 0x0000000602a00000|  0%| F|  |TAMS 0x0000000602800000, 0x0000000602800000| Untracked 
|  21|0x0000000602a00000, 0x0000000602a00000, 0x0000000602c00000|  0%| F|  |TAMS 0x0000000602a00000, 0x0000000602a00000| Untracked 
|  22|0x0000000602c00000, 0x0000000602c00000, 0x0000000602e00000|  0%| F|  |TAMS 0x0000000602c00000, 0x0000000602c00000| Untracked 
|  23|0x0000000602e00000, 0x0000000602e00000, 0x0000000603000000|  0%| F|  |TAMS 0x0000000602e00000, 0x0000000602e00000| Untracked 
|  24|0x0000000603000000, 0x0000000603000000, 0x0000000603200000|  0%| F|  |TAMS 0x0000000603000000, 0x0000000603000000| Untracked 
|  25|0x0000000603200000, 0x0000000603200000, 0x0000000603400000|  0%| F|  |TAMS 0x0000000603200000, 0x0000000603200000| Untracked 
|  26|0x0000000603400000, 0x0000000603400000, 0x0000000603600000|  0%| F|  |TAMS 0x0000000603400000, 0x0000000603400000| Untracked 
|  27|0x0000000603600000, 0x0000000603600000, 0x0000000603800000|  0%| F|  |TAMS 0x0000000603600000, 0x0000000603600000| Untracked 
|  28|0x0000000603800000, 0x0000000603800000, 0x0000000603a00000|  0%| F|  |TAMS 0x0000000603800000, 0x0000000603800000| Untracked 
|  29|0x0000000603a00000, 0x0000000603a00000, 0x0000000603c00000|  0%| F|  |TAMS 0x0000000603a00000, 0x0000000603a00000| Untracked 
|  30|0x0000000603c00000, 0x0000000603c00000, 0x0000000603e00000|  0%| F|  |TAMS 0x0000000603c00000, 0x0000000603c00000| Untracked 
|  31|0x0000000603e00000, 0x0000000603e00000, 0x0000000604000000|  0%| F|  |TAMS 0x0000000603e00000, 0x0000000603e00000| Untracked 
|  32|0x0000000604000000, 0x0000000604000000, 0x0000000604200000|  0%| F|  |TAMS 0x0000000604000000, 0x0000000604000000| Untracked 
|  33|0x0000000604200000, 0x0000000604200000, 0x0000000604400000|  0%| F|  |TAMS 0x0000000604200000, 0x0000000604200000| Untracked 
|  34|0x0000000604400000, 0x0000000604400000, 0x0000000604600000|  0%| F|  |TAMS 0x0000000604400000, 0x0000000604400000| Untracked 
|  35|0x0000000604600000, 0x0000000604600000, 0x0000000604800000|  0%| F|  |TAMS 0x0000000604600000, 0x0000000604600000| Untracked 
|  36|0x0000000604800000, 0x0000000604800000, 0x0000000604a00000|  0%| F|  |TAMS 0x0000000604800000, 0x0000000604800000| Untracked 
|  37|0x0000000604a00000, 0x0000000604a00000, 0x0000000604c00000|  0%| F|  |TAMS 0x0000000604a00000, 0x0000000604a00000| Untracked 
|  38|0x0000000604c00000, 0x0000000604c00000, 0x0000000604e00000|  0%| F|  |TAMS 0x0000000604c00000, 0x0000000604c00000| Untracked 
|  39|0x0000000604e00000, 0x0000000604e00000, 0x0000000605000000|  0%| F|  |TAMS 0x0000000604e00000, 0x0000000604e00000| Untracked 
|  40|0x0000000605000000, 0x0000000605000000, 0x0000000605200000|  0%| F|  |TAMS 0x0000000605000000, 0x0000000605000000| Untracked 
|  41|0x0000000605200000, 0x0000000605200000, 0x0000000605400000|  0%| F|  |TAMS 0x0000000605200000, 0x0000000605200000| Untracked 
|  42|0x0000000605400000, 0x0000000605400000, 0x0000000605600000|  0%| F|  |TAMS 0x0000000605400000, 0x0000000605400000| Untracked 
|  43|0x0000000605600000, 0x0000000605600000, 0x0000000605800000|  0%| F|  |TAMS 0x0000000605600000, 0x0000000605600000| Untracked 
|  44|0x0000000605800000, 0x0000000605800000, 0x0000000605a00000|  0%| F|  |TAMS 0x0000000605800000, 0x0000000605800000| Untracked 
|  45|0x0000000605a00000, 0x0000000605a00000, 0x0000000605c00000|  0%| F|  |TAMS 0x0000000605a00000, 0x0000000605a00000| Untracked 
|  46|0x0000000605c00000, 0x0000000605c00000, 0x0000000605e00000|  0%| F|  |TAMS 0x0000000605c00000, 0x0000000605c00000| Untracked 
|  47|0x0000000605e00000, 0x0000000605e00000, 0x0000000606000000|  0%| F|  |TAMS 0x0000000605e00000, 0x0000000605e00000| Untracked 
|  48|0x0000000606000000, 0x0000000606000000, 0x0000000606200000|  0%| F|  |TAMS 0x0000000606000000, 0x0000000606000000| Untracked 
|  49|0x0000000606200000, 0x0000000606200000, 0x0000000606400000|  0%| F|  |TAMS 0x0000000606200000, 0x0000000606200000| Untracked 
|  50|0x0000000606400000, 0x0000000606400000, 0x0000000606600000|  0%| F|  |TAMS 0x0000000606400000, 0x0000000606400000| Untracked 
|  51|0x0000000606600000, 0x0000000606600000, 0x0000000606800000|  0%| F|  |TAMS 0x0000000606600000, 0x0000000606600000| Untracked 
|  52|0x0000000606800000, 0x0000000606800000, 0x0000000606a00000|  0%| F|  |TAMS 0x0000000606800000, 0x0000000606800000| Untracked 
|  53|0x0000000606a00000, 0x0000000606a00000, 0x0000000606c00000|  0%| F|  |TAMS 0x0000000606a00000, 0x0000000606a00000| Untracked 
|  54|0x0000000606c00000, 0x0000000606c00000, 0x0000000606e00000|  0%| F|  |TAMS 0x0000000606c00000, 0x0000000606c00000| Untracked 
|  55|0x0000000606e00000, 0x0000000606e00000, 0x0000000607000000|  0%| F|  |TAMS 0x0000000606e00000, 0x0000000606e00000| Untracked 
|  56|0x0000000607000000, 0x0000000607000000, 0x0000000607200000|  0%| F|  |TAMS 0x0000000607000000, 0x0000000607000000| Untracked 
|  57|0x0000000607200000, 0x0000000607200000, 0x0000000607400000|  0%| F|  |TAMS 0x0000000607200000, 0x0000000607200000| Untracked 
|  58|0x0000000607400000, 0x0000000607400000, 0x0000000607600000|  0%| F|  |TAMS 0x0000000607400000, 0x0000000607400000| Untracked 
|  59|0x0000000607600000, 0x0000000607600000, 0x0000000607800000|  0%| F|  |TAMS 0x0000000607600000, 0x0000000607600000| Untracked 
|  60|0x0000000607800000, 0x0000000607800000, 0x0000000607a00000|  0%| F|  |TAMS 0x0000000607800000, 0x0000000607800000| Untracked 
|  61|0x0000000607a00000, 0x0000000607a00000, 0x0000000607c00000|  0%| F|  |TAMS 0x0000000607a00000, 0x0000000607a00000| Untracked 
|  62|0x0000000607c00000, 0x0000000607c00000, 0x0000000607e00000|  0%| F|  |TAMS 0x0000000607c00000, 0x0000000607c00000| Untracked 
|  63|0x0000000607e00000, 0x0000000607e00000, 0x0000000608000000|  0%| F|  |TAMS 0x0000000607e00000, 0x0000000607e00000| Untracked 
|  64|0x0000000608000000, 0x0000000608000000, 0x0000000608200000|  0%| F|  |TAMS 0x0000000608000000, 0x0000000608000000| Untracked 
|  65|0x0000000608200000, 0x0000000608200000, 0x0000000608400000|  0%| F|  |TAMS 0x0000000608200000, 0x0000000608200000| Untracked 
|  66|0x0000000608400000, 0x0000000608400000, 0x0000000608600000|  0%| F|  |TAMS 0x0000000608400000, 0x0000000608400000| Untracked 
|  67|0x0000000608600000, 0x0000000608600000, 0x0000000608800000|  0%| F|  |TAMS 0x0000000608600000, 0x0000000608600000| Untracked 
|  68|0x0000000608800000, 0x0000000608800000, 0x0000000608a00000|  0%| F|  |TAMS 0x0000000608800000, 0x0000000608800000| Untracked 
|  69|0x0000000608a00000, 0x0000000608a00000, 0x0000000608c00000|  0%| F|  |TAMS 0x0000000608a00000, 0x0000000608a00000| Untracked 
|  70|0x0000000608c00000, 0x0000000608c00000, 0x0000000608e00000|  0%| F|  |TAMS 0x0000000608c00000, 0x0000000608c00000| Untracked 
|  71|0x0000000608e00000, 0x0000000608e00000, 0x0000000609000000|  0%| F|  |TAMS 0x0000000608e00000, 0x0000000608e00000| Untracked 
|  72|0x0000000609000000, 0x0000000609000000, 0x0000000609200000|  0%| F|  |TAMS 0x0000000609000000, 0x0000000609000000| Untracked 
|  73|0x0000000609200000, 0x0000000609200000, 0x0000000609400000|  0%| F|  |TAMS 0x0000000609200000, 0x0000000609200000| Untracked 
|  74|0x0000000609400000, 0x0000000609400000, 0x0000000609600000|  0%| F|  |TAMS 0x0000000609400000, 0x0000000609400000| Untracked 
|  75|0x0000000609600000, 0x0000000609600000, 0x0000000609800000|  0%| F|  |TAMS 0x0000000609600000, 0x0000000609600000| Untracked 
|  76|0x0000000609800000, 0x0000000609800000, 0x0000000609a00000|  0%| F|  |TAMS 0x0000000609800000, 0x0000000609800000| Untracked 
|  77|0x0000000609a00000, 0x0000000609a00000, 0x0000000609c00000|  0%| F|  |TAMS 0x0000000609a00000, 0x0000000609a00000| Untracked 
|  78|0x0000000609c00000, 0x0000000609c00000, 0x0000000609e00000|  0%| F|  |TAMS 0x0000000609c00000, 0x0000000609c00000| Untracked 
|  79|0x0000000609e00000, 0x0000000609e00000, 0x000000060a000000|  0%| F|  |TAMS 0x0000000609e00000, 0x0000000609e00000| Untracked 
|  80|0x000000060a000000, 0x000000060a000000, 0x000000060a200000|  0%| F|  |TAMS 0x000000060a000000, 0x000000060a000000| Untracked 
|  81|0x000000060a200000, 0x000000060a200000, 0x000000060a400000|  0%| F|  |TAMS 0x000000060a200000, 0x000000060a200000| Untracked 
|  82|0x000000060a400000, 0x000000060a400000, 0x000000060a600000|  0%| F|  |TAMS 0x000000060a400000, 0x000000060a400000| Untracked 
|  83|0x000000060a600000, 0x000000060a600000, 0x000000060a800000|  0%| F|  |TAMS 0x000000060a600000, 0x000000060a600000| Untracked 
|  84|0x000000060a800000, 0x000000060a800000, 0x000000060aa00000|  0%| F|  |TAMS 0x000000060a800000, 0x000000060a800000| Untracked 
|  85|0x000000060aa00000, 0x000000060aa00000, 0x000000060ac00000|  0%| F|  |TAMS 0x000000060aa00000, 0x000000060aa00000| Untracked 
|  86|0x000000060ac00000, 0x000000060ac00000, 0x000000060ae00000|  0%| F|  |TAMS 0x000000060ac00000, 0x000000060ac00000| Untracked 
|  87|0x000000060ae00000, 0x000000060ae00000, 0x000000060b000000|  0%| F|  |TAMS 0x000000060ae00000, 0x000000060ae00000| Untracked 
|  88|0x000000060b000000, 0x000000060b000000, 0x000000060b200000|  0%| F|  |TAMS 0x000000060b000000, 0x000000060b000000| Untracked 
|  89|0x000000060b200000, 0x000000060b200000, 0x000000060b400000|  0%| F|  |TAMS 0x000000060b200000, 0x000000060b200000| Untracked 
|  90|0x000000060b400000, 0x000000060b400000, 0x000000060b600000|  0%| F|  |TAMS 0x000000060b400000, 0x000000060b400000| Untracked 
|  91|0x000000060b600000, 0x000000060b600000, 0x000000060b800000|  0%| F|  |TAMS 0x000000060b600000, 0x000000060b600000| Untracked 
|  92|0x000000060b800000, 0x000000060b800000, 0x000000060ba00000|  0%| F|  |TAMS 0x000000060b800000, 0x000000060b800000| Untracked 
|  93|0x000000060ba00000, 0x000000060ba00000, 0x000000060bc00000|  0%| F|  |TAMS 0x000000060ba00000, 0x000000060ba00000| Untracked 
|  94|0x000000060bc00000, 0x000000060bc00000, 0x000000060be00000|  0%| F|  |TAMS 0x000000060bc00000, 0x000000060bc00000| Untracked 
|  95|0x000000060be00000, 0x000000060be00000, 0x000000060c000000|  0%| F|  |TAMS 0x000000060be00000, 0x000000060be00000| Untracked 
|  96|0x000000060c000000, 0x000000060c000000, 0x000000060c200000|  0%| F|  |TAMS 0x000000060c000000, 0x000000060c000000| Untracked 
|  97|0x000000060c200000, 0x000000060c200000, 0x000000060c400000|  0%| F|  |TAMS 0x000000060c200000, 0x000000060c200000| Untracked 
|  98|0x000000060c400000, 0x000000060c400000, 0x000000060c600000|  0%| F|  |TAMS 0x000000060c400000, 0x000000060c400000| Untracked 
|  99|0x000000060c600000, 0x000000060c600000, 0x000000060c800000|  0%| F|  |TAMS 0x000000060c600000, 0x000000060c600000| Untracked 
| 100|0x000000060c800000, 0x000000060c800000, 0x000000060ca00000|  0%| F|  |TAMS 0x000000060c800000, 0x000000060c800000| Untracked 
| 101|0x000000060ca00000, 0x000000060ca00000, 0x000000060cc00000|  0%| F|  |TAMS 0x000000060ca00000, 0x000000060ca00000| Untracked 
| 102|0x000000060cc00000, 0x000000060cc00000, 0x000000060ce00000|  0%| F|  |TAMS 0x000000060cc00000, 0x000000060cc00000| Untracked 
| 103|0x000000060ce00000, 0x000000060ce00000, 0x000000060d000000|  0%| F|  |TAMS 0x000000060ce00000, 0x000000060ce00000| Untracked 
| 104|0x000000060d000000, 0x000000060d000000, 0x000000060d200000|  0%| F|  |TAMS 0x000000060d000000, 0x000000060d000000| Untracked 
| 105|0x000000060d200000, 0x000000060d200000, 0x000000060d400000|  0%| F|  |TAMS 0x000000060d200000, 0x000000060d200000| Untracked 
| 106|0x000000060d400000, 0x000000060d400000, 0x000000060d600000|  0%| F|  |TAMS 0x000000060d400000, 0x000000060d400000| Untracked 
| 107|0x000000060d600000, 0x000000060d600000, 0x000000060d800000|  0%| F|  |TAMS 0x000000060d600000, 0x000000060d600000| Untracked 
| 108|0x000000060d800000, 0x000000060d800000, 0x000000060da00000|  0%| F|  |TAMS 0x000000060d800000, 0x000000060d800000| Untracked 
| 109|0x000000060da00000, 0x000000060da00000, 0x000000060dc00000|  0%| F|  |TAMS 0x000000060da00000, 0x000000060da00000| Untracked 
| 110|0x000000060dc00000, 0x000000060dc00000, 0x000000060de00000|  0%| F|  |TAMS 0x000000060dc00000, 0x000000060dc00000| Untracked 
| 111|0x000000060de00000, 0x000000060de00000, 0x000000060e000000|  0%| F|  |TAMS 0x000000060de00000, 0x000000060de00000| Untracked 
| 112|0x000000060e000000, 0x000000060e000000, 0x000000060e200000|  0%| F|  |TAMS 0x000000060e000000, 0x000000060e000000| Untracked 
| 113|0x000000060e200000, 0x000000060e200000, 0x000000060e400000|  0%| F|  |TAMS 0x000000060e200000, 0x000000060e200000| Untracked 
| 114|0x000000060e400000, 0x000000060e400000, 0x000000060e600000|  0%| F|  |TAMS 0x000000060e400000, 0x000000060e400000| Untracked 
| 115|0x000000060e600000, 0x000000060e600000, 0x000000060e800000|  0%| F|  |TAMS 0x000000060e600000, 0x000000060e600000| Untracked 
| 116|0x000000060e800000, 0x000000060e800000, 0x000000060ea00000|  0%| F|  |TAMS 0x000000060e800000, 0x000000060e800000| Untracked 
| 117|0x000000060ea00000, 0x000000060ea00000, 0x000000060ec00000|  0%| F|  |TAMS 0x000000060ea00000, 0x000000060ea00000| Untracked 
| 118|0x000000060ec00000, 0x000000060ec00000, 0x000000060ee00000|  0%| F|  |TAMS 0x000000060ec00000, 0x000000060ec00000| Untracked 
| 119|0x000000060ee00000, 0x000000060ee00000, 0x000000060f000000|  0%| F|  |TAMS 0x000000060ee00000, 0x000000060ee00000| Untracked 
| 120|0x000000060f000000, 0x000000060f000000, 0x000000060f200000|  0%| F|  |TAMS 0x000000060f000000, 0x000000060f000000| Untracked 
| 121|0x000000060f200000, 0x000000060f200000, 0x000000060f400000|  0%| F|  |TAMS 0x000000060f200000, 0x000000060f200000| Untracked 
| 122|0x000000060f400000, 0x000000060f400000, 0x000000060f600000|  0%| F|  |TAMS 0x000000060f400000, 0x000000060f400000| Untracked 
| 123|0x000000060f600000, 0x000000060f600000, 0x000000060f800000|  0%| F|  |TAMS 0x000000060f600000, 0x000000060f600000| Untracked 
| 124|0x000000060f800000, 0x000000060f800000, 0x000000060fa00000|  0%| F|  |TAMS 0x000000060f800000, 0x000000060f800000| Untracked 
| 125|0x000000060fa00000, 0x000000060fa00000, 0x000000060fc00000|  0%| F|  |TAMS 0x000000060fa00000, 0x000000060fa00000| Untracked 
| 126|0x000000060fc00000, 0x000000060fc00000, 0x000000060fe00000|  0%| F|  |TAMS 0x000000060fc00000, 0x000000060fc00000| Untracked 
| 127|0x000000060fe00000, 0x000000060fe00000, 0x0000000610000000|  0%| F|  |TAMS 0x000000060fe00000, 0x000000060fe00000| Untracked 
| 128|0x0000000610000000, 0x0000000610000000, 0x0000000610200000|  0%| F|  |TAMS 0x0000000610000000, 0x0000000610000000| Untracked 
| 129|0x0000000610200000, 0x0000000610200000, 0x0000000610400000|  0%| F|  |TAMS 0x0000000610200000, 0x0000000610200000| Untracked 
| 130|0x0000000610400000, 0x0000000610400000, 0x0000000610600000|  0%| F|  |TAMS 0x0000000610400000, 0x0000000610400000| Untracked 
| 131|0x0000000610600000, 0x0000000610600000, 0x0000000610800000|  0%| F|  |TAMS 0x0000000610600000, 0x0000000610600000| Untracked 
| 132|0x0000000610800000, 0x0000000610800000, 0x0000000610a00000|  0%| F|  |TAMS 0x0000000610800000, 0x0000000610800000| Untracked 
| 133|0x0000000610a00000, 0x0000000610a00000, 0x0000000610c00000|  0%| F|  |TAMS 0x0000000610a00000, 0x0000000610a00000| Untracked 
| 134|0x0000000610c00000, 0x0000000610c00000, 0x0000000610e00000|  0%| F|  |TAMS 0x0000000610c00000, 0x0000000610c00000| Untracked 
| 135|0x0000000610e00000, 0x0000000610e00000, 0x0000000611000000|  0%| F|  |TAMS 0x0000000610e00000, 0x0000000610e00000| Untracked 
| 136|0x0000000611000000, 0x0000000611000000, 0x0000000611200000|  0%| F|  |TAMS 0x0000000611000000, 0x0000000611000000| Untracked 
| 137|0x0000000611200000, 0x0000000611200000, 0x0000000611400000|  0%| F|  |TAMS 0x0000000611200000, 0x0000000611200000| Untracked 
| 138|0x0000000611400000, 0x0000000611400000, 0x0000000611600000|  0%| F|  |TAMS 0x0000000611400000, 0x0000000611400000| Untracked 
| 139|0x0000000611600000, 0x0000000611600000, 0x0000000611800000|  0%| F|  |TAMS 0x0000000611600000, 0x0000000611600000| Untracked 
| 140|0x0000000611800000, 0x0000000611800000, 0x0000000611a00000|  0%| F|  |TAMS 0x0000000611800000, 0x0000000611800000| Untracked 
| 141|0x0000000611a00000, 0x0000000611a00000, 0x0000000611c00000|  0%| F|  |TAMS 0x0000000611a00000, 0x0000000611a00000| Untracked 
| 142|0x0000000611c00000, 0x0000000611c00000, 0x0000000611e00000|  0%| F|  |TAMS 0x0000000611c00000, 0x0000000611c00000| Untracked 
| 143|0x0000000611e00000, 0x0000000611e00000, 0x0000000612000000|  0%| F|  |TAMS 0x0000000611e00000, 0x0000000611e00000| Untracked 
| 144|0x0000000612000000, 0x0000000612000000, 0x0000000612200000|  0%| F|  |TAMS 0x0000000612000000, 0x0000000612000000| Untracked 
| 145|0x0000000612200000, 0x0000000612200000, 0x0000000612400000|  0%| F|  |TAMS 0x0000000612200000, 0x0000000612200000| Untracked 
| 146|0x0000000612400000, 0x0000000612400000, 0x0000000612600000|  0%| F|  |TAMS 0x0000000612400000, 0x0000000612400000| Untracked 
| 147|0x0000000612600000, 0x0000000612600000, 0x0000000612800000|  0%| F|  |TAMS 0x0000000612600000, 0x0000000612600000| Untracked 
| 148|0x0000000612800000, 0x0000000612800000, 0x0000000612a00000|  0%| F|  |TAMS 0x0000000612800000, 0x0000000612800000| Untracked 
| 149|0x0000000612a00000, 0x0000000612a00000, 0x0000000612c00000|  0%| F|  |TAMS 0x0000000612a00000, 0x0000000612a00000| Untracked 
| 150|0x0000000612c00000, 0x0000000612c00000, 0x0000000612e00000|  0%| F|  |TAMS 0x0000000612c00000, 0x0000000612c00000| Untracked 
| 151|0x0000000612e00000, 0x0000000612e00000, 0x0000000613000000|  0%| F|  |TAMS 0x0000000612e00000, 0x0000000612e00000| Untracked 
| 152|0x0000000613000000, 0x0000000613000000, 0x0000000613200000|  0%| F|  |TAMS 0x0000000613000000, 0x0000000613000000| Untracked 
| 153|0x0000000613200000, 0x0000000613200000, 0x0000000613400000|  0%| F|  |TAMS 0x0000000613200000, 0x0000000613200000| Untracked 
| 154|0x0000000613400000, 0x0000000613400000, 0x0000000613600000|  0%| F|  |TAMS 0x0000000613400000, 0x0000000613400000| Untracked 
| 155|0x0000000613600000, 0x0000000613600000, 0x0000000613800000|  0%| F|  |TAMS 0x0000000613600000, 0x0000000613600000| Untracked 
| 156|0x0000000613800000, 0x0000000613800000, 0x0000000613a00000|  0%| F|  |TAMS 0x0000000613800000, 0x0000000613800000| Untracked 
| 157|0x0000000613a00000, 0x0000000613a00000, 0x0000000613c00000|  0%| F|  |TAMS 0x0000000613a00000, 0x0000000613a00000| Untracked 
| 158|0x0000000613c00000, 0x0000000613c00000, 0x0000000613e00000|  0%| F|  |TAMS 0x0000000613c00000, 0x0000000613c00000| Untracked 
| 159|0x0000000613e00000, 0x0000000613e00000, 0x0000000614000000|  0%| F|  |TAMS 0x0000000613e00000, 0x0000000613e00000| Untracked 
| 160|0x0000000614000000, 0x0000000614000000, 0x0000000614200000|  0%| F|  |TAMS 0x0000000614000000, 0x0000000614000000| Untracked 
| 161|0x0000000614200000, 0x0000000614200000, 0x0000000614400000|  0%| F|  |TAMS 0x0000000614200000, 0x0000000614200000| Untracked 
| 162|0x0000000614400000, 0x0000000614400000, 0x0000000614600000|  0%| F|  |TAMS 0x0000000614400000, 0x0000000614400000| Untracked 
| 163|0x0000000614600000, 0x0000000614600000, 0x0000000614800000|  0%| F|  |TAMS 0x0000000614600000, 0x0000000614600000| Untracked 
| 164|0x0000000614800000, 0x0000000614800000, 0x0000000614a00000|  0%| F|  |TAMS 0x0000000614800000, 0x0000000614800000| Untracked 
| 165|0x0000000614a00000, 0x0000000614a00000, 0x0000000614c00000|  0%| F|  |TAMS 0x0000000614a00000, 0x0000000614a00000| Untracked 
| 166|0x0000000614c00000, 0x0000000614c00000, 0x0000000614e00000|  0%| F|  |TAMS 0x0000000614c00000, 0x0000000614c00000| Untracked 
| 167|0x0000000614e00000, 0x0000000614e00000, 0x0000000615000000|  0%| F|  |TAMS 0x0000000614e00000, 0x0000000614e00000| Untracked 
| 168|0x0000000615000000, 0x0000000615000000, 0x0000000615200000|  0%| F|  |TAMS 0x0000000615000000, 0x0000000615000000| Untracked 
| 169|0x0000000615200000, 0x0000000615200000, 0x0000000615400000|  0%| F|  |TAMS 0x0000000615200000, 0x0000000615200000| Untracked 
| 170|0x0000000615400000, 0x0000000615400000, 0x0000000615600000|  0%| F|  |TAMS 0x0000000615400000, 0x0000000615400000| Untracked 
| 171|0x0000000615600000, 0x0000000615600000, 0x0000000615800000|  0%| F|  |TAMS 0x0000000615600000, 0x0000000615600000| Untracked 
| 172|0x0000000615800000, 0x0000000615800000, 0x0000000615a00000|  0%| F|  |TAMS 0x0000000615800000, 0x0000000615800000| Untracked 
| 173|0x0000000615a00000, 0x0000000615a00000, 0x0000000615c00000|  0%| F|  |TAMS 0x0000000615a00000, 0x0000000615a00000| Untracked 
| 174|0x0000000615c00000, 0x0000000615c00000, 0x0000000615e00000|  0%| F|  |TAMS 0x0000000615c00000, 0x0000000615c00000| Untracked 
| 175|0x0000000615e00000, 0x0000000615e00000, 0x0000000616000000|  0%| F|  |TAMS 0x0000000615e00000, 0x0000000615e00000| Untracked 
| 176|0x0000000616000000, 0x0000000616000000, 0x0000000616200000|  0%| F|  |TAMS 0x0000000616000000, 0x0000000616000000| Untracked 
| 177|0x0000000616200000, 0x0000000616200000, 0x0000000616400000|  0%| F|  |TAMS 0x0000000616200000, 0x0000000616200000| Untracked 
| 178|0x0000000616400000, 0x0000000616400000, 0x0000000616600000|  0%| F|  |TAMS 0x0000000616400000, 0x0000000616400000| Untracked 
| 179|0x0000000616600000, 0x0000000616600000, 0x0000000616800000|  0%| F|  |TAMS 0x0000000616600000, 0x0000000616600000| Untracked 
| 180|0x0000000616800000, 0x0000000616800000, 0x0000000616a00000|  0%| F|  |TAMS 0x0000000616800000, 0x0000000616800000| Untracked 
| 181|0x0000000616a00000, 0x0000000616a00000, 0x0000000616c00000|  0%| F|  |TAMS 0x0000000616a00000, 0x0000000616a00000| Untracked 
| 182|0x0000000616c00000, 0x0000000616c00000, 0x0000000616e00000|  0%| F|  |TAMS 0x0000000616c00000, 0x0000000616c00000| Untracked 
| 183|0x0000000616e00000, 0x0000000616e00000, 0x0000000617000000|  0%| F|  |TAMS 0x0000000616e00000, 0x0000000616e00000| Untracked 
| 184|0x0000000617000000, 0x0000000617000000, 0x0000000617200000|  0%| F|  |TAMS 0x0000000617000000, 0x0000000617000000| Untracked 
| 185|0x0000000617200000, 0x0000000617200000, 0x0000000617400000|  0%| F|  |TAMS 0x0000000617200000, 0x0000000617200000| Untracked 
| 186|0x0000000617400000, 0x0000000617400000, 0x0000000617600000|  0%| F|  |TAMS 0x0000000617400000, 0x0000000617400000| Untracked 
| 187|0x0000000617600000, 0x0000000617600000, 0x0000000617800000|  0%| F|  |TAMS 0x0000000617600000, 0x0000000617600000| Untracked 
| 188|0x0000000617800000, 0x0000000617800000, 0x0000000617a00000|  0%| F|  |TAMS 0x0000000617800000, 0x0000000617800000| Untracked 
| 189|0x0000000617a00000, 0x0000000617a00000, 0x0000000617c00000|  0%| F|  |TAMS 0x0000000617a00000, 0x0000000617a00000| Untracked 
| 190|0x0000000617c00000, 0x0000000617c00000, 0x0000000617e00000|  0%| F|  |TAMS 0x0000000617c00000, 0x0000000617c00000| Untracked 
| 191|0x0000000617e00000, 0x0000000617e00000, 0x0000000618000000|  0%| F|  |TAMS 0x0000000617e00000, 0x0000000617e00000| Untracked 
| 192|0x0000000618000000, 0x0000000618000000, 0x0000000618200000|  0%| F|  |TAMS 0x0000000618000000, 0x0000000618000000| Untracked 
| 193|0x0000000618200000, 0x0000000618200000, 0x0000000618400000|  0%| F|  |TAMS 0x0000000618200000, 0x0000000618200000| Untracked 
| 194|0x0000000618400000, 0x0000000618400000, 0x0000000618600000|  0%| F|  |TAMS 0x0000000618400000, 0x0000000618400000| Untracked 
| 195|0x0000000618600000, 0x0000000618600000, 0x0000000618800000|  0%| F|  |TAMS 0x0000000618600000, 0x0000000618600000| Untracked 
| 196|0x0000000618800000, 0x0000000618800000, 0x0000000618a00000|  0%| F|  |TAMS 0x0000000618800000, 0x0000000618800000| Untracked 
| 197|0x0000000618a00000, 0x0000000618a00000, 0x0000000618c00000|  0%| F|  |TAMS 0x0000000618a00000, 0x0000000618a00000| Untracked 
| 198|0x0000000618c00000, 0x0000000618c00000, 0x0000000618e00000|  0%| F|  |TAMS 0x0000000618c00000, 0x0000000618c00000| Untracked 
| 199|0x0000000618e00000, 0x0000000618e00000, 0x0000000619000000|  0%| F|  |TAMS 0x0000000618e00000, 0x0000000618e00000| Untracked 
| 200|0x0000000619000000, 0x0000000619000000, 0x0000000619200000|  0%| F|  |TAMS 0x0000000619000000, 0x0000000619000000| Untracked 
| 201|0x0000000619200000, 0x0000000619200000, 0x0000000619400000|  0%| F|  |TAMS 0x0000000619200000, 0x0000000619200000| Untracked 
| 202|0x0000000619400000, 0x0000000619400000, 0x0000000619600000|  0%| F|  |TAMS 0x0000000619400000, 0x0000000619400000| Untracked 
| 203|0x0000000619600000, 0x0000000619600000, 0x0000000619800000|  0%| F|  |TAMS 0x0000000619600000, 0x0000000619600000| Untracked 
| 204|0x0000000619800000, 0x0000000619800000, 0x0000000619a00000|  0%| F|  |TAMS 0x0000000619800000, 0x0000000619800000| Untracked 
| 205|0x0000000619a00000, 0x0000000619a00000, 0x0000000619c00000|  0%| F|  |TAMS 0x0000000619a00000, 0x0000000619a00000| Untracked 
| 206|0x0000000619c00000, 0x0000000619c00000, 0x0000000619e00000|  0%| F|  |TAMS 0x0000000619c00000, 0x0000000619c00000| Untracked 
| 207|0x0000000619e00000, 0x0000000619e00000, 0x000000061a000000|  0%| F|  |TAMS 0x0000000619e00000, 0x0000000619e00000| Untracked 
| 208|0x000000061a000000, 0x000000061a000000, 0x000000061a200000|  0%| F|  |TAMS 0x000000061a000000, 0x000000061a000000| Untracked 
| 209|0x000000061a200000, 0x000000061a200000, 0x000000061a400000|  0%| F|  |TAMS 0x000000061a200000, 0x000000061a200000| Untracked 
| 210|0x000000061a400000, 0x000000061a400000, 0x000000061a600000|  0%| F|  |TAMS 0x000000061a400000, 0x000000061a400000| Untracked 
| 211|0x000000061a600000, 0x000000061a600000, 0x000000061a800000|  0%| F|  |TAMS 0x000000061a600000, 0x000000061a600000| Untracked 
| 212|0x000000061a800000, 0x000000061a800000, 0x000000061aa00000|  0%| F|  |TAMS 0x000000061a800000, 0x000000061a800000| Untracked 
| 213|0x000000061aa00000, 0x000000061aa00000, 0x000000061ac00000|  0%| F|  |TAMS 0x000000061aa00000, 0x000000061aa00000| Untracked 
| 214|0x000000061ac00000, 0x000000061ac00000, 0x000000061ae00000|  0%| F|  |TAMS 0x000000061ac00000, 0x000000061ac00000| Untracked 
| 215|0x000000061ae00000, 0x000000061ae00000, 0x000000061b000000|  0%| F|  |TAMS 0x000000061ae00000, 0x000000061ae00000| Untracked 
| 216|0x000000061b000000, 0x000000061b000000, 0x000000061b200000|  0%| F|  |TAMS 0x000000061b000000, 0x000000061b000000| Untracked 
| 217|0x000000061b200000, 0x000000061b200000, 0x000000061b400000|  0%| F|  |TAMS 0x000000061b200000, 0x000000061b200000| Untracked 
| 218|0x000000061b400000, 0x000000061b400000, 0x000000061b600000|  0%| F|  |TAMS 0x000000061b400000, 0x000000061b400000| Untracked 
| 219|0x000000061b600000, 0x000000061b600000, 0x000000061b800000|  0%| F|  |TAMS 0x000000061b600000, 0x000000061b600000| Untracked 
| 220|0x000000061b800000, 0x000000061b800000, 0x000000061ba00000|  0%| F|  |TAMS 0x000000061b800000, 0x000000061b800000| Untracked 
| 221|0x000000061ba00000, 0x000000061ba00000, 0x000000061bc00000|  0%| F|  |TAMS 0x000000061ba00000, 0x000000061ba00000| Untracked 
| 222|0x000000061bc00000, 0x000000061bc00000, 0x000000061be00000|  0%| F|  |TAMS 0x000000061bc00000, 0x000000061bc00000| Untracked 
| 223|0x000000061be00000, 0x000000061be00000, 0x000000061c000000|  0%| F|  |TAMS 0x000000061be00000, 0x000000061be00000| Untracked 
| 224|0x000000061c000000, 0x000000061c000000, 0x000000061c200000|  0%| F|  |TAMS 0x000000061c000000, 0x000000061c000000| Untracked 
| 225|0x000000061c200000, 0x000000061c200000, 0x000000061c400000|  0%| F|  |TAMS 0x000000061c200000, 0x000000061c200000| Untracked 
| 226|0x000000061c400000, 0x000000061c400000, 0x000000061c600000|  0%| F|  |TAMS 0x000000061c400000, 0x000000061c400000| Untracked 
| 227|0x000000061c600000, 0x000000061c600000, 0x000000061c800000|  0%| F|  |TAMS 0x000000061c600000, 0x000000061c600000| Untracked 
| 228|0x000000061c800000, 0x000000061c800000, 0x000000061ca00000|  0%| F|  |TAMS 0x000000061c800000, 0x000000061c800000| Untracked 
| 229|0x000000061ca00000, 0x000000061ca00000, 0x000000061cc00000|  0%| F|  |TAMS 0x000000061ca00000, 0x000000061ca00000| Untracked 
| 230|0x000000061cc00000, 0x000000061cc00000, 0x000000061ce00000|  0%| F|  |TAMS 0x000000061cc00000, 0x000000061cc00000| Untracked 
| 231|0x000000061ce00000, 0x000000061ce00000, 0x000000061d000000|  0%| F|  |TAMS 0x000000061ce00000, 0x000000061ce00000| Untracked 
| 232|0x000000061d000000, 0x000000061d000000, 0x000000061d200000|  0%| F|  |TAMS 0x000000061d000000, 0x000000061d000000| Untracked 
| 233|0x000000061d200000, 0x000000061d200000, 0x000000061d400000|  0%| F|  |TAMS 0x000000061d200000, 0x000000061d200000| Untracked 
| 234|0x000000061d400000, 0x000000061d400000, 0x000000061d600000|  0%| F|  |TAMS 0x000000061d400000, 0x000000061d400000| Untracked 
| 235|0x000000061d600000, 0x000000061d600000, 0x000000061d800000|  0%| F|  |TAMS 0x000000061d600000, 0x000000061d600000| Untracked 
| 236|0x000000061d800000, 0x000000061d800000, 0x000000061da00000|  0%| F|  |TAMS 0x000000061d800000, 0x000000061d800000| Untracked 
| 237|0x000000061da00000, 0x000000061da00000, 0x000000061dc00000|  0%| F|  |TAMS 0x000000061da00000, 0x000000061da00000| Untracked 
| 238|0x000000061dc00000, 0x000000061dc00000, 0x000000061de00000|  0%| F|  |TAMS 0x000000061dc00000, 0x000000061dc00000| Untracked 
| 239|0x000000061de00000, 0x000000061de00000, 0x000000061e000000|  0%| F|  |TAMS 0x000000061de00000, 0x000000061de00000| Untracked 
| 240|0x000000061e000000, 0x000000061e000000, 0x000000061e200000|  0%| F|  |TAMS 0x000000061e000000, 0x000000061e000000| Untracked 
| 241|0x000000061e200000, 0x000000061e200000, 0x000000061e400000|  0%| F|  |TAMS 0x000000061e200000, 0x000000061e200000| Untracked 
| 242|0x000000061e400000, 0x000000061e400000, 0x000000061e600000|  0%| F|  |TAMS 0x000000061e400000, 0x000000061e400000| Untracked 
| 243|0x000000061e600000, 0x000000061e600000, 0x000000061e800000|  0%| F|  |TAMS 0x000000061e600000, 0x000000061e600000| Untracked 
| 244|0x000000061e800000, 0x000000061e800000, 0x000000061ea00000|  0%| F|  |TAMS 0x000000061e800000, 0x000000061e800000| Untracked 
| 245|0x000000061ea00000, 0x000000061ea00000, 0x000000061ec00000|  0%| F|  |TAMS 0x000000061ea00000, 0x000000061ea00000| Untracked 
| 246|0x000000061ec00000, 0x000000061ec00000, 0x000000061ee00000|  0%| F|  |TAMS 0x000000061ec00000, 0x000000061ec00000| Untracked 
| 247|0x000000061ee00000, 0x000000061ee00000, 0x000000061f000000|  0%| F|  |TAMS 0x000000061ee00000, 0x000000061ee00000| Untracked 
| 248|0x000000061f000000, 0x000000061f000000, 0x000000061f200000|  0%| F|  |TAMS 0x000000061f000000, 0x000000061f000000| Untracked 
| 249|0x000000061f200000, 0x000000061f200000, 0x000000061f400000|  0%| F|  |TAMS 0x000000061f200000, 0x000000061f200000| Untracked 
| 250|0x000000061f400000, 0x000000061f400000, 0x000000061f600000|  0%| F|  |TAMS 0x000000061f400000, 0x000000061f400000| Untracked 
| 251|0x000000061f600000, 0x000000061f600000, 0x000000061f800000|  0%| F|  |TAMS 0x000000061f600000, 0x000000061f600000| Untracked 
| 252|0x000000061f800000, 0x000000061f800000, 0x000000061fa00000|  0%| F|  |TAMS 0x000000061f800000, 0x000000061f800000| Untracked 
| 253|0x000000061fa00000, 0x000000061fa00000, 0x000000061fc00000|  0%| F|  |TAMS 0x000000061fa00000, 0x000000061fa00000| Untracked 
| 254|0x000000061fc00000, 0x000000061fdca478, 0x000000061fe00000| 89%| E|  |TAMS 0x000000061fc00000, 0x000000061fc00000| Complete 
| 255|0x000000061fe00000, 0x0000000620000000, 0x0000000620000000|100%| E|CS|TAMS 0x000000061fe00000, 0x000000061fe00000| Complete 

Card table byte_map: [0x000000011d2d7000,0x000000011e2d7000] _byte_map_base: 0x000000011a2d7000

Marking Bits (Prev, Next): (CMBitMap*) 0x00007fda76819218, (CMBitMap*) 0x00007fda76819250
 Prev Bits: [0x000000011f2d7000, 0x00000001272d7000)
 Next Bits: [0x00000001272d7000, 0x000000012f2d7000)

Polling page: 0x00000001012e2000

Metaspace:

Usage:
  Non-class:      5.16 MB capacity,     5.14 MB (>99%) used,    21.47 KB ( <1%) free+waste,     2.75 KB ( <1%) overhead. 
      Class:    502.00 KB capacity,   480.07 KB ( 96%) used,    20.55 KB (  4%) free+waste,     1.38 KB ( <1%) overhead. 
       Both:      5.65 MB capacity,     5.61 MB (>99%) used,    42.02 KB ( <1%) free+waste,     4.12 KB ( <1%) overhead. 

Virtual space:
  Non-class space:        8.00 MB reserved,       5.25 MB ( 66%) committed 
      Class space:        1.00 GB reserved,     512.00 KB ( <1%) committed 
             Both:        1.01 GB reserved,       5.75 MB ( <1%) committed 

Chunk freelists:
   Non-Class:  15.00 KB
       Class:  10.00 KB
        Both:  25.00 KB

MaxMetaspaceSize: unlimited
CompressedClassSpaceSize: 1.00 GB
Initial GC threshold: 20.80 MB
Current GC threshold: 20.80 MB
CDS: off

CodeHeap 'non-profiled nmethods': size=120032Kb used=72Kb max_used=72Kb free=119959Kb
 bounds [0x0000000114d9f000, 0x000000011500f000, 0x000000011c2d7000]
CodeHeap 'profiled nmethods': size=120028Kb used=242Kb max_used=242Kb free=119785Kb
 bounds [0x000000010d868000, 0x000000010dad8000, 0x0000000114d9f000]
CodeHeap 'non-nmethods': size=5700Kb used=1087Kb max_used=1104Kb free=4612Kb
 bounds [0x000000010d2d7000, 0x000000010d547000, 0x000000010d868000]
 total_blobs=557 nmethods=227 adapters=244
 compilation: enabled
              stopped_count=0, restarted_count=0
 full_count=0

Compilation events (20 events):
Event: 0.151 Thread 0x00007fda4583c800  197       3       java.util.zip.ZipUtils::CENNAM (9 bytes)
Event: 0.151 Thread 0x00007fda4583c800 nmethod 197 0x000000010d89d790 code [0x000000010d89d940, 0x000000010d89dad0]
Event: 0.151 Thread 0x00007fda4583c800  198       3       java.util.zip.ZipUtils::CENEXT (9 bytes)
Event: 0.151 Thread 0x00007fda4583c800 nmethod 198 0x000000010d89dc10 code [0x000000010d89ddc0, 0x000000010d89df50]
Event: 0.151 Thread 0x00007fda4583c800  199       3       java.util.zip.ZipUtils::CENCOM (9 bytes)
Event: 0.151 Thread 0x00007fda4583c800 nmethod 199 0x000000010d89e090 code [0x000000010d89e240, 0x000000010d89e3d0]
Event: 0.151 Thread 0x00007fda4583c800  200       3       java.util.zip.ZipUtils::CENFLG (9 bytes)
Event: 0.151 Thread 0x00007fda4583c800 nmethod 200 0x000000010d89e510 code [0x000000010d89e6c0, 0x000000010d89e850]
Event: 0.151 Thread 0x00007fda4583c800  206       3       java.lang.StringBuilder::append (8 bytes)
Event: 0.152 Thread 0x00007fda4583c800 nmethod 206 0x000000010d89e990 code [0x000000010d89eb40, 0x000000010d89ec80]
Event: 0.152 Thread 0x00007fda4583c800  207       3       java.lang.AbstractStringBuilder::append (45 bytes)
Event: 0.152 Thread 0x00007fda4583c800 nmethod 207 0x000000010d89ed10 code [0x000000010d89ef40, 0x000000010d89f450]
Event: 0.155 Thread 0x00007fda4583c800  209       3       java.lang.Math::max (11 bytes)
Event: 0.155 Thread 0x00007fda4583b800 nmethod 205% 0x0000000114daf310 code [0x0000000114daf4a0, 0x0000000114daf6b8]
Event: 0.155 Thread 0x00007fda4583b800  208       4       java.util.zip.ZipFile$Source::addEntry (33 bytes)
Event: 0.156 Thread 0x00007fda4583c800 nmethod 209 0x000000010d89f690 code [0x000000010d89f840, 0x000000010d89f970]
Event: 0.157 Thread 0x00007fda4583b800 nmethod 208 0x0000000114daf810 code [0x0000000114daf9a0, 0x0000000114dafa98]
Event: 0.157 Thread 0x00007fda4583b800  210   !   4       java.util.zip.ZipFile$Source::checkUTF8 (43 bytes)
Event: 0.157 Thread 0x00007fda15808800 nmethod 204% 0x0000000114dafb90 code [0x0000000114dafd20, 0x0000000114daff98]
Event: 0.158 Thread 0x00007fda15808800  211       4       java.util.zip.ZipFile$Source::hashN (26 bytes)

GC Heap History (0 events):
No events

Deoptimization events (10 events):
Event: 0.156 Thread 0x00007fda65809800 DEOPT PACKING pc=0x000000010d89b743 sp=0x000070000b661d90
Event: 0.156 Thread 0x00007fda65809800 DEOPT UNPACKING pc=0x000000010d32164a sp=0x000070000b661280 mode 0
Event: 0.156 Thread 0x00007fda65809800 DEOPT PACKING pc=0x000000010d89b743 sp=0x000070000b661d90
Event: 0.156 Thread 0x00007fda65809800 DEOPT UNPACKING pc=0x000000010d32164a sp=0x000070000b661280 mode 0
Event: 0.157 Thread 0x00007fda65809800 DEOPT PACKING pc=0x000000010d89b743 sp=0x000070000b661d90
Event: 0.157 Thread 0x00007fda65809800 DEOPT UNPACKING pc=0x000000010d32164a sp=0x000070000b661280 mode 0
Event: 0.158 Thread 0x00007fda65809800 DEOPT PACKING pc=0x000000010d89b08b sp=0x000070000b661dc0
Event: 0.158 Thread 0x00007fda65809800 DEOPT UNPACKING pc=0x000000010d32164a sp=0x000070000b661280 mode 0
Event: 0.158 Thread 0x00007fda65809800 DEOPT PACKING pc=0x000000010d89b743 sp=0x000070000b661d90
Event: 0.158 Thread 0x00007fda65809800 DEOPT UNPACKING pc=0x000000010d32164a sp=0x000070000b661280 mode 0

Classes redefined (0 events):
No events

Internal exceptions (0 events):
No events

Events (20 events):
Event: 0.146 loading class java/util/jar/JarFile$1 done
Event: 0.146 loading class java/util/jar/JarFile$JarFileEntry
Event: 0.146 loading class java/util/jar/JarEntry
Event: 0.146 loading class java/util/zip/ZipEntry
Event: 0.146 loading class java/util/zip/ZipEntry done
Event: 0.146 loading class java/util/jar/JarEntry done
Event: 0.146 loading class java/util/jar/JarFile$JarFileEntry done
Event: 0.146 loading class java/util/zip/ZipFile$ZipFileInputStream
Event: 0.146 loading class java/util/zip/ZipFile$ZipFileInputStream done
Event: 0.146 loading class java/util/zip/ZipFile$ZipFileInflaterInputStream
Event: 0.146 loading class java/util/zip/InflaterInputStream
Event: 0.146 loading class java/util/zip/InflaterInputStream done
Event: 0.146 loading class java/util/zip/ZipFile$ZipFileInflaterInputStream done
Event: 0.146 loading class java/util/zip/Inflater
Event: 0.146 loading class java/util/zip/Inflater done
Event: 0.147 Loaded shared library /Users/codytran/Library/Java/JavaVirtualMachines/corretto-11.0.17/Contents/Home/lib/libzip.dylib
Event: 0.147 loading class java/util/zip/Inflater$InflaterZStreamRef
Event: 0.147 loading class java/util/zip/Inflater$InflaterZStreamRef done
Event: 0.147 loading class java/util/zip/ZipFile$InflaterCleanupAction
Event: 0.147 loading class java/util/zip/ZipFile$InflaterCleanupAction done


Dynamic libraries:
0x00007fff2e993000 	/System/Library/Frameworks/Cocoa.framework/Versions/A/Cocoa
0x00007fff3c18a000 	/System/Library/Frameworks/Security.framework/Versions/A/Security
0x00007fff2d8f8000 	/System/Library/Frameworks/ApplicationServices.framework/Versions/A/ApplicationServices
0x00007fff68cae000 	/usr/lib/libz.1.dylib
0x0000000101250000 	/Users/codytran/Library/Java/JavaVirtualMachines/corretto-11.0.17/Contents/Home/lib/jli/libjli.dylib
0x00007fff66772000 	/usr/lib/libSystem.B.dylib
0x00007fff2cae8000 	/System/Library/Frameworks/AppKit.framework/Versions/C/AppKit
0x00007fff2f317000 	/System/Library/Frameworks/CoreData.framework/Versions/A/CoreData
0x00007fff31ef2000 	/System/Library/Frameworks/Foundation.framework/Versions/C/Foundation
0x00007fff60787000 	/System/Library/PrivateFrameworks/UIFoundation.framework/Versions/A/UIFoundation
0x00007fff5b81b000 	/System/Library/PrivateFrameworks/RemoteViewServices.framework/Versions/A/RemoteViewServices
0x00007fff632e2000 	/System/Library/PrivateFrameworks/XCTTargetBootstrap.framework/Versions/A/XCTTargetBootstrap
0x00007fff2f702000 	/System/Library/Frameworks/CoreDisplay.framework/Versions/A/CoreDisplay
0x00007fff34dad000 	/System/Library/Frameworks/Metal.framework/Versions/A/Metal
0x00007fff4981e000 	/System/Library/PrivateFrameworks/DesktopServicesPriv.framework/Versions/A/DesktopServicesPriv
0x00007fff678ad000 	/usr/lib/liblangid.dylib
0x00007fff48ab3000 	/System/Library/PrivateFrameworks/CoreSVG.framework/Versions/A/CoreSVG
0x00007fff5e977000 	/System/Library/PrivateFrameworks/SkyLight.framework/Versions/A/SkyLight
0x00007fff2fcb6000 	/System/Library/Frameworks/CoreGraphics.framework/Versions/A/CoreGraphics
0x00007fff2b4bc000 	/System/Library/Frameworks/Accelerate.framework/Versions/A/Accelerate
0x00007fff68b9f000 	/usr/lib/libxml2.2.dylib
0x00007fff547a6000 	/System/Library/PrivateFrameworks/IconServices.framework/Versions/A/IconServices
0x00007fff326d1000 	/System/Library/Frameworks/IOSurface.framework/Versions/A/IOSurface
0x00007fff6629c000 	/usr/lib/libDiagnosticMessagesClient.dylib
0x00007fff49678000 	/System/Library/PrivateFrameworks/DFRFoundation.framework/Versions/A/DFRFoundation
0x00007fff6763c000 	/usr/lib/libicucore.A.dylib
0x00007fff2dc2a000 	/System/Library/Frameworks/AudioToolbox.framework/Versions/A/AudioToolbox
0x00007fff2dd0d000 	/System/Library/Frameworks/AudioUnit.framework/Versions/A/AudioUnit
0x00007fff66974000 	/usr/lib/libauto.dylib
0x00007fff4971a000 	/System/Library/PrivateFrameworks/DataDetectorsCore.framework/Versions/A/DataDetectorsCore
0x00007fff2e4b4000 	/System/Library/Frameworks/Carbon.framework/Versions/A/Frameworks/HIToolbox.framework/Versions/A/HIToolbox
0x00007fff3b386000 	/System/Library/Frameworks/QuartzCore.framework/Versions/A/QuartzCore
0x00007fff2e7f3000 	/System/Library/Frameworks/Carbon.framework/Versions/A/Frameworks/SpeechRecognition.framework/Versions/A/SpeechRecognition
0x00007fff4918c000 	/System/Library/PrivateFrameworks/CoreUI.framework/Versions/A/CoreUI
0x00007fff2ed82000 	/System/Library/Frameworks/CoreAudio.framework/Versions/A/CoreAudio
0x00007fff31bb1000 	/System/Library/Frameworks/DiskArbitration.framework/Versions/A/DiskArbitration
0x00007fff567f6000 	/System/Library/PrivateFrameworks/MultitouchSupport.framework/Versions/A/MultitouchSupport
0x00007fff67503000 	/usr/lib/libenergytrace.dylib
0x00007fff3262b000 	/System/Library/Frameworks/IOKit.framework/Versions/A/IOKit
0x00007fff30c1d000 	/System/Library/Frameworks/CoreServices.framework/Versions/A/CoreServices
0x00007fff589ae000 	/System/Library/PrivateFrameworks/PerformanceAnalysis.framework/Versions/A/PerformanceAnalysis
0x00007fff3a3b9000 	/System/Library/Frameworks/OpenGL.framework/Versions/A/OpenGL
0x00007fff685d2000 	/usr/lib/libobjc.A.dylib
0x00007fff2e9a1000 	/System/Library/Frameworks/ColorSync.framework/Versions/A/ColorSync
0x00007fff2f835000 	/System/Library/Frameworks/CoreFoundation.framework/Versions/A/CoreFoundation
0x00007fff30339000 	/System/Library/Frameworks/CoreImage.framework/Versions/A/CoreImage
0x00007fff31690000 	/System/Library/Frameworks/CoreText.framework/Versions/A/CoreText
0x00007fff32761000 	/System/Library/Frameworks/ImageIO.framework/Versions/A/ImageIO
0x00007fff66a58000 	/usr/lib/libc++.1.dylib
0x00007fff66ad4000 	/usr/lib/libcompression.dylib
0x00007fff665e0000 	/usr/lib/libMobileGestalt.dylib
0x00007fff604f1000 	/System/Library/PrivateFrameworks/TextureIO.framework/Versions/A/TextureIO
0x00007fff668d7000 	/usr/lib/libate.dylib
0x00007fff549af000 	/System/Library/PrivateFrameworks/InternationalSupport.framework/Versions/A/InternationalSupport
0x00007fff6956f000 	/usr/lib/system/libcache.dylib
0x00007fff69575000 	/usr/lib/system/libcommonCrypto.dylib
0x00007fff69581000 	/usr/lib/system/libcompiler_rt.dylib
0x00007fff69589000 	/usr/lib/system/libcopyfile.dylib
0x00007fff69593000 	/usr/lib/system/libcorecrypto.dylib
0x00007fff69732000 	/usr/lib/system/libdispatch.dylib
0x00007fff69773000 	/usr/lib/system/libdyld.dylib
0x00007fff697aa000 	/usr/lib/system/libkeymgr.dylib
0x00007fff697b8000 	/usr/lib/system/liblaunch.dylib
0x00007fff697b9000 	/usr/lib/system/libmacho.dylib
0x00007fff697bf000 	/usr/lib/system/libquarantine.dylib
0x00007fff697c2000 	/usr/lib/system/libremovefile.dylib
0x00007fff697c4000 	/usr/lib/system/libsystem_asl.dylib
0x00007fff697dc000 	/usr/lib/system/libsystem_blocks.dylib
0x00007fff697dd000 	/usr/lib/system/libsystem_c.dylib
0x00007fff69865000 	/usr/lib/system/libsystem_configuration.dylib
0x00007fff69869000 	/usr/lib/system/libsystem_coreservices.dylib
0x00007fff6986d000 	/usr/lib/system/libsystem_darwin.dylib
0x00007fff69876000 	/usr/lib/system/libsystem_dnssd.dylib
0x00007fff6987e000 	/usr/lib/system/libsystem_featureflags.dylib
0x00007fff69880000 	/usr/lib/system/libsystem_info.dylib
0x00007fff698fb000 	/usr/lib/system/libsystem_m.dylib
0x00007fff69943000 	/usr/lib/system/libsystem_malloc.dylib
0x00007fff6996b000 	/usr/lib/system/libsystem_networkextension.dylib
0x00007fff69979000 	/usr/lib/system/libsystem_notify.dylib
0x00007fff69997000 	/usr/lib/system/libsystem_sandbox.dylib
0x00007fff6999c000 	/usr/lib/system/libsystem_secinit.dylib
0x00007fff698ce000 	/usr/lib/system/libsystem_kernel.dylib
0x00007fff69983000 	/usr/lib/system/libsystem_platform.dylib
0x00007fff6998c000 	/usr/lib/system/libsystem_pthread.dylib
0x00007fff6999f000 	/usr/lib/system/libsystem_symptoms.dylib
0x00007fff699a7000 	/usr/lib/system/libsystem_trace.dylib
0x00007fff699bf000 	/usr/lib/system/libunwind.dylib
0x00007fff699c5000 	/usr/lib/system/libxpc.dylib
0x00007fff66aab000 	/usr/lib/libc++abi.dylib
0x00007fff678af000 	/usr/lib/liblzma.5.dylib
0x00007fff6752a000 	/usr/lib/libfakelink.dylib
0x00007fff66864000 	/usr/lib/libarchive.2.dylib
0x00007fff3d23b000 	/System/Library/Frameworks/SystemConfiguration.framework/Versions/A/SystemConfiguration
0x00007fff661cf000 	/usr/lib/libCRFSuite.dylib
0x00007fff2e0a4000 	/System/Library/Frameworks/CFNetwork.framework/Versions/A/CFNetwork
0x00007fff66a3a000 	/usr/lib/libbsm.0.dylib
0x00007fff697ab000 	/usr/lib/system/libkxld.dylib
0x00007fff42ff5000 	/System/Library/PrivateFrameworks/AppleFSCompression.framework/Versions/A/AppleFSCompression
0x00007fff66dc5000 	/usr/lib/libcoretls.dylib
0x00007fff66ddc000 	/usr/lib/libcoretls_cfhelpers.dylib
0x00007fff68618000 	/usr/lib/libpam.2.dylib
0x00007fff6874d000 	/usr/lib/libsqlite3.dylib
0x00007fff68b8c000 	/usr/lib/libxar.1.dylib
0x00007fff66a4b000 	/usr/lib/libbz2.1.0.dylib
0x00007fff6754b000 	/usr/lib/libiconv.2.dylib
0x00007fff66ac1000 	/usr/lib/libcharset.1.dylib
0x00007fff680b5000 	/usr/lib/libnetwork.dylib
0x00007fff6861f000 	/usr/lib/libpcap.A.dylib
0x00007fff66819000 	/usr/lib/libapple_nghttp2.dylib
0x00007fff30fd4000 	/System/Library/Frameworks/CoreServices.framework/Versions/A/Frameworks/FSEvents.framework/Versions/A/FSEvents
0x00007fff30ca4000 	/System/Library/Frameworks/CoreServices.framework/Versions/A/Frameworks/CarbonCore.framework/Versions/A/CarbonCore
0x00007fff31218000 	/System/Library/Frameworks/CoreServices.framework/Versions/A/Frameworks/Metadata.framework/Versions/A/Metadata
0x00007fff312b1000 	/System/Library/Frameworks/CoreServices.framework/Versions/A/Frameworks/OSServices.framework/Versions/A/OSServices
0x00007fff312df000 	/System/Library/Frameworks/CoreServices.framework/Versions/A/Frameworks/SearchKit.framework/Versions/A/SearchKit
0x00007fff30c1e000 	/System/Library/Frameworks/CoreServices.framework/Versions/A/Frameworks/AE.framework/Versions/A/AE
0x00007fff30fdd000 	/System/Library/Frameworks/CoreServices.framework/Versions/A/Frameworks/LaunchServices.framework/Versions/A/LaunchServices
0x00007fff30f86000 	/System/Library/Frameworks/CoreServices.framework/Versions/A/Frameworks/DictionaryServices.framework/Versions/A/DictionaryServices
0x00007fff31347000 	/System/Library/Frameworks/CoreServices.framework/Versions/A/Frameworks/SharedFileList.framework/Versions/A/SharedFileList
0x00007fff361d8000 	/System/Library/Frameworks/NetFS.framework/Versions/A/NetFS
0x00007fff56d26000 	/System/Library/PrivateFrameworks/NetAuth.framework/Versions/A/NetAuth
0x00007fff636af000 	/System/Library/PrivateFrameworks/login.framework/Versions/A/Frameworks/loginsupport.framework/Versions/A/loginsupport
0x00007fff5ffbc000 	/System/Library/PrivateFrameworks/TCC.framework/Versions/A/TCC
0x00007fff47c26000 	/System/Library/PrivateFrameworks/CoreNLP.framework/Versions/A/CoreNLP
0x00007fff56223000 	/System/Library/PrivateFrameworks/MetadataUtilities.framework/Versions/A/MetadataUtilities
0x00007fff67987000 	/usr/lib/libmecabra.dylib
0x00007fff678df000 	/usr/lib/libmecab.dylib
0x00007fff6753b000 	/usr/lib/libgermantok.dylib
0x00007fff66800000 	/usr/lib/libThaiTokenizer.dylib
0x00007fff66206000 	/usr/lib/libChineseTokenizer.dylib
0x00007fff2b4d4000 	/System/Library/Frameworks/Accelerate.framework/Versions/A/Frameworks/vImage.framework/Versions/A/vImage
0x00007fff2c93e000 	/System/Library/Frameworks/Accelerate.framework/Versions/A/Frameworks/vecLib.framework/Versions/A/vecLib
0x00007fff2c87b000 	/System/Library/Frameworks/Accelerate.framework/Versions/A/Frameworks/vecLib.framework/Versions/A/libvMisc.dylib
0x00007fff2c6a3000 	/System/Library/Frameworks/Accelerate.framework/Versions/A/Frameworks/vecLib.framework/Versions/A/libvDSP.dylib
0x00007fff2bb2b000 	/System/Library/Frameworks/Accelerate.framework/Versions/A/Frameworks/vecLib.framework/Versions/A/libBLAS.dylib
0x00007fff2c267000 	/System/Library/Frameworks/Accelerate.framework/Versions/A/Frameworks/vecLib.framework/Versions/A/libLAPACK.dylib
0x00007fff2c603000 	/System/Library/Frameworks/Accelerate.framework/Versions/A/Frameworks/vecLib.framework/Versions/A/libLinearAlgebra.dylib
0x00007fff2c690000 	/System/Library/Frameworks/Accelerate.framework/Versions/A/Frameworks/vecLib.framework/Versions/A/libSparseBLAS.dylib
0x00007fff2c619000 	/System/Library/Frameworks/Accelerate.framework/Versions/A/Frameworks/vecLib.framework/Versions/A/libQuadrature.dylib
0x00007fff2bd93000 	/System/Library/Frameworks/Accelerate.framework/Versions/A/Frameworks/vecLib.framework/Versions/A/libBNNS.dylib
0x00007fff2c61f000 	/System/Library/Frameworks/Accelerate.framework/Versions/A/Frameworks/vecLib.framework/Versions/A/libSparse.dylib
0x00007fff54d97000 	/System/Library/PrivateFrameworks/LanguageModeling.framework/Versions/A/LanguageModeling
0x00007fff475d6000 	/System/Library/PrivateFrameworks/CoreEmoji.framework/Versions/A/CoreEmoji
0x00007fff54eb5000 	/System/Library/PrivateFrameworks/LinguisticData.framework/Versions/A/LinguisticData
0x00007fff54e66000 	/System/Library/PrivateFrameworks/Lexicon.framework/Versions/A/Lexicon
0x00007fff66ac2000 	/usr/lib/libcmph.dylib
0x00007fff38dc7000 	/System/Library/Frameworks/OpenDirectory.framework/Versions/A/Frameworks/CFOpenDirectory.framework/Versions/A/CFOpenDirectory
0x00007fff38de4000 	/System/Library/Frameworks/OpenDirectory.framework/Versions/A/OpenDirectory
0x00007fff41225000 	/System/Library/PrivateFrameworks/APFS.framework/Versions/A/APFS
0x00007fff3c4d4000 	/System/Library/Frameworks/SecurityFoundation.framework/Versions/A/SecurityFoundation
0x00007fff68b88000 	/usr/lib/libutil.dylib
0x00007fff48b0b000 	/System/Library/PrivateFrameworks/CoreServicesStore.framework/Versions/A/CoreServicesStore
0x00007fff3c58b000 	/System/Library/Frameworks/ServiceManagement.framework/Versions/A/ServiceManagement
0x00007fff447c5000 	/System/Library/PrivateFrameworks/BackgroundTaskManagement.framework/Versions/A/BackgroundTaskManagement
0x00007fff68c85000 	/usr/lib/libxslt.1.dylib
0x00007fff43668000 	/System/Library/PrivateFrameworks/AppleSystemInfo.framework/Versions/A/AppleSystemInfo
0x00007fff3297c000 	/System/Library/Frameworks/ImageIO.framework/Versions/A/Resources/libJPEG.dylib
0x00007fff32c3b000 	/System/Library/Frameworks/ImageIO.framework/Versions/A/Resources/libTIFF.dylib
0x00007fff32c1e000 	/System/Library/Frameworks/ImageIO.framework/Versions/A/Resources/libPng.dylib
0x00007fff328be000 	/System/Library/Frameworks/ImageIO.framework/Versions/A/Resources/libGIF.dylib
0x00007fff328c2000 	/System/Library/Frameworks/ImageIO.framework/Versions/A/Resources/libJP2.dylib
0x00007fff32c39000 	/System/Library/Frameworks/ImageIO.framework/Versions/A/Resources/libRadiance.dylib
0x00007fff67504000 	/usr/lib/libexpat.1.dylib
0x00007fff43150000 	/System/Library/PrivateFrameworks/AppleJPEG.framework/Versions/A/AppleJPEG
0x00007fff4be0b000 	/System/Library/PrivateFrameworks/FontServices.framework/libFontParser.dylib
0x00007fff626b1000 	/System/Library/PrivateFrameworks/WatchdogClient.framework/Versions/A/WatchdogClient
0x00007fff543f2000 	/System/Library/PrivateFrameworks/IOAccelerator.framework/Versions/A/IOAccelerator
0x00007fff35148000 	/System/Library/Frameworks/MetalPerformanceShaders.framework/Versions/A/MetalPerformanceShaders
0x00007fff50b88000 	/System/Library/PrivateFrameworks/GPUWrangler.framework/Versions/A/GPUWrangler
0x00007fff54407000 	/System/Library/PrivateFrameworks/IOPresentment.framework/Versions/A/IOPresentment
0x00007fff4968b000 	/System/Library/PrivateFrameworks/DSExternalDisplay.framework/Versions/A/DSExternalDisplay
0x00007fff39758000 	/System/Library/Frameworks/OpenGL.framework/Versions/A/Libraries/libCoreFSCache.dylib
0x00007fff34e94000 	/System/Library/Frameworks/MetalPerformanceShaders.framework/Frameworks/MPSCore.framework/Versions/A/MPSCore
0x00007fff34ed2000 	/System/Library/Frameworks/MetalPerformanceShaders.framework/Frameworks/MPSImage.framework/Versions/A/MPSImage
0x00007fff34f99000 	/System/Library/Frameworks/MetalPerformanceShaders.framework/Frameworks/MPSNeuralNetwork.framework/Versions/A/MPSNeuralNetwork
0x00007fff34f5d000 	/System/Library/Frameworks/MetalPerformanceShaders.framework/Frameworks/MPSMatrix.framework/Versions/A/MPSMatrix
0x00007fff350f8000 	/System/Library/Frameworks/MetalPerformanceShaders.framework/Frameworks/MPSRayIntersector.framework/Versions/A/MPSRayIntersector
0x00007fff34f83000 	/System/Library/Frameworks/MetalPerformanceShaders.framework/Frameworks/MPSNDArray.framework/Versions/A/MPSNDArray
0x00007fff56270000 	/System/Library/PrivateFrameworks/MetalTools.framework/Versions/A/MetalTools
0x00007fff423ff000 	/System/Library/PrivateFrameworks/AggregateDictionary.framework/Versions/A/AggregateDictionary
0x00007fff4701e000 	/System/Library/PrivateFrameworks/CoreAnalytics.framework/Versions/A/CoreAnalytics
0x00007fff43587000 	/System/Library/PrivateFrameworks/AppleSauce.framework/Versions/A/AppleSauce
0x00007fff664c2000 	/usr/lib/libIOReport.dylib
0x00007fff31848000 	/System/Library/Frameworks/CoreVideo.framework/Versions/A/CoreVideo
0x00007fff52001000 	/System/Library/PrivateFrameworks/GraphVisualizer.framework/Versions/A/GraphVisualizer
0x00007fff4b351000 	/System/Library/PrivateFrameworks/FaceCore.framework/Versions/A/FaceCore
0x00007fff38d6e000 	/System/Library/Frameworks/OpenCL.framework/Versions/A/OpenCL
0x00007fff662e4000 	/usr/lib/libFosl_dynamic.dylib
0x00007fff57746000 	/System/Library/PrivateFrameworks/OTSVG.framework/Versions/A/OTSVG
0x00007fff2d9fd000 	/System/Library/Frameworks/ApplicationServices.framework/Versions/A/Frameworks/ATS.framework/Versions/A/Resources/libFontRegistry.dylib
0x00007fff4bfdc000 	/System/Library/PrivateFrameworks/FontServices.framework/libhvf.dylib
0x00007fff39763000 	/System/Library/Frameworks/OpenGL.framework/Versions/A/Libraries/libGFXShared.dylib
0x00007fff39941000 	/System/Library/Frameworks/OpenGL.framework/Versions/A/Libraries/libGLU.dylib
0x00007fff3976c000 	/System/Library/Frameworks/OpenGL.framework/Versions/A/Libraries/libGL.dylib
0x00007fff39777000 	/System/Library/Frameworks/OpenGL.framework/Versions/A/Libraries/libGLImage.dylib
0x00007fff39755000 	/System/Library/Frameworks/OpenGL.framework/Versions/A/Libraries/libCVMSPluginSupport.dylib
0x00007fff3975e000 	/System/Library/Frameworks/OpenGL.framework/Versions/A/Libraries/libCoreVMClient.dylib
0x00007fff67f56000 	/usr/lib/libncurses.5.4.dylib
0x00007fff2d8f9000 	/System/Library/Frameworks/ApplicationServices.framework/Versions/A/Frameworks/ATS.framework/Versions/A/ATS
0x00007fff2dac6000 	/System/Library/Frameworks/ApplicationServices.framework/Versions/A/Frameworks/ColorSyncLegacy.framework/Versions/A/ColorSyncLegacy
0x00007fff2db64000 	/System/Library/Frameworks/ApplicationServices.framework/Versions/A/Frameworks/HIServices.framework/Versions/A/HIServices
0x00007fff2dbbc000 	/System/Library/Frameworks/ApplicationServices.framework/Versions/A/Frameworks/LangAnalysis.framework/Versions/A/LangAnalysis
0x00007fff2dbcb000 	/System/Library/Frameworks/ApplicationServices.framework/Versions/A/Frameworks/PrintCore.framework/Versions/A/PrintCore
0x00007fff2dc11000 	/System/Library/Frameworks/ApplicationServices.framework/Versions/A/Frameworks/QD.framework/Versions/A/QD
0x00007fff2dc1c000 	/System/Library/Frameworks/ApplicationServices.framework/Versions/A/Frameworks/SpeechSynthesis.framework/Versions/A/SpeechSynthesis
0x00007fff2da96000 	/System/Library/Frameworks/ApplicationServices.framework/Versions/A/Frameworks/ATSUI.framework/Versions/A/ATSUI
0x00007fff6739a000 	/usr/lib/libcups.2.dylib
0x00007fff341e3000 	/System/Library/Frameworks/Kerberos.framework/Versions/A/Kerberos
0x00007fff32324000 	/System/Library/Frameworks/GSS.framework/Versions/A/GSS
0x00007fff686d9000 	/usr/lib/libresolv.9.dylib
0x00007fff521ae000 	/System/Library/PrivateFrameworks/Heimdal.framework/Versions/A/Heimdal
0x00007fff341f6000 	/System/Library/Frameworks/Kerberos.framework/Versions/A/Libraries/libHeimdalProxy.dylib
0x00007fff67541000 	/usr/lib/libheimdal-asn1.dylib
0x00007fff464b6000 	/System/Library/PrivateFrameworks/CommonAuth.framework/Versions/A/CommonAuth
0x00007fff43705000 	/System/Library/PrivateFrameworks/AssertionServices.framework/Versions/A/AssertionServices
0x00007fff442a8000 	/System/Library/PrivateFrameworks/AudioToolboxCore.framework/Versions/A/AudioToolboxCore
0x00007fff6335f000 	/System/Library/PrivateFrameworks/caulk.framework/Versions/A/caulk
0x00007fff44871000 	/System/Library/PrivateFrameworks/BaseBoard.framework/Versions/A/BaseBoard
0x00007fff5b9a9000 	/System/Library/PrivateFrameworks/RunningBoardServices.framework/Versions/A/RunningBoardServices
0x00007fff589ba000 	/System/Library/PrivateFrameworks/PersistentConnection.framework/Versions/A/PersistentConnection
0x00007fff5b3a2000 	/System/Library/PrivateFrameworks/ProtocolBuffer.framework/Versions/A/ProtocolBuffer
0x00007fff464da000 	/System/Library/PrivateFrameworks/CommonUtilities.framework/Versions/A/CommonUtilities
0x00007fff449ff000 	/System/Library/PrivateFrameworks/Bom.framework/Versions/A/Bom
0x00007fff66195000 	/usr/lib/libAudioToolboxUtility.dylib
0x00007fff447cf000 	/System/Library/PrivateFrameworks/Backup.framework/Versions/A/Backup
0x00007fff495ac000 	/System/Library/PrivateFrameworks/CrashReporterSupport.framework/Versions/A/CrashReporterSupport
0x00007fff5d43b000 	/System/Library/PrivateFrameworks/Sharing.framework/Versions/A/Sharing
0x00007fff42d13000 	/System/Library/PrivateFrameworks/Apple80211.framework/Versions/A/Apple80211
0x00007fff444ec000 	/System/Library/PrivateFrameworks/AuthKit.framework/Versions/A/AuthKit
0x00007fff492b9000 	/System/Library/PrivateFrameworks/CoreUtils.framework/Versions/A/CoreUtils
0x00007fff3188d000 	/System/Library/Frameworks/CoreWLAN.framework/Versions/A/CoreWLAN
0x00007fff324b1000 	/System/Library/Frameworks/IOBluetooth.framework/Versions/A/IOBluetooth
0x00007fff56575000 	/System/Library/PrivateFrameworks/MobileKeyBag.framework/Versions/A/MobileKeyBag
0x00007fff480be000 	/System/Library/PrivateFrameworks/CorePhoneNumbers.framework/Versions/A/CorePhoneNumbers
0x00007fff43103000 	/System/Library/PrivateFrameworks/AppleIDAuthSupport.framework/Versions/A/AppleIDAuthSupport
0x00007fff361e5000 	/System/Library/Frameworks/Network.framework/Versions/A/Network
0x00007fff54c43000 	/System/Library/PrivateFrameworks/KeychainCircle.framework/Versions/A/KeychainCircle
0x00007fff2f2de000 	/System/Library/Frameworks/CoreBluetooth.framework/Versions/A/CoreBluetooth
0x00007fff5f4ba000 	/System/Library/PrivateFrameworks/SpeechRecognitionCore.framework/Versions/A/SpeechRecognitionCore
0x0000000102c00000 	/Users/codytran/Library/Java/JavaVirtualMachines/corretto-11.0.17/Contents/Home/lib/server/libjvm.dylib
0x000000010128d000 	/Users/codytran/Library/Java/JavaVirtualMachines/corretto-11.0.17/Contents/Home/lib/libverify.dylib
0x00000001012a1000 	/Users/codytran/Library/Java/JavaVirtualMachines/corretto-11.0.17/Contents/Home/lib/libjava.dylib
0x00000001012d2000 	/Users/codytran/Library/Java/JavaVirtualMachines/corretto-11.0.17/Contents/Home/lib/libjimage.dylib
0x00000001012e4000 	/Users/codytran/Library/Java/JavaVirtualMachines/corretto-11.0.17/Contents/Home/lib/libinstrument.dylib
0x0000000101340000 	/Users/codytran/Library/Java/JavaVirtualMachines/corretto-11.0.17/Contents/Home/lib/libzip.dylib
0x0000000101370000 	/Users/codytran/Library/Java/JavaVirtualMachines/corretto-11.0.17/Contents/Home/lib/libnio.dylib
0x0000000101388000 	/Users/codytran/Library/Java/JavaVirtualMachines/corretto-11.0.17/Contents/Home/lib/libnet.dylib


VM Arguments:
jvm_args: -javaagent:/Applications/IntelliJ IDEA CE.app/Contents/lib/idea_rt.jar=49958:/Applications/IntelliJ IDEA CE.app/Contents/bin -Dfile.encoding=UTF-8 
java_command: com.example.course.CourseApplication
java_class_path (initial): /Users/codytran/Project/sandbox/course/target/classes:/Users/codytran/.m2/repository/org/springframework/boot/spring-boot-starter-web/2.4.3/spring-boot-starter-web-2.4.3.jar:/Users/codytran/.m2/repository/org/springframework/boot/spring-boot-starter/2.4.3/spring-boot-starter-2.4.3.jar:/Users/codytran/.m2/repository/org/springframework/boot/spring-boot/2.4.3/spring-boot-2.4.3.jar:/Users/codytran/.m2/repository/org/springframework/boot/spring-boot-autoconfigure/2.4.3/spring-boot-autoconfigure-2.4.3.jar:/Users/codytran/.m2/repository/org/springframework/boot/spring-boot-starter-logging/2.4.3/spring-boot-starter-logging-2.4.3.jar:/Users/codytran/.m2/repository/ch/qos/logback/logback-classic/1.2.3/logback-classic-1.2.3.jar:/Users/codytran/.m2/repository/ch/qos/logback/logback-core/1.2.3/logback-core-1.2.3.jar:/Users/codytran/.m2/repository/org/apache/logging/log4j/log4j-to-slf4j/2.13.3/log4j-to-slf4j-2.13.3.jar:/Users/codytran/.m2/repository/org/apache/logging/log4j/log4j-api/2.13.3/log4j-api-2.13.3.jar:/Users/codytran/.m2/repository/org/slf4j/jul-to-slf4j/1.7.30/jul-to-slf4j-1.7.30.jar:/Users/codytran/.m2/repository/jakarta/annotation/jakarta.annotation-api/1.3.5/jakarta.annotation-api-1.3.5.jar:/Users/codytran/.m2/repository/org/yaml/snakeyaml/1.27/snakeyaml-1.27.jar:/Users/codytran/.m2/repository/org/springframework/boot/spring-boot-starter-json/2.4.3/spring-boot-starter-json-2.4.3.jar:/Users/codytran/.m2/repository/com/fasterxml/jackson/core/jackson-databind/2.11.4/jackson-databind-2.11.4.jar:/Users/codytran/.m2/repository/com/fasterxml/jackson/core/jackson-annotations/2.11.4/jackson-annotations-2.11.4.jar:/Users/codytran/.m2/repository/com/fasterxml/jackson/core/jackson-core/2.11.4/jackson-core-2.11.4.jar:/Users/codytran/.m2/repository/com/fasterxml/jackson/datatype/jackson-datatype-jdk8/2.11.4/jackson-datatype-jdk8-2.11.4.jar:/Users/codytran/.m2/repository/com/fasterxml/jackson/datatype/jackson-datatype-jsr310/2.11.4/jackson-datatype-js
Launcher Type: SUN_STANDARD

[Global flags]
     intx CICompilerCount                          = 4                                         {product} {ergonomic}
     uint ConcGCThreads                            = 3                                         {product} {ergonomic}
     uint G1ConcRefinementThreads                  = 10                                        {product} {ergonomic}
   size_t G1HeapRegionSize                         = 2097152                                   {product} {ergonomic}
    uintx GCDrainStackTargetSize                   = 64                                        {product} {ergonomic}
   size_t InitialHeapSize                          = 536870912                                 {product} {ergonomic}
   size_t MarkStackSize                            = 4194304                                   {product} {ergonomic}
   size_t MaxHeapSize                              = 8589934592                                {product} {ergonomic}
   size_t MaxNewSize                               = 5152702464                                {product} {ergonomic}
   size_t MinHeapDeltaBytes                        = 2097152                                   {product} {ergonomic}
    uintx NonNMethodCodeHeapSize                   = 5836300                                {pd product} {ergonomic}
    uintx NonProfiledCodeHeapSize                  = 122910970                              {pd product} {ergonomic}
    uintx ProfiledCodeHeapSize                     = 122910970                              {pd product} {ergonomic}
    uintx ReservedCodeCacheSize                    = 251658240                              {pd product} {ergonomic}
     bool SegmentedCodeCache                       = true                                      {product} {ergonomic}
     bool UseCompressedClassPointers               = true                                 {lp64_product} {ergonomic}
     bool UseCompressedOops                        = true                                 {lp64_product} {ergonomic}
     bool UseG1GC                                  = true                                      {product} {ergonomic}

Logging:
Log output configuration:
 #0: stdout all=warning uptime,level,tags
 #1: stderr all=off uptime,level,tags

Environment Variables:
JAVA_HOME=/Users/codytran/.sdkman/candidates/java/current
PATH=/Users/codytran/.sdkman/candidates/java/current/bin:/Applications/Postgres.app/Contents/Versions/15/bin:/usr/local/bin:/usr/bin:/bin:/usr/sbin:/sbin
SHELL=/bin/zsh
LC_CTYPE=en_US.UTF-8
TMPDIR=/var/folders/jb/9g3d221d64v7rpww2_6my5dh0000gn/T/

Signal Handlers:
SIGSEGV: [libjvm.dylib+0x7d05ce], sa_mask[0]=11111111011111110111111111111111, sa_flags=SA_ONSTACK|SA_RESTART|SA_SIGINFO
SIGBUS: [libjvm.dylib+0x7d05ce], sa_mask[0]=11111111011111110111111111111111, sa_flags=SA_RESTART|SA_SIGINFO
SIGFPE: [libjvm.dylib+0x7d05ce], sa_mask[0]=11111111011111110111111111111111, sa_flags=SA_RESTART|SA_SIGINFO
SIGPIPE: [libjvm.dylib+0x633bb4], sa_mask[0]=11111111011111110111111111111111, sa_flags=SA_RESTART|SA_SIGINFO
SIGXFSZ: [libjvm.dylib+0x633bb4], sa_mask[0]=11111111011111110111111111111111, sa_flags=SA_RESTART|SA_SIGINFO
SIGILL: [libjvm.dylib+0x7d05ce], sa_mask[0]=11111111011111110111111111111111, sa_flags=SA_RESTART|SA_SIGINFO
SIGUSR2: [libjvm.dylib+0x634192], sa_mask[0]=00100000000000000000000000000000, sa_flags=SA_RESTART|SA_SIGINFO
SIGHUP: [libjvm.dylib+0x632cc1], sa_mask[0]=11111111011111110111111111111111, sa_flags=SA_RESTART|SA_SIGINFO
SIGINT: [libjvm.dylib+0x632cc1], sa_mask[0]=11111111011111110111111111111111, sa_flags=SA_RESTART|SA_SIGINFO
SIGTERM: [libjvm.dylib+0x632cc1], sa_mask[0]=11111111011111110111111111111111, sa_flags=SA_RESTART|SA_SIGINFO
SIGQUIT: [libjvm.dylib+0x632cc1], sa_mask[0]=11111111011111110111111111111111, sa_flags=SA_RESTART|SA_SIGINFO


---------------  S Y S T E M  ---------------

OS:uname:Darwin 19.6.0 Darwin Kernel Version 19.6.0: Thu Oct 29 22:56:45 PDT 2020; root:xnu-6153.141.2.2~1/RELEASE_X86_64 x86_64
OS uptime: 0 days 0:16 hours
rlimit (soft/hard): STACK 8192k/65532k , CORE 0k/infinity , NPROC 5568/8352 , NOFILE 10240/infinity , AS infinity/infinity , CPU infinity/infinity , DATA infinity/infinity , FSIZE infinity/infinity , MEMLOCK infinity/infinity , RSS infinity/infinity
load average:1.94 1.96 1.58

CPU:total 12 (initial active 12) (6 cores per cpu, 2 threads per core) family 6 model 158 stepping 10 microcode 0xf0, cmov, cx8, fxsr, mmx, sse, sse2, sse3, ssse3, sse4.1, sse4.2, popcnt, avx, avx2, aes, clmul, erms, 3dnowpref, lzcnt, ht, tsc, tscinvbit, bmi1, bmi2, adx, fma

Memory: 4k page, physical 33554432k(1703268k free), swap 0k(0k free)

vm_info: OpenJDK 64-Bit Server VM (11.0.17+8-LTS) for bsd-amd64 JRE (11.0.17+8-LTS), built on Oct 12 2022 23:29:55 by "ec2user" with clang Apple LLVM 13.0.0 (clang-1300.0.29.30)

END.
