#
# A fatal error has been detected by the Java Runtime Environment:
#
#  SIGSEGV (0xb) at pc=0x0000000103f6179f, pid=1530, tid=41731
#
# JRE version: OpenJDK Runtime Environment AdoptOpenJDK-dcevm-11.0.15+1-202204281459 (11.0.15+1) (build 11.0.15+1-202204281459)
# Java VM: Dynamic Code Evolution 64-Bit Server VM AdoptOpenJDK-dcevm-11.0.15+1-202204281459 (11.0.15+1-202204281459, mixed mode, tiered, compressed oops, g1 gc, bsd-amd64)
# Problematic frame:
# V  [libjvm.dylib+0x16179f]  _ZN13PhiSimplifier8simplifyEP11Instruction+0x99
#
# No core dump will be written. Core dumps have been disabled. To enable core dumping, try "ulimit -c unlimited" before starting Java again
#
# If you would like to submit a bug report, please visit:
#   https://github.com/AdoptOpenJDK/openjdk-support/issues
#

---------------  S U M M A R Y ------------

Command Line: -Dmaven.home=/Volumes -Dmaven.multiModuleProjectDirectory=/Volumes/course org.apache.maven.wrapper.MavenWrapperMain clean install

Host: MacBookPro16,1 x86_64 2600 MHz, 12 cores, 32G, Darwin 19.6.0
Time: Sun Mar 12 13:21:44 2023 EDT elapsed time: 1.308944 seconds (0d 0h 0m 1s)

---------------  T H R E A D  ---------------

Current thread (0x00007fa4b181c000):  JavaThread "C1 CompilerThread0" daemon [_thread_in_native, id=41731, stack(0x0000700005509000,0x0000700005609000)]


Current CompileTask:
C1:   1309 2400       3       org.apache.maven.model.io.xpp3.MavenXpp3Reader::parsePlugin (506 bytes)

Stack: [0x0000700005509000,0x0000700005609000],  sp=0x00007000056080c0,  free space=1020k
Native frames: (J=compiled Java code, A=aot compiled Java code, j=interpreted, Vv=VM code, C=native code)
V  [libjvm.dylib+0x16179f]  _ZN13PhiSimplifier8simplifyEP11Instruction+0x99
V  [libjvm.dylib+0x1618be]  _ZN13PhiSimplifier8block_doEP10BlockBegin+0xac
V  [libjvm.dylib+0x16da29]  _ZN10BlockBegin16iterate_preorderER13GrowableArrayIbEP12BlockClosure+0x43
V  [libjvm.dylib+0x16da82]  _ZN10BlockBegin16iterate_preorderER13GrowableArrayIbEP12BlockClosure+0x9c
V  [libjvm.dylib+0x16daa4]  _ZN10BlockBegin16iterate_preorderER13GrowableArrayIbEP12BlockClosure+0xbe
V  [libjvm.dylib+0x16da82]  _ZN10BlockBegin16iterate_preorderER13GrowableArrayIbEP12BlockClosure+0x9c
V  [libjvm.dylib+0x16da82]  _ZN10BlockBegin16iterate_preorderER13GrowableArrayIbEP12BlockClosure+0x9c
V  [libjvm.dylib+0x16da82]  _ZN10BlockBegin16iterate_preorderER13GrowableArrayIbEP12BlockClosure+0x9c
V  [libjvm.dylib+0x16da82]  _ZN10BlockBegin16iterate_preorderER13GrowableArrayIbEP12BlockClosure+0x9c
V  [libjvm.dylib+0x16da82]  _ZN10BlockBegin16iterate_preorderER13GrowableArrayIbEP12BlockClosure+0x9c
V  [libjvm.dylib+0x16dbe2]  _ZN10BlockBegin16iterate_preorderEP12BlockClosure+0x5c
V  [libjvm.dylib+0x168a45]  _ZN13PhiSimplifierC2EP10BlockBegin+0x2f
V  [libjvm.dylib+0x1644f3]  _ZN12GraphBuilderC2EP11CompilationP7IRScope+0x3b9
V  [libjvm.dylib+0x16a77b]  _ZN7IRScopeC2EP11CompilationPS_iP8ciMethodib+0x103
V  [libjvm.dylib+0x16ab8e]  _ZN2IRC2EP11CompilationP8ciMethodi+0x76
V  [libjvm.dylib+0x154dfd]  _ZN11Compilation9build_hirEv+0xad
V  [libjvm.dylib+0x155628]  _ZN11Compilation19compile_java_methodEv+0x58
V  [libjvm.dylib+0x155865]  _ZN11Compilation14compile_methodEv+0x71
V  [libjvm.dylib+0x155a86]  _ZN11CompilationC2EP16AbstractCompilerP5ciEnvP8ciMethodiP10BufferBlobP12DirectiveSet+0x17c
V  [libjvm.dylib+0x156e19]  _ZN8Compiler14compile_methodEP5ciEnvP8ciMethodiP12DirectiveSet+0x61
V  [libjvm.dylib+0x23e5b9]  _ZN13CompileBroker25invoke_compiler_on_methodEP11CompileTask+0x595
V  [libjvm.dylib+0x23deb7]  _ZN13CompileBroker20compiler_thread_loopEv+0x1ff
V  [libjvm.dylib+0x7234a8]  _ZN10JavaThread17thread_main_innerEv+0x82
V  [libjvm.dylib+0x7232f8]  _ZN10JavaThread3runEv+0x126
V  [libjvm.dylib+0x721220]  _ZN6Thread8call_runEv+0x68
V  [libjvm.dylib+0x626d00]  _ZL19thread_native_entryP6Thread+0x136
C  [libsystem_pthread.dylib+0x6109]  _pthread_start+0x94
C  [libsystem_pthread.dylib+0x1b8b]  thread_start+0xf


siginfo: si_signo: 11 (SIGSEGV), si_code: 0 (unknown), si_addr: 0x0000000000000000

Register to memory mapping:

RAX=0x00007fa4b145b310 points into unknown readable memory: 0x00000001046dedf0 | f0 ed 6d 04 01 00 00 00
RBX=0x00007fa4b12af480 points into unknown readable memory: 0x00000001046e1a08 | 08 1a 6e 04 01 00 00 00
RCX=0x00047fa4b0f0d340 is an unknown value
RDX=0x00007000056083e8 is pointing into the stack for thread: 0x00007fa4b181c000
RSP=0x00007000056080c0 is pointing into the stack for thread: 0x00007fa4b181c000
RBP=0x00007000056080f0 is pointing into the stack for thread: 0x00007fa4b181c000
RSI=0x0 is NULL
RDI=0x00007fa4b12af480 points into unknown readable memory: 0x00000001046e1a08 | 08 1a 6e 04 01 00 00 00
R8 =0x0 is NULL
R9 =0x0000000000000007 is an unknown value
R10=0x000000010b0ad428 is pointing into metadata
R11=0x0 is NULL
R12=0x0 is NULL
R13=0x0 is NULL
R14=0x00007000056083e8 is pointing into the stack for thread: 0x00007fa4b181c000
R15=0x000000000000000b is an unknown value


Registers:
RAX=0x00007fa4b145b310, RBX=0x00007fa4b12af480, RCX=0x00047fa4b0f0d340, RDX=0x00007000056083e8
RSP=0x00007000056080c0, RBP=0x00007000056080f0, RSI=0x0000000000000000, RDI=0x00007fa4b12af480
R8 =0x0000000000000000, R9 =0x0000000000000007, R10=0x000000010b0ad428, R11=0x0000000000000000
R12=0x0000000000000000, R13=0x0000000000000000, R14=0x00007000056083e8, R15=0x000000000000000b
RIP=0x0000000103f6179f, EFLAGS=0x0000000000010206, ERR=0x0000000000000000
  TRAPNO=0x000000000000000d

Top of Stack: (sp=0x00007000056080c0)
0x00007000056080c0:   00007fa4b12af480 00007fa4b12af480
0x00007000056080d0:   00007fa4b12af390 0000000000000008
0x00007000056080e0:   0000000000000005 0000000000000001
0x00007000056080f0:   0000700005608140 0000000103f618be
0x0000700005608100:   0000700005608140 00007fa49138d4d0
0x0000700005608110:   00007000056083e8 0000000000000001
0x0000700005608120:   00007fa4b12af1d0 00007fa49138d4d0
0x0000700005608130:   00007000056083e8 0000700005608350
0x0000700005608140:   0000700005608180 0000000103f6da29
0x0000700005608150:   00007fa49138ce20 0000000000000001
0x0000700005608160:   00007fa4b12af1d0 00007fa49138cc50
0x0000700005608170:   00007000056083e8 0000700005608350
0x0000700005608180:   00007000056081c0 0000000103f6da82
0x0000700005608190:   00007fa49138c9e0 0000000000000002
0x00007000056081a0:   00007fa4b23f8b20 00007fa49138c810
0x00007000056081b0:   00007000056083e8 0000700005608350
0x00007000056081c0:   0000700005608200 0000000103f6daa4
0x00007000056081d0:   00007fa49130e720 0000000000000001
0x00007000056081e0:   00007fa4b23f85b0 00007fa49130e550
0x00007000056081f0:   00007000056083e8 0000700005608350
0x0000700005608200:   0000700005608240 0000000103f6da82
0x0000700005608210:   00007fa49130edd0 0000000000000001
0x0000700005608220:   00007fa4b23f7b80 00007fa49130ec00
0x0000700005608230:   00007000056083e8 0000700005608350
0x0000700005608240:   0000700005608280 0000000103f6da82
0x0000700005608250:   00007fa49138c720 0000000000000002
0x0000700005608260:   00007fa49130f770 00007fa49138c550
0x0000700005608270:   00007000056083e8 0000700005608350
0x0000700005608280:   00007000056082c0 0000000103f6da82
0x0000700005608290:   00007fa4b25ecee0 0000000000000001
0x00007000056082a0:   00007fa4b25ecf20 00007fa4b25ecd10
0x00007000056082b0:   00007000056083e8 0000700005608350 

Instructions: (pc=0x0000000103f6179f)
0x0000000103f6169f:   7b 48 00 75 f7 48 8b 1b 48 8b 45 b8 ff c0 48 89
0x0000000103f616af:   45 b8 48 8d 41 08 48 85 db 0f 85 d3 fd ff ff eb
0x0000000103f616bf:   33 4c 89 e7 be 05 00 00 00 eb ab 48 8b 45 c8 48
0x0000000103f616cf:   8b 78 08 48 8d 35 86 44 64 00 eb 0f 48 8b 45 c8
0x0000000103f616df:   48 8b 78 08 48 8d 35 95 44 64 00 e8 bf 38 ff ff
0x0000000103f616ef:   4c 8b 75 c0 4c 89 f0 48 83 c4 58 5b 41 5c 41 5d
0x0000000103f616ff:   41 5e 41 5f 5d c3 90 55 48 89 e5 41 57 41 56 41
0x0000000103f6170f:   55 41 54 53 50 48 89 f3 49 89 fe 48 8b 06 48 89
0x0000000103f6171f:   f7 ff 50 10 48 85 c0 0f 84 d4 00 00 00 48 8b 4b
0x0000000103f6172f:   28 48 85 c9 74 1c 48 85 c9 74 0f 48 89 cb 48 8b
0x0000000103f6173f:   41 28 48 89 c1 48 85 c0 75 f1 48 8b 03 48 89 df
0x0000000103f6174f:   eb cf 48 89 c3 8b 40 60 a8 02 0f 85 a1 00 00 00
0x0000000103f6175f:   a8 01 0f 85 99 00 00 00 48 8b 4b 18 83 79 0c 08
0x0000000103f6176f:   0f 84 8b 00 00 00 83 c8 01 89 43 60 48 89 df e8
0x0000000103f6177f:   7f ca 00 00 45 31 e4 85 c0 7e 42 41 89 c7 45 31
0x0000000103f6178f:   ed 48 89 df 44 89 e6 e8 03 ca 00 00 48 8b 48 18
0x0000000103f6179f:   83 79 0c 08 74 3c 4c 89 f7 48 89 c6 e8 56 ff ff
0x0000000103f617af:   ff 48 39 d8 74 0d 4c 39 e8 74 08 4d 85 ed 49 89
0x0000000103f617bf:   c5 75 32 41 ff c4 45 39 e7 75 c6 eb 03 45 31 ed
0x0000000103f617cf:   41 c6 46 08 01 80 63 60 fe 4c 89 6b 28 4c 89 eb
0x0000000103f617df:   eb 1f 8b 43 60 48 8d 0d 5d 9b 7f 00 48 8b 09 48
0x0000000103f617ef:   89 4b 18 eb 03 8b 43 60 83 e0 fc 83 c8 02 89 43
0x0000000103f617ff:   60 48 89 d8 48 83 c4 08 5b 41 5c 41 5d 41 5e 41
0x0000000103f6180f:   5f 5d c3 55 48 89 e5 41 57 41 56 41 55 41 54 53
0x0000000103f6181f:   48 83 ec 18 49 89 f5 48 89 7d d0 4c 8b 66 60 45
0x0000000103f6182f:   8b 74 24 38 45 85 f6 7e 3a 31 db 49 8b 44 24 50
0x0000000103f6183f:   48 63 cb 4c 8b 3c c8 49 8b 07 4c 89 ff ff 50 10
0x0000000103f6184f:   48 85 c0 74 12 4c 39 68 58 75 0c 48 8b 7d d0 48
0x0000000103f6185f:   89 c6 e8 a0 fe ff ff 49 8b 47 18 03 58 08 44 39
0x0000000103f6186f:   f3 7c c8 4c 89 6d c8 45 8b 6c 24 18 45 85 ed 7e
0x0000000103f6187f:   54 45 31 f6 49 8b 44 24 30 49 63 ce 48 8b 1c c8
0x0000000103f6188f:   41 bf 01 00 00 00 48 85 db 74 32 48 8b 03 48 89 


Stack slot to memory mapping:
stack at sp + 0 slots: 0x00007fa4b12af480 points into unknown readable memory: 0x00000001046e1a08 | 08 1a 6e 04 01 00 00 00
stack at sp + 1 slots: 0x00007fa4b12af480 points into unknown readable memory: 0x00000001046e1a08 | 08 1a 6e 04 01 00 00 00
stack at sp + 2 slots: 0x00007fa4b12af390 points into unknown readable memory: 0x00007fa49138b350 | 50 b3 38 91 a4 7f 00 00
stack at sp + 3 slots: 0x0000000000000008 is an unknown value
stack at sp + 4 slots: 0x0000000000000005 is an unknown value
stack at sp + 5 slots: 0x0000000000000001 is an unknown value
stack at sp + 6 slots: 0x0000700005608140 is pointing into the stack for thread: 0x00007fa4b181c000
stack at sp + 7 slots: 0x0000000103f618be: _ZN13PhiSimplifier8block_doEP10BlockBegin+0xac in /Users/codytran/.sdkman/candidates/java/11.0.15-trava/lib/server/libjvm.dylib at 0x0000000103e00000


---------------  P R O C E S S  ---------------

Threads class SMR info:
_java_thread_list=0x00007fa4b0ef4530, length=11, elements={
0x00007fa4b200a000, 0x00007fa4b101c800, 0x00007fa4b1014000, 0x00007fa4b1809000,
0x00007fa4b180a000, 0x00007fa4b181b000, 0x00007fa4b181c000, 0x00007fa4b181c800,
0x00007fa4b1854000, 0x00007fa4b10bd800, 0x00007fa4b2241800
}

Java Threads: ( => current thread )
  0x00007fa4b200a000 JavaThread "main" [_thread_in_vm, id=7171, stack(0x00007000047df000,0x00007000048df000)]
  0x00007fa4b101c800 JavaThread "Reference Handler" daemon [_thread_blocked, id=18179, stack(0x0000700004ef4000,0x0000700004ff4000)]
  0x00007fa4b1014000 JavaThread "Finalizer" daemon [_thread_blocked, id=17923, stack(0x0000700004ff7000,0x00007000050f7000)]
  0x00007fa4b1809000 JavaThread "Signal Dispatcher" daemon [_thread_blocked, id=16131, stack(0x0000700005200000,0x0000700005300000)]
  0x00007fa4b180a000 JavaThread "Service Thread" daemon [_thread_blocked, id=43011, stack(0x0000700005303000,0x0000700005403000)]
  0x00007fa4b181b000 JavaThread "C2 CompilerThread0" daemon [_thread_in_native, id=42243, stack(0x0000700005406000,0x0000700005506000)]
=>0x00007fa4b181c000 JavaThread "C1 CompilerThread0" daemon [_thread_in_native, id=41731, stack(0x0000700005509000,0x0000700005609000)]
  0x00007fa4b181c800 JavaThread "Sweeper thread" daemon [_thread_blocked, id=41475, stack(0x000070000560c000,0x000070000570c000)]
  0x00007fa4b1854000 JavaThread "Common-Cleaner" daemon [_thread_blocked, id=40707, stack(0x0000700005812000,0x0000700005912000)]
  0x00007fa4b10bd800 JavaThread "C2 CompilerThread1" daemon [_thread_in_native, id=23555, stack(0x0000700005915000,0x0000700005a15000)]
  0x00007fa4b2241800 JavaThread "C2 CompilerThread2" daemon [_thread_in_native, id=23811, stack(0x0000700005a18000,0x0000700005b18000)]

Other Threads:
  0x00007fa4a1015800 VMThread "VM Thread" [stack: 0x0000700004df1000,0x0000700004ef1000] [id=18947]
  0x00007fa4b1845800 WatcherThread [stack: 0x000070000570f000,0x000070000580f000] [id=23043]
  0x00007fa4b2013800 GCTaskThread "GC Thread#0" [stack: 0x00007000048e2000,0x00007000049e2000] [id=20227]
  0x00007fa4b18b9800 GCTaskThread "GC Thread#1" [stack: 0x0000700005b1b000,0x0000700005c1b000] [id=39427]
  0x00007fa4b184c000 GCTaskThread "GC Thread#2" [stack: 0x0000700005c1e000,0x0000700005d1e000] [id=38915]
  0x00007fa4b184d000 GCTaskThread "GC Thread#3" [stack: 0x0000700005d21000,0x0000700005e21000] [id=24067]
  0x00007fa4b197b000 GCTaskThread "GC Thread#4" [stack: 0x0000700005e24000,0x0000700005f24000] [id=24579]
  0x00007fa4b197b800 GCTaskThread "GC Thread#5" [stack: 0x0000700005f27000,0x0000700006027000] [id=25091]
  0x00007fa4b197c800 GCTaskThread "GC Thread#6" [stack: 0x000070000602a000,0x000070000612a000] [id=38147]
  0x00007fa4b197d000 GCTaskThread "GC Thread#7" [stack: 0x000070000612d000,0x000070000622d000] [id=25603]
  0x00007fa4b197e000 GCTaskThread "GC Thread#8" [stack: 0x0000700006230000,0x0000700006330000] [id=37635]
  0x00007fa4b2448800 GCTaskThread "GC Thread#9" [stack: 0x0000700006333000,0x0000700006433000] [id=26115]
  0x00007fa4b2052000 ConcurrentGCThread "G1 Main Marker" [stack: 0x00007000049e5000,0x0000700004ae5000] [id=19971]
  0x00007fa4b2052800 ConcurrentGCThread "G1 Conc#0" [stack: 0x0000700004ae8000,0x0000700004be8000] [id=12035]
  0x00007fa4b12ab000 ConcurrentGCThread "G1 Conc#1" [stack: 0x0000700006436000,0x0000700006536000] [id=26371]
  0x00007fa4b14cc800 ConcurrentGCThread "G1 Conc#2" [stack: 0x0000700006539000,0x0000700006639000] [id=26883]
  0x00007fa4b217b800 ConcurrentGCThread "G1 Refine#0" [stack: 0x0000700004beb000,0x0000700004ceb000] [id=12291]
  0x00007fa4b217c000 ConcurrentGCThread "G1 Young RemSet Sampling" [stack: 0x0000700004cee000,0x0000700004dee000] [id=12803]

Threads with active compile tasks:
C2 CompilerThread0     1320 2420       4       org.codehaus.plexus.util.xml.pull.MXParser::parseAttribute (1641 bytes)
C1 CompilerThread0     1320 2400       3       org.apache.maven.model.io.xpp3.MavenXpp3Reader::parsePlugin (506 bytes)
C2 CompilerThread1     1320 2347       4       java.util.HashSet::contains (9 bytes)
C2 CompilerThread2     1320 2434       4       org.codehaus.plexus.util.xml.Xpp3Dom::getAttributeNames (45 bytes)

VM state:not at safepoint (normal execution)

VM Mutex/Monitor currently owned by a thread: None

Heap address: 0x0000000600000000, size: 8192 MB, Compressed Oops mode: Zero based, Oop shift amount: 3
Narrow klass base: 0x0000000800000000, Narrow klass shift: 0
Compressed class space size: 1073741824 Address: 0x0000000800000000

Heap:
 garbage-first heap   total 524288K, used 28982K [0x0000000600000000, 0x0000000800000000)
  region size 2048K, 16 young (32768K), 4 survivors (8192K)
 Metaspace       used 21213K, capacity 21567K, committed 22192K, reserved 1069056K
  class space    used 2294K, capacity 2443K, committed 2560K, reserved 1048576K
Heap Regions: E=young(eden), S=young(survivor), O=old, HS=humongous(starts), HC=humongous(continues), CS=collection set, F=free, A=archive, TAMS=top-at-mark-start (previous, next)
|   0|0x0000000600000000, 0x0000000600000000, 0x0000000600200000|  0%| F|  |TAMS 0x0000000600000000, 0x0000000600000000| Untracked 
|   1|0x0000000600200000, 0x0000000600200000, 0x0000000600400000|  0%| F|  |TAMS 0x0000000600200000, 0x0000000600200000| Untracked 
|   2|0x0000000600400000, 0x0000000600400000, 0x0000000600600000|  0%| F|  |TAMS 0x0000000600400000, 0x0000000600400000| Untracked 
|   3|0x0000000600600000, 0x0000000600600000, 0x0000000600800000|  0%| F|  |TAMS 0x0000000600600000, 0x0000000600600000| Untracked 
|   4|0x0000000600800000, 0x0000000600800000, 0x0000000600a00000|  0%| F|  |TAMS 0x0000000600800000, 0x0000000600800000| Untracked 
|   5|0x0000000600a00000, 0x0000000600a00000, 0x0000000600c00000|  0%| F|  |TAMS 0x0000000600a00000, 0x0000000600a00000| Untracked 
|   6|0x0000000600c00000, 0x0000000600c00000, 0x0000000600e00000|  0%| F|  |TAMS 0x0000000600c00000, 0x0000000600c00000| Untracked 
|   7|0x0000000600e00000, 0x0000000600e00000, 0x0000000601000000|  0%| F|  |TAMS 0x0000000600e00000, 0x0000000600e00000| Untracked 
|   8|0x0000000601000000, 0x0000000601000000, 0x0000000601200000|  0%| F|  |TAMS 0x0000000601000000, 0x0000000601000000| Untracked 
|   9|0x0000000601200000, 0x0000000601200000, 0x0000000601400000|  0%| F|  |TAMS 0x0000000601200000, 0x0000000601200000| Untracked 
|  10|0x0000000601400000, 0x0000000601400000, 0x0000000601600000|  0%| F|  |TAMS 0x0000000601400000, 0x0000000601400000| Untracked 
|  11|0x0000000601600000, 0x0000000601600000, 0x0000000601800000|  0%| F|  |TAMS 0x0000000601600000, 0x0000000601600000| Untracked 
|  12|0x0000000601800000, 0x0000000601800000, 0x0000000601a00000|  0%| F|  |TAMS 0x0000000601800000, 0x0000000601800000| Untracked 
|  13|0x0000000601a00000, 0x0000000601a00000, 0x0000000601c00000|  0%| F|  |TAMS 0x0000000601a00000, 0x0000000601a00000| Untracked 
|  14|0x0000000601c00000, 0x0000000601c00000, 0x0000000601e00000|  0%| F|  |TAMS 0x0000000601c00000, 0x0000000601c00000| Untracked 
|  15|0x0000000601e00000, 0x0000000601e00000, 0x0000000602000000|  0%| F|  |TAMS 0x0000000601e00000, 0x0000000601e00000| Untracked 
|  16|0x0000000602000000, 0x0000000602000000, 0x0000000602200000|  0%| F|  |TAMS 0x0000000602000000, 0x0000000602000000| Untracked 
|  17|0x0000000602200000, 0x0000000602200000, 0x0000000602400000|  0%| F|  |TAMS 0x0000000602200000, 0x0000000602200000| Untracked 
|  18|0x0000000602400000, 0x0000000602400000, 0x0000000602600000|  0%| F|  |TAMS 0x0000000602400000, 0x0000000602400000| Untracked 
|  19|0x0000000602600000, 0x0000000602600000, 0x0000000602800000|  0%| F|  |TAMS 0x0000000602600000, 0x0000000602600000| Untracked 
|  20|0x0000000602800000, 0x0000000602800000, 0x0000000602a00000|  0%| F|  |TAMS 0x0000000602800000, 0x0000000602800000| Untracked 
|  21|0x0000000602a00000, 0x0000000602a00000, 0x0000000602c00000|  0%| F|  |TAMS 0x0000000602a00000, 0x0000000602a00000| Untracked 
|  22|0x0000000602c00000, 0x0000000602c00000, 0x0000000602e00000|  0%| F|  |TAMS 0x0000000602c00000, 0x0000000602c00000| Untracked 
|  23|0x0000000602e00000, 0x0000000602e00000, 0x0000000603000000|  0%| F|  |TAMS 0x0000000602e00000, 0x0000000602e00000| Untracked 
|  24|0x0000000603000000, 0x0000000603000000, 0x0000000603200000|  0%| F|  |TAMS 0x0000000603000000, 0x0000000603000000| Untracked 
|  25|0x0000000603200000, 0x0000000603200000, 0x0000000603400000|  0%| F|  |TAMS 0x0000000603200000, 0x0000000603200000| Untracked 
|  26|0x0000000603400000, 0x0000000603400000, 0x0000000603600000|  0%| F|  |TAMS 0x0000000603400000, 0x0000000603400000| Untracked 
|  27|0x0000000603600000, 0x0000000603600000, 0x0000000603800000|  0%| F|  |TAMS 0x0000000603600000, 0x0000000603600000| Untracked 
|  28|0x0000000603800000, 0x0000000603800000, 0x0000000603a00000|  0%| F|  |TAMS 0x0000000603800000, 0x0000000603800000| Untracked 
|  29|0x0000000603a00000, 0x0000000603a00000, 0x0000000603c00000|  0%| F|  |TAMS 0x0000000603a00000, 0x0000000603a00000| Untracked 
|  30|0x0000000603c00000, 0x0000000603c00000, 0x0000000603e00000|  0%| F|  |TAMS 0x0000000603c00000, 0x0000000603c00000| Untracked 
|  31|0x0000000603e00000, 0x0000000603e00000, 0x0000000604000000|  0%| F|  |TAMS 0x0000000603e00000, 0x0000000603e00000| Untracked 
|  32|0x0000000604000000, 0x0000000604000000, 0x0000000604200000|  0%| F|  |TAMS 0x0000000604000000, 0x0000000604000000| Untracked 
|  33|0x0000000604200000, 0x0000000604200000, 0x0000000604400000|  0%| F|  |TAMS 0x0000000604200000, 0x0000000604200000| Untracked 
|  34|0x0000000604400000, 0x0000000604400000, 0x0000000604600000|  0%| F|  |TAMS 0x0000000604400000, 0x0000000604400000| Untracked 
|  35|0x0000000604600000, 0x0000000604600000, 0x0000000604800000|  0%| F|  |TAMS 0x0000000604600000, 0x0000000604600000| Untracked 
|  36|0x0000000604800000, 0x0000000604800000, 0x0000000604a00000|  0%| F|  |TAMS 0x0000000604800000, 0x0000000604800000| Untracked 
|  37|0x0000000604a00000, 0x0000000604a00000, 0x0000000604c00000|  0%| F|  |TAMS 0x0000000604a00000, 0x0000000604a00000| Untracked 
|  38|0x0000000604c00000, 0x0000000604c00000, 0x0000000604e00000|  0%| F|  |TAMS 0x0000000604c00000, 0x0000000604c00000| Untracked 
|  39|0x0000000604e00000, 0x0000000604e00000, 0x0000000605000000|  0%| F|  |TAMS 0x0000000604e00000, 0x0000000604e00000| Untracked 
|  40|0x0000000605000000, 0x0000000605000000, 0x0000000605200000|  0%| F|  |TAMS 0x0000000605000000, 0x0000000605000000| Untracked 
|  41|0x0000000605200000, 0x0000000605200000, 0x0000000605400000|  0%| F|  |TAMS 0x0000000605200000, 0x0000000605200000| Untracked 
|  42|0x0000000605400000, 0x0000000605400000, 0x0000000605600000|  0%| F|  |TAMS 0x0000000605400000, 0x0000000605400000| Untracked 
|  43|0x0000000605600000, 0x0000000605600000, 0x0000000605800000|  0%| F|  |TAMS 0x0000000605600000, 0x0000000605600000| Untracked 
|  44|0x0000000605800000, 0x0000000605800000, 0x0000000605a00000|  0%| F|  |TAMS 0x0000000605800000, 0x0000000605800000| Untracked 
|  45|0x0000000605a00000, 0x0000000605a00000, 0x0000000605c00000|  0%| F|  |TAMS 0x0000000605a00000, 0x0000000605a00000| Untracked 
|  46|0x0000000605c00000, 0x0000000605c00000, 0x0000000605e00000|  0%| F|  |TAMS 0x0000000605c00000, 0x0000000605c00000| Untracked 
|  47|0x0000000605e00000, 0x0000000605e00000, 0x0000000606000000|  0%| F|  |TAMS 0x0000000605e00000, 0x0000000605e00000| Untracked 
|  48|0x0000000606000000, 0x0000000606000000, 0x0000000606200000|  0%| F|  |TAMS 0x0000000606000000, 0x0000000606000000| Untracked 
|  49|0x0000000606200000, 0x0000000606200000, 0x0000000606400000|  0%| F|  |TAMS 0x0000000606200000, 0x0000000606200000| Untracked 
|  50|0x0000000606400000, 0x0000000606400000, 0x0000000606600000|  0%| F|  |TAMS 0x0000000606400000, 0x0000000606400000| Untracked 
|  51|0x0000000606600000, 0x0000000606600000, 0x0000000606800000|  0%| F|  |TAMS 0x0000000606600000, 0x0000000606600000| Untracked 
|  52|0x0000000606800000, 0x0000000606800000, 0x0000000606a00000|  0%| F|  |TAMS 0x0000000606800000, 0x0000000606800000| Untracked 
|  53|0x0000000606a00000, 0x0000000606a00000, 0x0000000606c00000|  0%| F|  |TAMS 0x0000000606a00000, 0x0000000606a00000| Untracked 
|  54|0x0000000606c00000, 0x0000000606c00000, 0x0000000606e00000|  0%| F|  |TAMS 0x0000000606c00000, 0x0000000606c00000| Untracked 
|  55|0x0000000606e00000, 0x0000000606e00000, 0x0000000607000000|  0%| F|  |TAMS 0x0000000606e00000, 0x0000000606e00000| Untracked 
|  56|0x0000000607000000, 0x0000000607000000, 0x0000000607200000|  0%| F|  |TAMS 0x0000000607000000, 0x0000000607000000| Untracked 
|  57|0x0000000607200000, 0x0000000607200000, 0x0000000607400000|  0%| F|  |TAMS 0x0000000607200000, 0x0000000607200000| Untracked 
|  58|0x0000000607400000, 0x0000000607400000, 0x0000000607600000|  0%| F|  |TAMS 0x0000000607400000, 0x0000000607400000| Untracked 
|  59|0x0000000607600000, 0x0000000607600000, 0x0000000607800000|  0%| F|  |TAMS 0x0000000607600000, 0x0000000607600000| Untracked 
|  60|0x0000000607800000, 0x0000000607800000, 0x0000000607a00000|  0%| F|  |TAMS 0x0000000607800000, 0x0000000607800000| Untracked 
|  61|0x0000000607a00000, 0x0000000607a00000, 0x0000000607c00000|  0%| F|  |TAMS 0x0000000607a00000, 0x0000000607a00000| Untracked 
|  62|0x0000000607c00000, 0x0000000607c00000, 0x0000000607e00000|  0%| F|  |TAMS 0x0000000607c00000, 0x0000000607c00000| Untracked 
|  63|0x0000000607e00000, 0x0000000607e00000, 0x0000000608000000|  0%| F|  |TAMS 0x0000000607e00000, 0x0000000607e00000| Untracked 
|  64|0x0000000608000000, 0x0000000608000000, 0x0000000608200000|  0%| F|  |TAMS 0x0000000608000000, 0x0000000608000000| Untracked 
|  65|0x0000000608200000, 0x0000000608200000, 0x0000000608400000|  0%| F|  |TAMS 0x0000000608200000, 0x0000000608200000| Untracked 
|  66|0x0000000608400000, 0x0000000608400000, 0x0000000608600000|  0%| F|  |TAMS 0x0000000608400000, 0x0000000608400000| Untracked 
|  67|0x0000000608600000, 0x0000000608600000, 0x0000000608800000|  0%| F|  |TAMS 0x0000000608600000, 0x0000000608600000| Untracked 
|  68|0x0000000608800000, 0x0000000608800000, 0x0000000608a00000|  0%| F|  |TAMS 0x0000000608800000, 0x0000000608800000| Untracked 
|  69|0x0000000608a00000, 0x0000000608a00000, 0x0000000608c00000|  0%| F|  |TAMS 0x0000000608a00000, 0x0000000608a00000| Untracked 
|  70|0x0000000608c00000, 0x0000000608c00000, 0x0000000608e00000|  0%| F|  |TAMS 0x0000000608c00000, 0x0000000608c00000| Untracked 
|  71|0x0000000608e00000, 0x0000000608e00000, 0x0000000609000000|  0%| F|  |TAMS 0x0000000608e00000, 0x0000000608e00000| Untracked 
|  72|0x0000000609000000, 0x0000000609000000, 0x0000000609200000|  0%| F|  |TAMS 0x0000000609000000, 0x0000000609000000| Untracked 
|  73|0x0000000609200000, 0x0000000609200000, 0x0000000609400000|  0%| F|  |TAMS 0x0000000609200000, 0x0000000609200000| Untracked 
|  74|0x0000000609400000, 0x0000000609400000, 0x0000000609600000|  0%| F|  |TAMS 0x0000000609400000, 0x0000000609400000| Untracked 
|  75|0x0000000609600000, 0x0000000609600000, 0x0000000609800000|  0%| F|  |TAMS 0x0000000609600000, 0x0000000609600000| Untracked 
|  76|0x0000000609800000, 0x0000000609800000, 0x0000000609a00000|  0%| F|  |TAMS 0x0000000609800000, 0x0000000609800000| Untracked 
|  77|0x0000000609a00000, 0x0000000609a00000, 0x0000000609c00000|  0%| F|  |TAMS 0x0000000609a00000, 0x0000000609a00000| Untracked 
|  78|0x0000000609c00000, 0x0000000609c00000, 0x0000000609e00000|  0%| F|  |TAMS 0x0000000609c00000, 0x0000000609c00000| Untracked 
|  79|0x0000000609e00000, 0x0000000609e00000, 0x000000060a000000|  0%| F|  |TAMS 0x0000000609e00000, 0x0000000609e00000| Untracked 
|  80|0x000000060a000000, 0x000000060a000000, 0x000000060a200000|  0%| F|  |TAMS 0x000000060a000000, 0x000000060a000000| Untracked 
|  81|0x000000060a200000, 0x000000060a200000, 0x000000060a400000|  0%| F|  |TAMS 0x000000060a200000, 0x000000060a200000| Untracked 
|  82|0x000000060a400000, 0x000000060a400000, 0x000000060a600000|  0%| F|  |TAMS 0x000000060a400000, 0x000000060a400000| Untracked 
|  83|0x000000060a600000, 0x000000060a600000, 0x000000060a800000|  0%| F|  |TAMS 0x000000060a600000, 0x000000060a600000| Untracked 
|  84|0x000000060a800000, 0x000000060a800000, 0x000000060aa00000|  0%| F|  |TAMS 0x000000060a800000, 0x000000060a800000| Untracked 
|  85|0x000000060aa00000, 0x000000060aa00000, 0x000000060ac00000|  0%| F|  |TAMS 0x000000060aa00000, 0x000000060aa00000| Untracked 
|  86|0x000000060ac00000, 0x000000060ac00000, 0x000000060ae00000|  0%| F|  |TAMS 0x000000060ac00000, 0x000000060ac00000| Untracked 
|  87|0x000000060ae00000, 0x000000060ae00000, 0x000000060b000000|  0%| F|  |TAMS 0x000000060ae00000, 0x000000060ae00000| Untracked 
|  88|0x000000060b000000, 0x000000060b000000, 0x000000060b200000|  0%| F|  |TAMS 0x000000060b000000, 0x000000060b000000| Untracked 
|  89|0x000000060b200000, 0x000000060b200000, 0x000000060b400000|  0%| F|  |TAMS 0x000000060b200000, 0x000000060b200000| Untracked 
|  90|0x000000060b400000, 0x000000060b400000, 0x000000060b600000|  0%| F|  |TAMS 0x000000060b400000, 0x000000060b400000| Untracked 
|  91|0x000000060b600000, 0x000000060b600000, 0x000000060b800000|  0%| F|  |TAMS 0x000000060b600000, 0x000000060b600000| Untracked 
|  92|0x000000060b800000, 0x000000060b800000, 0x000000060ba00000|  0%| F|  |TAMS 0x000000060b800000, 0x000000060b800000| Untracked 
|  93|0x000000060ba00000, 0x000000060ba00000, 0x000000060bc00000|  0%| F|  |TAMS 0x000000060ba00000, 0x000000060ba00000| Untracked 
|  94|0x000000060bc00000, 0x000000060bc00000, 0x000000060be00000|  0%| F|  |TAMS 0x000000060bc00000, 0x000000060bc00000| Untracked 
|  95|0x000000060be00000, 0x000000060be00000, 0x000000060c000000|  0%| F|  |TAMS 0x000000060be00000, 0x000000060be00000| Untracked 
|  96|0x000000060c000000, 0x000000060c000000, 0x000000060c200000|  0%| F|  |TAMS 0x000000060c000000, 0x000000060c000000| Untracked 
|  97|0x000000060c200000, 0x000000060c200000, 0x000000060c400000|  0%| F|  |TAMS 0x000000060c200000, 0x000000060c200000| Untracked 
|  98|0x000000060c400000, 0x000000060c400000, 0x000000060c600000|  0%| F|  |TAMS 0x000000060c400000, 0x000000060c400000| Untracked 
|  99|0x000000060c600000, 0x000000060c600000, 0x000000060c800000|  0%| F|  |TAMS 0x000000060c600000, 0x000000060c600000| Untracked 
| 100|0x000000060c800000, 0x000000060c800000, 0x000000060ca00000|  0%| F|  |TAMS 0x000000060c800000, 0x000000060c800000| Untracked 
| 101|0x000000060ca00000, 0x000000060ca00000, 0x000000060cc00000|  0%| F|  |TAMS 0x000000060ca00000, 0x000000060ca00000| Untracked 
| 102|0x000000060cc00000, 0x000000060cc00000, 0x000000060ce00000|  0%| F|  |TAMS 0x000000060cc00000, 0x000000060cc00000| Untracked 
| 103|0x000000060ce00000, 0x000000060ce00000, 0x000000060d000000|  0%| F|  |TAMS 0x000000060ce00000, 0x000000060ce00000| Untracked 
| 104|0x000000060d000000, 0x000000060d000000, 0x000000060d200000|  0%| F|  |TAMS 0x000000060d000000, 0x000000060d000000| Untracked 
| 105|0x000000060d200000, 0x000000060d200000, 0x000000060d400000|  0%| F|  |TAMS 0x000000060d200000, 0x000000060d200000| Untracked 
| 106|0x000000060d400000, 0x000000060d400000, 0x000000060d600000|  0%| F|  |TAMS 0x000000060d400000, 0x000000060d400000| Untracked 
| 107|0x000000060d600000, 0x000000060d600000, 0x000000060d800000|  0%| F|  |TAMS 0x000000060d600000, 0x000000060d600000| Untracked 
| 108|0x000000060d800000, 0x000000060d800000, 0x000000060da00000|  0%| F|  |TAMS 0x000000060d800000, 0x000000060d800000| Untracked 
| 109|0x000000060da00000, 0x000000060da00000, 0x000000060dc00000|  0%| F|  |TAMS 0x000000060da00000, 0x000000060da00000| Untracked 
| 110|0x000000060dc00000, 0x000000060dc00000, 0x000000060de00000|  0%| F|  |TAMS 0x000000060dc00000, 0x000000060dc00000| Untracked 
| 111|0x000000060de00000, 0x000000060de00000, 0x000000060e000000|  0%| F|  |TAMS 0x000000060de00000, 0x000000060de00000| Untracked 
| 112|0x000000060e000000, 0x000000060e000000, 0x000000060e200000|  0%| F|  |TAMS 0x000000060e000000, 0x000000060e000000| Untracked 
| 113|0x000000060e200000, 0x000000060e200000, 0x000000060e400000|  0%| F|  |TAMS 0x000000060e200000, 0x000000060e200000| Untracked 
| 114|0x000000060e400000, 0x000000060e400000, 0x000000060e600000|  0%| F|  |TAMS 0x000000060e400000, 0x000000060e400000| Untracked 
| 115|0x000000060e600000, 0x000000060e600000, 0x000000060e800000|  0%| F|  |TAMS 0x000000060e600000, 0x000000060e600000| Untracked 
| 116|0x000000060e800000, 0x000000060e800000, 0x000000060ea00000|  0%| F|  |TAMS 0x000000060e800000, 0x000000060e800000| Untracked 
| 117|0x000000060ea00000, 0x000000060ea00000, 0x000000060ec00000|  0%| F|  |TAMS 0x000000060ea00000, 0x000000060ea00000| Untracked 
| 118|0x000000060ec00000, 0x000000060ec00000, 0x000000060ee00000|  0%| F|  |TAMS 0x000000060ec00000, 0x000000060ec00000| Untracked 
| 119|0x000000060ee00000, 0x000000060ee00000, 0x000000060f000000|  0%| F|  |TAMS 0x000000060ee00000, 0x000000060ee00000| Untracked 
| 120|0x000000060f000000, 0x000000060f000000, 0x000000060f200000|  0%| F|  |TAMS 0x000000060f000000, 0x000000060f000000| Untracked 
| 121|0x000000060f200000, 0x000000060f200000, 0x000000060f400000|  0%| F|  |TAMS 0x000000060f200000, 0x000000060f200000| Untracked 
| 122|0x000000060f400000, 0x000000060f400000, 0x000000060f600000|  0%| F|  |TAMS 0x000000060f400000, 0x000000060f400000| Untracked 
| 123|0x000000060f600000, 0x000000060f600000, 0x000000060f800000|  0%| F|  |TAMS 0x000000060f600000, 0x000000060f600000| Untracked 
| 124|0x000000060f800000, 0x000000060f800000, 0x000000060fa00000|  0%| F|  |TAMS 0x000000060f800000, 0x000000060f800000| Untracked 
| 125|0x000000060fa00000, 0x000000060fa00000, 0x000000060fc00000|  0%| F|  |TAMS 0x000000060fa00000, 0x000000060fa00000| Untracked 
| 126|0x000000060fc00000, 0x000000060fc00000, 0x000000060fe00000|  0%| F|  |TAMS 0x000000060fc00000, 0x000000060fc00000| Untracked 
| 127|0x000000060fe00000, 0x000000060fe00000, 0x0000000610000000|  0%| F|  |TAMS 0x000000060fe00000, 0x000000060fe00000| Untracked 
| 128|0x0000000610000000, 0x0000000610000000, 0x0000000610200000|  0%| F|  |TAMS 0x0000000610000000, 0x0000000610000000| Untracked 
| 129|0x0000000610200000, 0x0000000610200000, 0x0000000610400000|  0%| F|  |TAMS 0x0000000610200000, 0x0000000610200000| Untracked 
| 130|0x0000000610400000, 0x0000000610400000, 0x0000000610600000|  0%| F|  |TAMS 0x0000000610400000, 0x0000000610400000| Untracked 
| 131|0x0000000610600000, 0x0000000610600000, 0x0000000610800000|  0%| F|  |TAMS 0x0000000610600000, 0x0000000610600000| Untracked 
| 132|0x0000000610800000, 0x0000000610800000, 0x0000000610a00000|  0%| F|  |TAMS 0x0000000610800000, 0x0000000610800000| Untracked 
| 133|0x0000000610a00000, 0x0000000610a00000, 0x0000000610c00000|  0%| F|  |TAMS 0x0000000610a00000, 0x0000000610a00000| Untracked 
| 134|0x0000000610c00000, 0x0000000610c00000, 0x0000000610e00000|  0%| F|  |TAMS 0x0000000610c00000, 0x0000000610c00000| Untracked 
| 135|0x0000000610e00000, 0x0000000610e00000, 0x0000000611000000|  0%| F|  |TAMS 0x0000000610e00000, 0x0000000610e00000| Untracked 
| 136|0x0000000611000000, 0x0000000611000000, 0x0000000611200000|  0%| F|  |TAMS 0x0000000611000000, 0x0000000611000000| Untracked 
| 137|0x0000000611200000, 0x0000000611200000, 0x0000000611400000|  0%| F|  |TAMS 0x0000000611200000, 0x0000000611200000| Untracked 
| 138|0x0000000611400000, 0x0000000611400000, 0x0000000611600000|  0%| F|  |TAMS 0x0000000611400000, 0x0000000611400000| Untracked 
| 139|0x0000000611600000, 0x0000000611600000, 0x0000000611800000|  0%| F|  |TAMS 0x0000000611600000, 0x0000000611600000| Untracked 
| 140|0x0000000611800000, 0x0000000611800000, 0x0000000611a00000|  0%| F|  |TAMS 0x0000000611800000, 0x0000000611800000| Untracked 
| 141|0x0000000611a00000, 0x0000000611a00000, 0x0000000611c00000|  0%| F|  |TAMS 0x0000000611a00000, 0x0000000611a00000| Untracked 
| 142|0x0000000611c00000, 0x0000000611c00000, 0x0000000611e00000|  0%| F|  |TAMS 0x0000000611c00000, 0x0000000611c00000| Untracked 
| 143|0x0000000611e00000, 0x0000000611e00000, 0x0000000612000000|  0%| F|  |TAMS 0x0000000611e00000, 0x0000000611e00000| Untracked 
| 144|0x0000000612000000, 0x0000000612000000, 0x0000000612200000|  0%| F|  |TAMS 0x0000000612000000, 0x0000000612000000| Untracked 
| 145|0x0000000612200000, 0x0000000612200000, 0x0000000612400000|  0%| F|  |TAMS 0x0000000612200000, 0x0000000612200000| Untracked 
| 146|0x0000000612400000, 0x0000000612400000, 0x0000000612600000|  0%| F|  |TAMS 0x0000000612400000, 0x0000000612400000| Untracked 
| 147|0x0000000612600000, 0x0000000612600000, 0x0000000612800000|  0%| F|  |TAMS 0x0000000612600000, 0x0000000612600000| Untracked 
| 148|0x0000000612800000, 0x0000000612800000, 0x0000000612a00000|  0%| F|  |TAMS 0x0000000612800000, 0x0000000612800000| Untracked 
| 149|0x0000000612a00000, 0x0000000612a00000, 0x0000000612c00000|  0%| F|  |TAMS 0x0000000612a00000, 0x0000000612a00000| Untracked 
| 150|0x0000000612c00000, 0x0000000612c00000, 0x0000000612e00000|  0%| F|  |TAMS 0x0000000612c00000, 0x0000000612c00000| Untracked 
| 151|0x0000000612e00000, 0x0000000612e00000, 0x0000000613000000|  0%| F|  |TAMS 0x0000000612e00000, 0x0000000612e00000| Untracked 
| 152|0x0000000613000000, 0x0000000613000000, 0x0000000613200000|  0%| F|  |TAMS 0x0000000613000000, 0x0000000613000000| Untracked 
| 153|0x0000000613200000, 0x0000000613200000, 0x0000000613400000|  0%| F|  |TAMS 0x0000000613200000, 0x0000000613200000| Untracked 
| 154|0x0000000613400000, 0x0000000613400000, 0x0000000613600000|  0%| F|  |TAMS 0x0000000613400000, 0x0000000613400000| Untracked 
| 155|0x0000000613600000, 0x0000000613600000, 0x0000000613800000|  0%| F|  |TAMS 0x0000000613600000, 0x0000000613600000| Untracked 
| 156|0x0000000613800000, 0x0000000613800000, 0x0000000613a00000|  0%| F|  |TAMS 0x0000000613800000, 0x0000000613800000| Untracked 
| 157|0x0000000613a00000, 0x0000000613a00000, 0x0000000613c00000|  0%| F|  |TAMS 0x0000000613a00000, 0x0000000613a00000| Untracked 
| 158|0x0000000613c00000, 0x0000000613c00000, 0x0000000613e00000|  0%| F|  |TAMS 0x0000000613c00000, 0x0000000613c00000| Untracked 
| 159|0x0000000613e00000, 0x0000000613e00000, 0x0000000614000000|  0%| F|  |TAMS 0x0000000613e00000, 0x0000000613e00000| Untracked 
| 160|0x0000000614000000, 0x0000000614000000, 0x0000000614200000|  0%| F|  |TAMS 0x0000000614000000, 0x0000000614000000| Untracked 
| 161|0x0000000614200000, 0x0000000614200000, 0x0000000614400000|  0%| F|  |TAMS 0x0000000614200000, 0x0000000614200000| Untracked 
| 162|0x0000000614400000, 0x0000000614400000, 0x0000000614600000|  0%| F|  |TAMS 0x0000000614400000, 0x0000000614400000| Untracked 
| 163|0x0000000614600000, 0x0000000614600000, 0x0000000614800000|  0%| F|  |TAMS 0x0000000614600000, 0x0000000614600000| Untracked 
| 164|0x0000000614800000, 0x0000000614800000, 0x0000000614a00000|  0%| F|  |TAMS 0x0000000614800000, 0x0000000614800000| Untracked 
| 165|0x0000000614a00000, 0x0000000614a00000, 0x0000000614c00000|  0%| F|  |TAMS 0x0000000614a00000, 0x0000000614a00000| Untracked 
| 166|0x0000000614c00000, 0x0000000614c00000, 0x0000000614e00000|  0%| F|  |TAMS 0x0000000614c00000, 0x0000000614c00000| Untracked 
| 167|0x0000000614e00000, 0x0000000614e00000, 0x0000000615000000|  0%| F|  |TAMS 0x0000000614e00000, 0x0000000614e00000| Untracked 
| 168|0x0000000615000000, 0x0000000615000000, 0x0000000615200000|  0%| F|  |TAMS 0x0000000615000000, 0x0000000615000000| Untracked 
| 169|0x0000000615200000, 0x0000000615200000, 0x0000000615400000|  0%| F|  |TAMS 0x0000000615200000, 0x0000000615200000| Untracked 
| 170|0x0000000615400000, 0x0000000615400000, 0x0000000615600000|  0%| F|  |TAMS 0x0000000615400000, 0x0000000615400000| Untracked 
| 171|0x0000000615600000, 0x0000000615600000, 0x0000000615800000|  0%| F|  |TAMS 0x0000000615600000, 0x0000000615600000| Untracked 
| 172|0x0000000615800000, 0x0000000615800000, 0x0000000615a00000|  0%| F|  |TAMS 0x0000000615800000, 0x0000000615800000| Untracked 
| 173|0x0000000615a00000, 0x0000000615a00000, 0x0000000615c00000|  0%| F|  |TAMS 0x0000000615a00000, 0x0000000615a00000| Untracked 
| 174|0x0000000615c00000, 0x0000000615c00000, 0x0000000615e00000|  0%| F|  |TAMS 0x0000000615c00000, 0x0000000615c00000| Untracked 
| 175|0x0000000615e00000, 0x0000000615e00000, 0x0000000616000000|  0%| F|  |TAMS 0x0000000615e00000, 0x0000000615e00000| Untracked 
| 176|0x0000000616000000, 0x0000000616000000, 0x0000000616200000|  0%| F|  |TAMS 0x0000000616000000, 0x0000000616000000| Untracked 
| 177|0x0000000616200000, 0x0000000616200000, 0x0000000616400000|  0%| F|  |TAMS 0x0000000616200000, 0x0000000616200000| Untracked 
| 178|0x0000000616400000, 0x0000000616400000, 0x0000000616600000|  0%| F|  |TAMS 0x0000000616400000, 0x0000000616400000| Untracked 
| 179|0x0000000616600000, 0x0000000616600000, 0x0000000616800000|  0%| F|  |TAMS 0x0000000616600000, 0x0000000616600000| Untracked 
| 180|0x0000000616800000, 0x0000000616800000, 0x0000000616a00000|  0%| F|  |TAMS 0x0000000616800000, 0x0000000616800000| Untracked 
| 181|0x0000000616a00000, 0x0000000616a00000, 0x0000000616c00000|  0%| F|  |TAMS 0x0000000616a00000, 0x0000000616a00000| Untracked 
| 182|0x0000000616c00000, 0x0000000616c00000, 0x0000000616e00000|  0%| F|  |TAMS 0x0000000616c00000, 0x0000000616c00000| Untracked 
| 183|0x0000000616e00000, 0x0000000616e00000, 0x0000000617000000|  0%| F|  |TAMS 0x0000000616e00000, 0x0000000616e00000| Untracked 
| 184|0x0000000617000000, 0x0000000617000000, 0x0000000617200000|  0%| F|  |TAMS 0x0000000617000000, 0x0000000617000000| Untracked 
| 185|0x0000000617200000, 0x0000000617200000, 0x0000000617400000|  0%| F|  |TAMS 0x0000000617200000, 0x0000000617200000| Untracked 
| 186|0x0000000617400000, 0x0000000617400000, 0x0000000617600000|  0%| F|  |TAMS 0x0000000617400000, 0x0000000617400000| Untracked 
| 187|0x0000000617600000, 0x0000000617600000, 0x0000000617800000|  0%| F|  |TAMS 0x0000000617600000, 0x0000000617600000| Untracked 
| 188|0x0000000617800000, 0x0000000617800000, 0x0000000617a00000|  0%| F|  |TAMS 0x0000000617800000, 0x0000000617800000| Untracked 
| 189|0x0000000617a00000, 0x0000000617a00000, 0x0000000617c00000|  0%| F|  |TAMS 0x0000000617a00000, 0x0000000617a00000| Untracked 
| 190|0x0000000617c00000, 0x0000000617c00000, 0x0000000617e00000|  0%| F|  |TAMS 0x0000000617c00000, 0x0000000617c00000| Untracked 
| 191|0x0000000617e00000, 0x0000000617e00000, 0x0000000618000000|  0%| F|  |TAMS 0x0000000617e00000, 0x0000000617e00000| Untracked 
| 192|0x0000000618000000, 0x0000000618000000, 0x0000000618200000|  0%| F|  |TAMS 0x0000000618000000, 0x0000000618000000| Untracked 
| 193|0x0000000618200000, 0x0000000618200000, 0x0000000618400000|  0%| F|  |TAMS 0x0000000618200000, 0x0000000618200000| Untracked 
| 194|0x0000000618400000, 0x0000000618400000, 0x0000000618600000|  0%| F|  |TAMS 0x0000000618400000, 0x0000000618400000| Untracked 
| 195|0x0000000618600000, 0x0000000618600000, 0x0000000618800000|  0%| F|  |TAMS 0x0000000618600000, 0x0000000618600000| Untracked 
| 196|0x0000000618800000, 0x0000000618800000, 0x0000000618a00000|  0%| F|  |TAMS 0x0000000618800000, 0x0000000618800000| Untracked 
| 197|0x0000000618a00000, 0x0000000618a00000, 0x0000000618c00000|  0%| F|  |TAMS 0x0000000618a00000, 0x0000000618a00000| Untracked 
| 198|0x0000000618c00000, 0x0000000618c00000, 0x0000000618e00000|  0%| F|  |TAMS 0x0000000618c00000, 0x0000000618c00000| Untracked 
| 199|0x0000000618e00000, 0x0000000618e00000, 0x0000000619000000|  0%| F|  |TAMS 0x0000000618e00000, 0x0000000618e00000| Untracked 
| 200|0x0000000619000000, 0x0000000619000000, 0x0000000619200000|  0%| F|  |TAMS 0x0000000619000000, 0x0000000619000000| Untracked 
| 201|0x0000000619200000, 0x0000000619200000, 0x0000000619400000|  0%| F|  |TAMS 0x0000000619200000, 0x0000000619200000| Untracked 
| 202|0x0000000619400000, 0x0000000619400000, 0x0000000619600000|  0%| F|  |TAMS 0x0000000619400000, 0x0000000619400000| Untracked 
| 203|0x0000000619600000, 0x0000000619600000, 0x0000000619800000|  0%| F|  |TAMS 0x0000000619600000, 0x0000000619600000| Untracked 
| 204|0x0000000619800000, 0x0000000619800000, 0x0000000619a00000|  0%| F|  |TAMS 0x0000000619800000, 0x0000000619800000| Untracked 
| 205|0x0000000619a00000, 0x0000000619a00000, 0x0000000619c00000|  0%| F|  |TAMS 0x0000000619a00000, 0x0000000619a00000| Untracked 
| 206|0x0000000619c00000, 0x0000000619c00000, 0x0000000619e00000|  0%| F|  |TAMS 0x0000000619c00000, 0x0000000619c00000| Untracked 
| 207|0x0000000619e00000, 0x0000000619e00000, 0x000000061a000000|  0%| F|  |TAMS 0x0000000619e00000, 0x0000000619e00000| Untracked 
| 208|0x000000061a000000, 0x000000061a000000, 0x000000061a200000|  0%| F|  |TAMS 0x000000061a000000, 0x000000061a000000| Untracked 
| 209|0x000000061a200000, 0x000000061a200000, 0x000000061a400000|  0%| F|  |TAMS 0x000000061a200000, 0x000000061a200000| Untracked 
| 210|0x000000061a400000, 0x000000061a400000, 0x000000061a600000|  0%| F|  |TAMS 0x000000061a400000, 0x000000061a400000| Untracked 
| 211|0x000000061a600000, 0x000000061a600000, 0x000000061a800000|  0%| F|  |TAMS 0x000000061a600000, 0x000000061a600000| Untracked 
| 212|0x000000061a800000, 0x000000061a800000, 0x000000061aa00000|  0%| F|  |TAMS 0x000000061a800000, 0x000000061a800000| Untracked 
| 213|0x000000061aa00000, 0x000000061aa00000, 0x000000061ac00000|  0%| F|  |TAMS 0x000000061aa00000, 0x000000061aa00000| Untracked 
| 214|0x000000061ac00000, 0x000000061ac00000, 0x000000061ae00000|  0%| F|  |TAMS 0x000000061ac00000, 0x000000061ac00000| Untracked 
| 215|0x000000061ae00000, 0x000000061ae00000, 0x000000061b000000|  0%| F|  |TAMS 0x000000061ae00000, 0x000000061ae00000| Untracked 
| 216|0x000000061b000000, 0x000000061b000000, 0x000000061b200000|  0%| F|  |TAMS 0x000000061b000000, 0x000000061b000000| Untracked 
| 217|0x000000061b200000, 0x000000061b200000, 0x000000061b400000|  0%| F|  |TAMS 0x000000061b200000, 0x000000061b200000| Untracked 
| 218|0x000000061b400000, 0x000000061b400000, 0x000000061b600000|  0%| F|  |TAMS 0x000000061b400000, 0x000000061b400000| Untracked 
| 219|0x000000061b600000, 0x000000061b600000, 0x000000061b800000|  0%| F|  |TAMS 0x000000061b600000, 0x000000061b600000| Untracked 
| 220|0x000000061b800000, 0x000000061b800000, 0x000000061ba00000|  0%| F|  |TAMS 0x000000061b800000, 0x000000061b800000| Untracked 
| 221|0x000000061ba00000, 0x000000061ba00000, 0x000000061bc00000|  0%| F|  |TAMS 0x000000061ba00000, 0x000000061ba00000| Untracked 
| 222|0x000000061bc00000, 0x000000061bc00000, 0x000000061be00000|  0%| F|  |TAMS 0x000000061bc00000, 0x000000061bc00000| Untracked 
| 223|0x000000061be00000, 0x000000061be00000, 0x000000061c000000|  0%| F|  |TAMS 0x000000061be00000, 0x000000061be00000| Untracked 
| 224|0x000000061c000000, 0x000000061c000000, 0x000000061c200000|  0%| F|  |TAMS 0x000000061c000000, 0x000000061c000000| Untracked 
| 225|0x000000061c200000, 0x000000061c24d968, 0x000000061c400000| 15%| S|CS|TAMS 0x000000061c200000, 0x000000061c200000| Complete 
| 226|0x000000061c400000, 0x000000061c600000, 0x000000061c600000|100%| S|CS|TAMS 0x000000061c400000, 0x000000061c400000| Complete 
| 227|0x000000061c600000, 0x000000061c800000, 0x000000061c800000|100%| S|CS|TAMS 0x000000061c600000, 0x000000061c600000| Complete 
| 228|0x000000061c800000, 0x000000061ca00000, 0x000000061ca00000|100%| S|CS|TAMS 0x000000061c800000, 0x000000061c800000| Complete 
| 229|0x000000061ca00000, 0x000000061ca00000, 0x000000061cc00000|  0%| F|  |TAMS 0x000000061ca00000, 0x000000061ca00000| Untracked 
| 230|0x000000061cc00000, 0x000000061cc00000, 0x000000061ce00000|  0%| F|  |TAMS 0x000000061cc00000, 0x000000061cc00000| Untracked 
| 231|0x000000061ce00000, 0x000000061ce00000, 0x000000061d000000|  0%| F|  |TAMS 0x000000061ce00000, 0x000000061ce00000| Untracked 
| 232|0x000000061d000000, 0x000000061d000000, 0x000000061d200000|  0%| F|  |TAMS 0x000000061d000000, 0x000000061d000000| Untracked 
| 233|0x000000061d200000, 0x000000061d200000, 0x000000061d400000|  0%| F|  |TAMS 0x000000061d200000, 0x000000061d200000| Untracked 
| 234|0x000000061d400000, 0x000000061d400000, 0x000000061d600000|  0%| F|  |TAMS 0x000000061d400000, 0x000000061d400000| Untracked 
| 235|0x000000061d600000, 0x000000061d600000, 0x000000061d800000|  0%| F|  |TAMS 0x000000061d600000, 0x000000061d600000| Untracked 
| 236|0x000000061d800000, 0x000000061d800000, 0x000000061da00000|  0%| F|  |TAMS 0x000000061d800000, 0x000000061d800000| Untracked 
| 237|0x000000061da00000, 0x000000061da00000, 0x000000061dc00000|  0%| F|  |TAMS 0x000000061da00000, 0x000000061da00000| Untracked 
| 238|0x000000061dc00000, 0x000000061dc00000, 0x000000061de00000|  0%| F|  |TAMS 0x000000061dc00000, 0x000000061dc00000| Untracked 
| 239|0x000000061de00000, 0x000000061de00000, 0x000000061e000000|  0%| F|  |TAMS 0x000000061de00000, 0x000000061de00000| Untracked 
| 240|0x000000061e000000, 0x000000061e000000, 0x000000061e200000|  0%| F|  |TAMS 0x000000061e000000, 0x000000061e000000| Untracked 
| 241|0x000000061e200000, 0x000000061e200000, 0x000000061e400000|  0%| F|  |TAMS 0x000000061e200000, 0x000000061e200000| Untracked 
| 242|0x000000061e400000, 0x000000061e400000, 0x000000061e600000|  0%| F|  |TAMS 0x000000061e400000, 0x000000061e400000| Untracked 
| 243|0x000000061e600000, 0x000000061e700800, 0x000000061e800000| 50%| E|  |TAMS 0x000000061e600000, 0x000000061e600000| Complete 
| 244|0x000000061e800000, 0x000000061ea00000, 0x000000061ea00000|100%| E|CS|TAMS 0x000000061e800000, 0x000000061e800000| Complete 
| 245|0x000000061ea00000, 0x000000061ec00000, 0x000000061ec00000|100%| E|CS|TAMS 0x000000061ea00000, 0x000000061ea00000| Complete 
| 246|0x000000061ec00000, 0x000000061ee00000, 0x000000061ee00000|100%| E|CS|TAMS 0x000000061ec00000, 0x000000061ec00000| Complete 
| 247|0x000000061ee00000, 0x000000061f000000, 0x000000061f000000|100%| E|CS|TAMS 0x000000061ee00000, 0x000000061ee00000| Complete 
| 248|0x000000061f000000, 0x000000061f200000, 0x000000061f200000|100%| E|CS|TAMS 0x000000061f000000, 0x000000061f000000| Complete 
| 249|0x000000061f200000, 0x000000061f400000, 0x000000061f400000|100%| E|CS|TAMS 0x000000061f200000, 0x000000061f200000| Complete 
| 250|0x000000061f400000, 0x000000061f600000, 0x000000061f600000|100%| E|CS|TAMS 0x000000061f400000, 0x000000061f400000| Complete 
| 251|0x000000061f600000, 0x000000061f800000, 0x000000061f800000|100%| E|CS|TAMS 0x000000061f600000, 0x000000061f600000| Complete 
| 252|0x000000061f800000, 0x000000061fa00000, 0x000000061fa00000|100%| E|CS|TAMS 0x000000061f800000, 0x000000061f800000| Complete 
| 253|0x000000061fa00000, 0x000000061fc00000, 0x000000061fc00000|100%| E|CS|TAMS 0x000000061fa00000, 0x000000061fa00000| Complete 
| 254|0x000000061fc00000, 0x000000061fe00000, 0x000000061fe00000|100%| E|CS|TAMS 0x000000061fc00000, 0x000000061fc00000| Complete 
| 255|0x000000061fe00000, 0x0000000620000000, 0x0000000620000000|100%| E|CS|TAMS 0x000000061fe00000, 0x000000061fe00000| Complete 

Card table byte_map: [0x0000000105ce6000,0x0000000106ce6000] _byte_map_base: 0x0000000102ce6000

Marking Bits (Prev, Next): (CMBitMap*) 0x00007fa4b2014450, (CMBitMap*) 0x00007fa4b2014418
 Prev Bits: [0x000000012b73c000, 0x000000013373c000)
 Next Bits: [0x000000012373c000, 0x000000012b73c000)

Polling page: 0x0000000102582000

Metaspace:

Usage:
  Non-class:     18.74 MB capacity,    18.51 MB ( 99%) used,   206.89 KB (  1%) free+waste,    23.62 KB ( <1%) overhead. 
      Class:      2.39 MB capacity,     2.24 MB ( 94%) used,   135.10 KB (  6%) free+waste,     9.25 KB ( <1%) overhead. 
       Both:     21.12 MB capacity,    20.76 MB ( 98%) used,   341.99 KB (  2%) free+waste,    32.88 KB ( <1%) overhead. 

Virtual space:
  Non-class space:       20.00 MB reserved,      19.17 MB ( 96%) committed 
      Class space:        1.00 GB reserved,       2.50 MB ( <1%) committed 
             Both:        1.02 GB reserved,      21.67 MB (  2%) committed 

Chunk freelists:
   Non-Class:  272.00 KB
       Class:  21.00 KB
        Both:  293.00 KB

MaxMetaspaceSize: unlimited
CompressedClassSpaceSize: 1.00 GB
Initial GC threshold: 20.80 MB
Current GC threshold: 35.08 MB
CDS: off

CodeHeap 'non-profiled nmethods': size=120032Kb used=1083Kb max_used=1083Kb free=118948Kb
 bounds [0x000000011c204000, 0x000000011c474000, 0x000000012373c000]
CodeHeap 'profiled nmethods': size=120028Kb used=4816Kb max_used=4816Kb free=115211Kb
 bounds [0x0000000114ccd000, 0x000000011518d000, 0x000000011c204000]
CodeHeap 'non-nmethods': size=5700Kb used=1151Kb max_used=1187Kb free=4548Kb
 bounds [0x000000011473c000, 0x00000001149ac000, 0x0000000114ccd000]
 total_blobs=2811 nmethods=2405 adapters=319
 compilation: enabled
              stopped_count=0, restarted_count=0
 full_count=0

Compilation events (20 events):
Event: 1.306 Thread 0x00007fa4b181c000 nmethod 2390 0x0000000115180010 code [0x00000001151801e0, 0x0000000115180440]
Event: 1.306 Thread 0x00007fa4b181c000 2391       3       java.util.HashMap$KeyIterator::<init> (11 bytes)
Event: 1.306 Thread 0x00007fa4b181c000 nmethod 2391 0x0000000115180510 code [0x00000001151806c0, 0x0000000115180840]
Event: 1.306 Thread 0x00007fa4b181c000 2394       1       org.apache.maven.plugin.descriptor.Parameter::getAlias (5 bytes)
Event: 1.306 Thread 0x00007fa4b181c000 nmethod 2394 0x000000011c307090 code [0x000000011c307240, 0x000000011c3072f0]
Event: 1.306 Thread 0x00007fa4b181c000 2395       1       org.apache.maven.plugin.descriptor.Parameter::getImplementation (5 bytes)
Event: 1.306 Thread 0x00007fa4b181c000 nmethod 2395 0x000000011c307390 code [0x000000011c307540, 0x000000011c3075f0]
Event: 1.306 Thread 0x00007fa4b181c000 2397       3       org.codehaus.plexus.configuration.DefaultPlexusConfiguration::getValue (16 bytes)
Event: 1.306 Thread 0x00007fa4b181c000 nmethod 2397 0x0000000115180910 code [0x0000000115180ac0, 0x0000000115180c10]
Event: 1.306 Thread 0x00007fa4b181c000 2393       1       org.apache.maven.plugin.descriptor.MojoDescriptor::setPluginDescriptor (6 bytes)
Event: 1.306 Thread 0x00007fa4b181c000 nmethod 2393 0x000000011c307690 code [0x000000011c307840, 0x000000011c307950]
Event: 1.306 Thread 0x00007fa4b181c000 2398       1       org.eclipse.aether.repository.LocalRepository::getBasedir (5 bytes)
Event: 1.306 Thread 0x00007fa4b181c000 nmethod 2398 0x000000011c307a10 code [0x000000011c307bc0, 0x000000011c307c70]
Event: 1.306 Thread 0x00007fa4b181b000 nmethod 2291 0x000000011c307d10 code [0x000000011c307ee0, 0x000000011c309518]
Event: 1.306 Thread 0x00007fa4b181b000 2302       4       org.codehaus.plexus.util.xml.pull.MXParser::nextText (103 bytes)
Event: 1.307 Thread 0x00007fa4b181c000 2399       3       org.codehaus.plexus.util.xml.pull.MXParser::joinPC (69 bytes)
Event: 1.307 Thread 0x00007fa4b181c000 nmethod 2399 0x0000000115180c90 code [0x0000000115180e60, 0x00000001151810f0]
Event: 1.307 Thread 0x00007fa4b181c000 2400       3       org.apache.maven.model.io.xpp3.MavenXpp3Reader::parsePlugin (506 bytes)
Event: 1.307 Thread 0x00007fa4b181b000 nmethod 2302 0x000000011c309c90 code [0x000000011c309e40, 0x000000011c309f68]
Event: 1.307 Thread 0x00007fa4b181b000 2326       4       java.lang.Character::codePointAt (51 bytes)

GC Heap History (4 events):
Event: 0.699 GC heap before
{Heap before GC invocations=0 (full 0):
 garbage-first heap   total 524288K, used 24576K [0x0000000600000000, 0x0000000800000000)
  region size 2048K, 12 young (24576K), 0 survivors (0K)
 Metaspace       used 13272K, capacity 13489K, committed 13824K, reserved 1060864K
  class space    used 1346K, capacity 1452K, committed 1536K, reserved 1048576K
}
Event: 0.702 GC heap after
{Heap after GC invocations=1 (full 0):
 garbage-first heap   total 524288K, used 3555K [0x0000000600000000, 0x0000000800000000)
  region size 2048K, 2 young (4096K), 2 survivors (4096K)
 Metaspace       used 13272K, capacity 13489K, committed 13824K, reserved 1060864K
  class space    used 1346K, capacity 1452K, committed 1536K, reserved 1048576K
}
Event: 1.152 GC heap before
{Heap before GC invocations=1 (full 0):
 garbage-first heap   total 524288K, used 52707K [0x0000000600000000, 0x0000000800000000)
  region size 2048K, 27 young (55296K), 2 survivors (4096K)
 Metaspace       used 20580K, capacity 20944K, committed 21296K, reserved 1069056K
  class space    used 2255K, capacity 2406K, committed 2432K, reserved 1048576K
}
Event: 1.161 GC heap after
{Heap after GC invocations=2 (full 0):
 garbage-first heap   total 524288K, used 6454K [0x0000000600000000, 0x0000000800000000)
  region size 2048K, 4 young (8192K), 4 survivors (8192K)
 Metaspace       used 20580K, capacity 20944K, committed 21296K, reserved 1069056K
  class space    used 2255K, capacity 2406K, committed 2432K, reserved 1048576K
}

Deoptimization events (20 events):
Event: 1.243 Thread 0x00007fa4b200a000 DEOPT PACKING pc=0x000000011c2e4c20 sp=0x00007000048dcd50
Event: 1.243 Thread 0x00007fa4b200a000 DEOPT UNPACKING pc=0x0000000114785ea5 sp=0x00007000048dcd08 mode 2
Event: 1.245 Thread 0x00007fa4b200a000 DEOPT PACKING pc=0x00000001150b48ef sp=0x00007000048dc450
Event: 1.245 Thread 0x00007fa4b200a000 DEOPT UNPACKING pc=0x000000011478664a sp=0x00007000048db9f8 mode 0
Event: 1.246 Thread 0x00007fa4b200a000 DEOPT PACKING pc=0x000000011506c84e sp=0x00007000048dc840
Event: 1.246 Thread 0x00007fa4b200a000 DEOPT UNPACKING pc=0x000000011478664a sp=0x00007000048dbd98 mode 0
Event: 1.250 Thread 0x00007fa4b200a000 DEOPT PACKING pc=0x00000001150b48ef sp=0x00007000048dc0c0
Event: 1.250 Thread 0x00007fa4b200a000 DEOPT UNPACKING pc=0x000000011478664a sp=0x00007000048db668 mode 0
Event: 1.250 Thread 0x00007fa4b200a000 DEOPT PACKING pc=0x00000001150b48ef sp=0x00007000048dbfd0
Event: 1.250 Thread 0x00007fa4b200a000 DEOPT UNPACKING pc=0x000000011478664a sp=0x00007000048db578 mode 0
Event: 1.253 Thread 0x00007fa4b200a000 DEOPT PACKING pc=0x000000011506c82d sp=0x00007000048dc6f0
Event: 1.253 Thread 0x00007fa4b200a000 DEOPT UNPACKING pc=0x000000011478664a sp=0x00007000048dbc48 mode 0
Event: 1.260 Thread 0x00007fa4b200a000 Uncommon trap: trap_request=0xffffff4d fr.pc=0x000000011c2b4b58 relative=0x0000000000000338
Event: 1.260 Thread 0x00007fa4b200a000 Uncommon trap: reason=unstable_if action=reinterpret pc=0x000000011c2b4b58 method=org.eclipse.sisu.inject.InjectorBindings.isAssignableFrom(Lcom/google/inject/TypeLiteral;Lcom/google/inject/Binding;)Z @ 14 c2
Event: 1.260 Thread 0x00007fa4b200a000 DEOPT PACKING pc=0x000000011c2b4b58 sp=0x00007000048daec0
Event: 1.260 Thread 0x00007fa4b200a000 DEOPT UNPACKING pc=0x0000000114785ea5 sp=0x00007000048daea0 mode 2
Event: 1.283 Thread 0x00007fa4b200a000 DEOPT PACKING pc=0x000000011506c82d sp=0x00007000048dca30
Event: 1.283 Thread 0x00007fa4b200a000 DEOPT UNPACKING pc=0x000000011478664a sp=0x00007000048dbf88 mode 0
Event: 1.306 Thread 0x00007fa4b200a000 DEOPT PACKING pc=0x000000011506c82d sp=0x00007000048dca10
Event: 1.306 Thread 0x00007fa4b200a000 DEOPT UNPACKING pc=0x000000011478664a sp=0x00007000048dbf68 mode 0

Classes redefined (0 events):
No events

Internal exceptions (15 events):
Event: 0.156 Thread 0x00007fa4b200a000 Exception <a 'java/lang/NoSuchMethodError'{0x000000061fa32b90}: 'int java.lang.invoke.DirectMethodHandle$Holder.invokeSpecialIFC(java.lang.Object, java.lang.Object, int)'> (0x000000061fa32b90) thrown at [../../src/hotspot/share/interpreter/linkResolver.cpp, line 779]
Event: 0.164 Thread 0x00007fa4b200a000 Exception <a 'java/lang/NullPointerException'{0x000000061fadd410}> (0x000000061fadd410) thrown at [../../src/hotspot/share/interpreter/linkResolver.cpp, line 1364]
Event: 0.475 Thread 0x00007fa4b200a000 Exception <a 'java/lang/NullPointerException'{0x000000061fb3b730}> (0x000000061fb3b730) thrown at [../../src/hotspot/share/interpreter/linkResolver.cpp, line 1364]
Event: 0.475 Thread 0x00007fa4b200a000 Exception <a 'java/lang/NullPointerException'{0x000000061fb3ba00}> (0x000000061fb3ba00) thrown at [../../src/hotspot/share/interpreter/linkResolver.cpp, line 1364]
Event: 0.475 Thread 0x00007fa4b200a000 Exception <a 'java/lang/NullPointerException'{0x000000061fb3bcd0}> (0x000000061fb3bcd0) thrown at [../../src/hotspot/share/interpreter/linkResolver.cpp, line 1364]
Event: 0.475 Thread 0x00007fa4b200a000 Exception <a 'java/lang/NullPointerException'{0x000000061fb45598}> (0x000000061fb45598) thrown at [../../src/hotspot/share/interpreter/linkResolver.cpp, line 1364]
Event: 0.477 Thread 0x00007fa4b200a000 Exception <a 'java/lang/NullPointerException'{0x000000061fb5f6d8}> (0x000000061fb5f6d8) thrown at [../../src/hotspot/share/interpreter/linkResolver.cpp, line 1364]
Event: 0.477 Thread 0x00007fa4b200a000 Exception <a 'java/lang/NullPointerException'{0x000000061fb5f9a8}> (0x000000061fb5f9a8) thrown at [../../src/hotspot/share/interpreter/linkResolver.cpp, line 1364]
Event: 0.477 Thread 0x00007fa4b200a000 Exception <a 'java/lang/NullPointerException'{0x000000061fb5fc78}> (0x000000061fb5fc78) thrown at [../../src/hotspot/share/interpreter/linkResolver.cpp, line 1364]
Event: 0.477 Thread 0x00007fa4b200a000 Exception <a 'java/lang/NullPointerException'{0x000000061fb5ffb0}> (0x000000061fb5ffb0) thrown at [../../src/hotspot/share/interpreter/linkResolver.cpp, line 1364]
Event: 0.678 Thread 0x00007fa4b200a000 Exception <a 'java/lang/NoClassDefFoundError'{0x000000061eb1a9a8}: javax/enterprise/inject/Typed> (0x000000061eb1a9a8) thrown at [../../src/hotspot/share/classfile/systemDictionary.cpp, line 221]
Event: 1.029 Thread 0x00007fa4b200a000 Exception <a 'java/lang/NoClassDefFoundError'{0x000000061d220df0}: com/google/inject/servlet/ServletModuleTargetVisitor> (0x000000061d220df0) thrown at [../../src/hotspot/share/classfile/systemDictionary.cpp, line 221]
Event: 1.029 Thread 0x00007fa4b200a000 Exception <a 'java/lang/NoClassDefFoundError'{0x000000061d220df0}> (0x000000061d220df0) thrown at [../../src/hotspot/share/prims/jvm.cpp, line 1311]
Event: 1.112 Thread 0x00007fa4b200a000 Implicit null exception at 0x000000011c22c9f4 to 0x000000011c22cf04
Event: 1.112 Thread 0x00007fa4b200a000 Implicit null exception at 0x000000011c22bb74 to 0x000000011c22c060

Events (20 events):
Event: 1.273 loading class org/apache/maven/plugin/descriptor/DuplicateParameterException
Event: 1.273 loading class org/apache/maven/plugin/descriptor/DuplicateParameterException done
Event: 1.273 loading class org/apache/maven/plugin/descriptor/Parameter
Event: 1.273 loading class org/apache/maven/plugin/descriptor/Parameter done
Event: 1.274 loading class org/codehaus/plexus/component/repository/ComponentRequirement
Event: 1.274 loading class org/codehaus/plexus/component/repository/ComponentRequirement done
Event: 1.275 loading class java/io/RandomAccessFile$1
Event: 1.275 loading class java/io/RandomAccessFile$1 done
Event: 1.275 loading class org/apache/maven/plugin/MavenPluginValidator
Event: 1.275 loading class org/apache/maven/plugin/MavenPluginValidator done
Event: 1.276 loading class org/apache/maven/repository/internal/DefaultModelCache$Key
Event: 1.276 loading class org/apache/maven/repository/internal/DefaultModelCache$Key done
Event: 1.282 loading class org/codehaus/plexus/component/repository/ComponentDependency
Event: 1.282 loading class org/codehaus/plexus/component/repository/ComponentDependency done
Event: 1.282 loading class org/apache/maven/plugin/MojoExecution$Source
Event: 1.282 loading class org/apache/maven/plugin/MojoExecution$Source done
Event: 1.282 loading class java/util/TreeMap$Values
Event: 1.282 loading class java/util/TreeMap$Values done
Event: 1.282 loading class java/util/TreeMap$ValueIterator
Event: 1.282 loading class java/util/TreeMap$ValueIterator done


Dynamic libraries:
0x00007fff3786c000 	/System/Library/Frameworks/Cocoa.framework/Versions/A/Cocoa
0x00007fff45063000 	/System/Library/Frameworks/Security.framework/Versions/A/Security
0x00007fff367d1000 	/System/Library/Frameworks/ApplicationServices.framework/Versions/A/ApplicationServices
0x00007fff71b87000 	/usr/lib/libz.1.dylib
0x00000001024c0000 	/Users/codytran/.sdkman/candidates/java/11.0.15-trava/lib/jli/libjli.dylib
0x00007fff6f64b000 	/usr/lib/libSystem.B.dylib
0x00007fff359c1000 	/System/Library/Frameworks/AppKit.framework/Versions/C/AppKit
0x00007fff381f0000 	/System/Library/Frameworks/CoreData.framework/Versions/A/CoreData
0x00007fff3adcb000 	/System/Library/Frameworks/Foundation.framework/Versions/C/Foundation
0x00007fff69660000 	/System/Library/PrivateFrameworks/UIFoundation.framework/Versions/A/UIFoundation
0x00007fff646f4000 	/System/Library/PrivateFrameworks/RemoteViewServices.framework/Versions/A/RemoteViewServices
0x00007fff6c1bb000 	/System/Library/PrivateFrameworks/XCTTargetBootstrap.framework/Versions/A/XCTTargetBootstrap
0x00007fff385db000 	/System/Library/Frameworks/CoreDisplay.framework/Versions/A/CoreDisplay
0x00007fff3dc86000 	/System/Library/Frameworks/Metal.framework/Versions/A/Metal
0x00007fff526f7000 	/System/Library/PrivateFrameworks/DesktopServicesPriv.framework/Versions/A/DesktopServicesPriv
0x00007fff70786000 	/usr/lib/liblangid.dylib
0x00007fff5198c000 	/System/Library/PrivateFrameworks/CoreSVG.framework/Versions/A/CoreSVG
0x00007fff67850000 	/System/Library/PrivateFrameworks/SkyLight.framework/Versions/A/SkyLight
0x00007fff38b8f000 	/System/Library/Frameworks/CoreGraphics.framework/Versions/A/CoreGraphics
0x00007fff34395000 	/System/Library/Frameworks/Accelerate.framework/Versions/A/Accelerate
0x00007fff71a78000 	/usr/lib/libxml2.2.dylib
0x00007fff5d67f000 	/System/Library/PrivateFrameworks/IconServices.framework/Versions/A/IconServices
0x00007fff3b5aa000 	/System/Library/Frameworks/IOSurface.framework/Versions/A/IOSurface
0x00007fff6f175000 	/usr/lib/libDiagnosticMessagesClient.dylib
0x00007fff52551000 	/System/Library/PrivateFrameworks/DFRFoundation.framework/Versions/A/DFRFoundation
0x00007fff70515000 	/usr/lib/libicucore.A.dylib
0x00007fff36b03000 	/System/Library/Frameworks/AudioToolbox.framework/Versions/A/AudioToolbox
0x00007fff36be6000 	/System/Library/Frameworks/AudioUnit.framework/Versions/A/AudioUnit
0x00007fff6f84d000 	/usr/lib/libauto.dylib
0x00007fff525f3000 	/System/Library/PrivateFrameworks/DataDetectorsCore.framework/Versions/A/DataDetectorsCore
0x00007fff3738d000 	/System/Library/Frameworks/Carbon.framework/Versions/A/Frameworks/HIToolbox.framework/Versions/A/HIToolbox
0x00007fff4425f000 	/System/Library/Frameworks/QuartzCore.framework/Versions/A/QuartzCore
0x00007fff376cc000 	/System/Library/Frameworks/Carbon.framework/Versions/A/Frameworks/SpeechRecognition.framework/Versions/A/SpeechRecognition
0x00007fff52065000 	/System/Library/PrivateFrameworks/CoreUI.framework/Versions/A/CoreUI
0x00007fff37c5b000 	/System/Library/Frameworks/CoreAudio.framework/Versions/A/CoreAudio
0x00007fff3aa8a000 	/System/Library/Frameworks/DiskArbitration.framework/Versions/A/DiskArbitration
0x00007fff5f6cf000 	/System/Library/PrivateFrameworks/MultitouchSupport.framework/Versions/A/MultitouchSupport
0x00007fff703dc000 	/usr/lib/libenergytrace.dylib
0x00007fff3b504000 	/System/Library/Frameworks/IOKit.framework/Versions/A/IOKit
0x00007fff39af6000 	/System/Library/Frameworks/CoreServices.framework/Versions/A/CoreServices
0x00007fff61887000 	/System/Library/PrivateFrameworks/PerformanceAnalysis.framework/Versions/A/PerformanceAnalysis
0x00007fff43292000 	/System/Library/Frameworks/OpenGL.framework/Versions/A/OpenGL
0x00007fff714ab000 	/usr/lib/libobjc.A.dylib
0x00007fff3787a000 	/System/Library/Frameworks/ColorSync.framework/Versions/A/ColorSync
0x00007fff3870e000 	/System/Library/Frameworks/CoreFoundation.framework/Versions/A/CoreFoundation
0x00007fff39212000 	/System/Library/Frameworks/CoreImage.framework/Versions/A/CoreImage
0x00007fff3a569000 	/System/Library/Frameworks/CoreText.framework/Versions/A/CoreText
0x00007fff3b63a000 	/System/Library/Frameworks/ImageIO.framework/Versions/A/ImageIO
0x00007fff6f931000 	/usr/lib/libc++.1.dylib
0x00007fff6f9ad000 	/usr/lib/libcompression.dylib
0x00007fff6f4b9000 	/usr/lib/libMobileGestalt.dylib
0x00007fff693ca000 	/System/Library/PrivateFrameworks/TextureIO.framework/Versions/A/TextureIO
0x00007fff6f7b0000 	/usr/lib/libate.dylib
0x00007fff5d888000 	/System/Library/PrivateFrameworks/InternationalSupport.framework/Versions/A/InternationalSupport
0x00007fff72448000 	/usr/lib/system/libcache.dylib
0x00007fff7244e000 	/usr/lib/system/libcommonCrypto.dylib
0x00007fff7245a000 	/usr/lib/system/libcompiler_rt.dylib
0x00007fff72462000 	/usr/lib/system/libcopyfile.dylib
0x00007fff7246c000 	/usr/lib/system/libcorecrypto.dylib
0x00007fff7260b000 	/usr/lib/system/libdispatch.dylib
0x00007fff7264c000 	/usr/lib/system/libdyld.dylib
0x00007fff72683000 	/usr/lib/system/libkeymgr.dylib
0x00007fff72691000 	/usr/lib/system/liblaunch.dylib
0x00007fff72692000 	/usr/lib/system/libmacho.dylib
0x00007fff72698000 	/usr/lib/system/libquarantine.dylib
0x00007fff7269b000 	/usr/lib/system/libremovefile.dylib
0x00007fff7269d000 	/usr/lib/system/libsystem_asl.dylib
0x00007fff726b5000 	/usr/lib/system/libsystem_blocks.dylib
0x00007fff726b6000 	/usr/lib/system/libsystem_c.dylib
0x00007fff7273e000 	/usr/lib/system/libsystem_configuration.dylib
0x00007fff72742000 	/usr/lib/system/libsystem_coreservices.dylib
0x00007fff72746000 	/usr/lib/system/libsystem_darwin.dylib
0x00007fff7274f000 	/usr/lib/system/libsystem_dnssd.dylib
0x00007fff72757000 	/usr/lib/system/libsystem_featureflags.dylib
0x00007fff72759000 	/usr/lib/system/libsystem_info.dylib
0x00007fff727d4000 	/usr/lib/system/libsystem_m.dylib
0x00007fff7281c000 	/usr/lib/system/libsystem_malloc.dylib
0x00007fff72844000 	/usr/lib/system/libsystem_networkextension.dylib
0x00007fff72852000 	/usr/lib/system/libsystem_notify.dylib
0x00007fff72870000 	/usr/lib/system/libsystem_sandbox.dylib
0x00007fff72875000 	/usr/lib/system/libsystem_secinit.dylib
0x00007fff727a7000 	/usr/lib/system/libsystem_kernel.dylib
0x00007fff7285c000 	/usr/lib/system/libsystem_platform.dylib
0x00007fff72865000 	/usr/lib/system/libsystem_pthread.dylib
0x00007fff72878000 	/usr/lib/system/libsystem_symptoms.dylib
0x00007fff72880000 	/usr/lib/system/libsystem_trace.dylib
0x00007fff72898000 	/usr/lib/system/libunwind.dylib
0x00007fff7289e000 	/usr/lib/system/libxpc.dylib
0x00007fff6f984000 	/usr/lib/libc++abi.dylib
0x00007fff70788000 	/usr/lib/liblzma.5.dylib
0x00007fff70403000 	/usr/lib/libfakelink.dylib
0x00007fff6f73d000 	/usr/lib/libarchive.2.dylib
0x00007fff46114000 	/System/Library/Frameworks/SystemConfiguration.framework/Versions/A/SystemConfiguration
0x00007fff6f0a8000 	/usr/lib/libCRFSuite.dylib
0x00007fff36f7d000 	/System/Library/Frameworks/CFNetwork.framework/Versions/A/CFNetwork
0x00007fff6f913000 	/usr/lib/libbsm.0.dylib
0x00007fff72684000 	/usr/lib/system/libkxld.dylib
0x00007fff4bece000 	/System/Library/PrivateFrameworks/AppleFSCompression.framework/Versions/A/AppleFSCompression
0x00007fff6fc9e000 	/usr/lib/libcoretls.dylib
0x00007fff6fcb5000 	/usr/lib/libcoretls_cfhelpers.dylib
0x00007fff714f1000 	/usr/lib/libpam.2.dylib
0x00007fff71626000 	/usr/lib/libsqlite3.dylib
0x00007fff71a65000 	/usr/lib/libxar.1.dylib
0x00007fff6f924000 	/usr/lib/libbz2.1.0.dylib
0x00007fff70424000 	/usr/lib/libiconv.2.dylib
0x00007fff6f99a000 	/usr/lib/libcharset.1.dylib
0x00007fff70f8e000 	/usr/lib/libnetwork.dylib
0x00007fff714f8000 	/usr/lib/libpcap.A.dylib
0x00007fff6f6f2000 	/usr/lib/libapple_nghttp2.dylib
0x00007fff39ead000 	/System/Library/Frameworks/CoreServices.framework/Versions/A/Frameworks/FSEvents.framework/Versions/A/FSEvents
0x00007fff39b7d000 	/System/Library/Frameworks/CoreServices.framework/Versions/A/Frameworks/CarbonCore.framework/Versions/A/CarbonCore
0x00007fff3a0f1000 	/System/Library/Frameworks/CoreServices.framework/Versions/A/Frameworks/Metadata.framework/Versions/A/Metadata
0x00007fff3a18a000 	/System/Library/Frameworks/CoreServices.framework/Versions/A/Frameworks/OSServices.framework/Versions/A/OSServices
0x00007fff3a1b8000 	/System/Library/Frameworks/CoreServices.framework/Versions/A/Frameworks/SearchKit.framework/Versions/A/SearchKit
0x00007fff39af7000 	/System/Library/Frameworks/CoreServices.framework/Versions/A/Frameworks/AE.framework/Versions/A/AE
0x00007fff39eb6000 	/System/Library/Frameworks/CoreServices.framework/Versions/A/Frameworks/LaunchServices.framework/Versions/A/LaunchServices
0x00007fff39e5f000 	/System/Library/Frameworks/CoreServices.framework/Versions/A/Frameworks/DictionaryServices.framework/Versions/A/DictionaryServices
0x00007fff3a220000 	/System/Library/Frameworks/CoreServices.framework/Versions/A/Frameworks/SharedFileList.framework/Versions/A/SharedFileList
0x00007fff3f0b1000 	/System/Library/Frameworks/NetFS.framework/Versions/A/NetFS
0x00007fff5fbff000 	/System/Library/PrivateFrameworks/NetAuth.framework/Versions/A/NetAuth
0x00007fff6c588000 	/System/Library/PrivateFrameworks/login.framework/Versions/A/Frameworks/loginsupport.framework/Versions/A/loginsupport
0x00007fff68e95000 	/System/Library/PrivateFrameworks/TCC.framework/Versions/A/TCC
0x00007fff50aff000 	/System/Library/PrivateFrameworks/CoreNLP.framework/Versions/A/CoreNLP
0x00007fff5f0fc000 	/System/Library/PrivateFrameworks/MetadataUtilities.framework/Versions/A/MetadataUtilities
0x00007fff70860000 	/usr/lib/libmecabra.dylib
0x00007fff707b8000 	/usr/lib/libmecab.dylib
0x00007fff70414000 	/usr/lib/libgermantok.dylib
0x00007fff6f6d9000 	/usr/lib/libThaiTokenizer.dylib
0x00007fff6f0df000 	/usr/lib/libChineseTokenizer.dylib
0x00007fff343ad000 	/System/Library/Frameworks/Accelerate.framework/Versions/A/Frameworks/vImage.framework/Versions/A/vImage
0x00007fff35817000 	/System/Library/Frameworks/Accelerate.framework/Versions/A/Frameworks/vecLib.framework/Versions/A/vecLib
0x00007fff35754000 	/System/Library/Frameworks/Accelerate.framework/Versions/A/Frameworks/vecLib.framework/Versions/A/libvMisc.dylib
0x00007fff3557c000 	/System/Library/Frameworks/Accelerate.framework/Versions/A/Frameworks/vecLib.framework/Versions/A/libvDSP.dylib
0x00007fff34a04000 	/System/Library/Frameworks/Accelerate.framework/Versions/A/Frameworks/vecLib.framework/Versions/A/libBLAS.dylib
0x00007fff35140000 	/System/Library/Frameworks/Accelerate.framework/Versions/A/Frameworks/vecLib.framework/Versions/A/libLAPACK.dylib
0x00007fff354dc000 	/System/Library/Frameworks/Accelerate.framework/Versions/A/Frameworks/vecLib.framework/Versions/A/libLinearAlgebra.dylib
0x00007fff35569000 	/System/Library/Frameworks/Accelerate.framework/Versions/A/Frameworks/vecLib.framework/Versions/A/libSparseBLAS.dylib
0x00007fff354f2000 	/System/Library/Frameworks/Accelerate.framework/Versions/A/Frameworks/vecLib.framework/Versions/A/libQuadrature.dylib
0x00007fff34c6c000 	/System/Library/Frameworks/Accelerate.framework/Versions/A/Frameworks/vecLib.framework/Versions/A/libBNNS.dylib
0x00007fff354f8000 	/System/Library/Frameworks/Accelerate.framework/Versions/A/Frameworks/vecLib.framework/Versions/A/libSparse.dylib
0x00007fff5dc70000 	/System/Library/PrivateFrameworks/LanguageModeling.framework/Versions/A/LanguageModeling
0x00007fff504af000 	/System/Library/PrivateFrameworks/CoreEmoji.framework/Versions/A/CoreEmoji
0x00007fff5dd8e000 	/System/Library/PrivateFrameworks/LinguisticData.framework/Versions/A/LinguisticData
0x00007fff5dd3f000 	/System/Library/PrivateFrameworks/Lexicon.framework/Versions/A/Lexicon
0x00007fff6f99b000 	/usr/lib/libcmph.dylib
0x00007fff41ca0000 	/System/Library/Frameworks/OpenDirectory.framework/Versions/A/Frameworks/CFOpenDirectory.framework/Versions/A/CFOpenDirectory
0x00007fff41cbd000 	/System/Library/Frameworks/OpenDirectory.framework/Versions/A/OpenDirectory
0x00007fff4a0fe000 	/System/Library/PrivateFrameworks/APFS.framework/Versions/A/APFS
0x00007fff453ad000 	/System/Library/Frameworks/SecurityFoundation.framework/Versions/A/SecurityFoundation
0x00007fff71a61000 	/usr/lib/libutil.dylib
0x00007fff519e4000 	/System/Library/PrivateFrameworks/CoreServicesStore.framework/Versions/A/CoreServicesStore
0x00007fff45464000 	/System/Library/Frameworks/ServiceManagement.framework/Versions/A/ServiceManagement
0x00007fff4d69e000 	/System/Library/PrivateFrameworks/BackgroundTaskManagement.framework/Versions/A/BackgroundTaskManagement
0x00007fff71b5e000 	/usr/lib/libxslt.1.dylib
0x00007fff4c541000 	/System/Library/PrivateFrameworks/AppleSystemInfo.framework/Versions/A/AppleSystemInfo
0x00007fff3b855000 	/System/Library/Frameworks/ImageIO.framework/Versions/A/Resources/libJPEG.dylib
0x00007fff3bb14000 	/System/Library/Frameworks/ImageIO.framework/Versions/A/Resources/libTIFF.dylib
0x00007fff3baf7000 	/System/Library/Frameworks/ImageIO.framework/Versions/A/Resources/libPng.dylib
0x00007fff3b797000 	/System/Library/Frameworks/ImageIO.framework/Versions/A/Resources/libGIF.dylib
0x00007fff3b79b000 	/System/Library/Frameworks/ImageIO.framework/Versions/A/Resources/libJP2.dylib
0x00007fff3bb12000 	/System/Library/Frameworks/ImageIO.framework/Versions/A/Resources/libRadiance.dylib
0x00007fff703dd000 	/usr/lib/libexpat.1.dylib
0x00007fff4c029000 	/System/Library/PrivateFrameworks/AppleJPEG.framework/Versions/A/AppleJPEG
0x00007fff54ce4000 	/System/Library/PrivateFrameworks/FontServices.framework/libFontParser.dylib
0x00007fff6b58a000 	/System/Library/PrivateFrameworks/WatchdogClient.framework/Versions/A/WatchdogClient
0x00007fff5d2cb000 	/System/Library/PrivateFrameworks/IOAccelerator.framework/Versions/A/IOAccelerator
0x00007fff3e021000 	/System/Library/Frameworks/MetalPerformanceShaders.framework/Versions/A/MetalPerformanceShaders
0x00007fff59a61000 	/System/Library/PrivateFrameworks/GPUWrangler.framework/Versions/A/GPUWrangler
0x00007fff5d2e0000 	/System/Library/PrivateFrameworks/IOPresentment.framework/Versions/A/IOPresentment
0x00007fff52564000 	/System/Library/PrivateFrameworks/DSExternalDisplay.framework/Versions/A/DSExternalDisplay
0x00007fff42631000 	/System/Library/Frameworks/OpenGL.framework/Versions/A/Libraries/libCoreFSCache.dylib
0x00007fff3dd6d000 	/System/Library/Frameworks/MetalPerformanceShaders.framework/Frameworks/MPSCore.framework/Versions/A/MPSCore
0x00007fff3ddab000 	/System/Library/Frameworks/MetalPerformanceShaders.framework/Frameworks/MPSImage.framework/Versions/A/MPSImage
0x00007fff3de72000 	/System/Library/Frameworks/MetalPerformanceShaders.framework/Frameworks/MPSNeuralNetwork.framework/Versions/A/MPSNeuralNetwork
0x00007fff3de36000 	/System/Library/Frameworks/MetalPerformanceShaders.framework/Frameworks/MPSMatrix.framework/Versions/A/MPSMatrix
0x00007fff3dfd1000 	/System/Library/Frameworks/MetalPerformanceShaders.framework/Frameworks/MPSRayIntersector.framework/Versions/A/MPSRayIntersector
0x00007fff3de5c000 	/System/Library/Frameworks/MetalPerformanceShaders.framework/Frameworks/MPSNDArray.framework/Versions/A/MPSNDArray
0x00007fff5f149000 	/System/Library/PrivateFrameworks/MetalTools.framework/Versions/A/MetalTools
0x00007fff4b2d8000 	/System/Library/PrivateFrameworks/AggregateDictionary.framework/Versions/A/AggregateDictionary
0x00007fff4fef7000 	/System/Library/PrivateFrameworks/CoreAnalytics.framework/Versions/A/CoreAnalytics
0x00007fff4c460000 	/System/Library/PrivateFrameworks/AppleSauce.framework/Versions/A/AppleSauce
0x00007fff6f39b000 	/usr/lib/libIOReport.dylib
0x00007fff3a721000 	/System/Library/Frameworks/CoreVideo.framework/Versions/A/CoreVideo
0x00007fff5aeda000 	/System/Library/PrivateFrameworks/GraphVisualizer.framework/Versions/A/GraphVisualizer
0x00007fff5422a000 	/System/Library/PrivateFrameworks/FaceCore.framework/Versions/A/FaceCore
0x00007fff41c47000 	/System/Library/Frameworks/OpenCL.framework/Versions/A/OpenCL
0x00007fff6f1bd000 	/usr/lib/libFosl_dynamic.dylib
0x00007fff6061f000 	/System/Library/PrivateFrameworks/OTSVG.framework/Versions/A/OTSVG
0x00007fff368d6000 	/System/Library/Frameworks/ApplicationServices.framework/Versions/A/Frameworks/ATS.framework/Versions/A/Resources/libFontRegistry.dylib
0x00007fff54eb5000 	/System/Library/PrivateFrameworks/FontServices.framework/libhvf.dylib
0x00007fff4263c000 	/System/Library/Frameworks/OpenGL.framework/Versions/A/Libraries/libGFXShared.dylib
0x00007fff4281a000 	/System/Library/Frameworks/OpenGL.framework/Versions/A/Libraries/libGLU.dylib
0x00007fff42645000 	/System/Library/Frameworks/OpenGL.framework/Versions/A/Libraries/libGL.dylib
0x00007fff42650000 	/System/Library/Frameworks/OpenGL.framework/Versions/A/Libraries/libGLImage.dylib
0x00007fff4262e000 	/System/Library/Frameworks/OpenGL.framework/Versions/A/Libraries/libCVMSPluginSupport.dylib
0x00007fff42637000 	/System/Library/Frameworks/OpenGL.framework/Versions/A/Libraries/libCoreVMClient.dylib
0x00007fff70e2f000 	/usr/lib/libncurses.5.4.dylib
0x00007fff367d2000 	/System/Library/Frameworks/ApplicationServices.framework/Versions/A/Frameworks/ATS.framework/Versions/A/ATS
0x00007fff3699f000 	/System/Library/Frameworks/ApplicationServices.framework/Versions/A/Frameworks/ColorSyncLegacy.framework/Versions/A/ColorSyncLegacy
0x00007fff36a3d000 	/System/Library/Frameworks/ApplicationServices.framework/Versions/A/Frameworks/HIServices.framework/Versions/A/HIServices
0x00007fff36a95000 	/System/Library/Frameworks/ApplicationServices.framework/Versions/A/Frameworks/LangAnalysis.framework/Versions/A/LangAnalysis
0x00007fff36aa4000 	/System/Library/Frameworks/ApplicationServices.framework/Versions/A/Frameworks/PrintCore.framework/Versions/A/PrintCore
0x00007fff36aea000 	/System/Library/Frameworks/ApplicationServices.framework/Versions/A/Frameworks/QD.framework/Versions/A/QD
0x00007fff36af5000 	/System/Library/Frameworks/ApplicationServices.framework/Versions/A/Frameworks/SpeechSynthesis.framework/Versions/A/SpeechSynthesis
0x00007fff3696f000 	/System/Library/Frameworks/ApplicationServices.framework/Versions/A/Frameworks/ATSUI.framework/Versions/A/ATSUI
0x00007fff70273000 	/usr/lib/libcups.2.dylib
0x00007fff3d0bc000 	/System/Library/Frameworks/Kerberos.framework/Versions/A/Kerberos
0x00007fff3b1fd000 	/System/Library/Frameworks/GSS.framework/Versions/A/GSS
0x00007fff715b2000 	/usr/lib/libresolv.9.dylib
0x00007fff5b087000 	/System/Library/PrivateFrameworks/Heimdal.framework/Versions/A/Heimdal
0x00007fff3d0cf000 	/System/Library/Frameworks/Kerberos.framework/Versions/A/Libraries/libHeimdalProxy.dylib
0x00007fff7041a000 	/usr/lib/libheimdal-asn1.dylib
0x00007fff4f38f000 	/System/Library/PrivateFrameworks/CommonAuth.framework/Versions/A/CommonAuth
0x00007fff4c5de000 	/System/Library/PrivateFrameworks/AssertionServices.framework/Versions/A/AssertionServices
0x00007fff4d181000 	/System/Library/PrivateFrameworks/AudioToolboxCore.framework/Versions/A/AudioToolboxCore
0x00007fff6c238000 	/System/Library/PrivateFrameworks/caulk.framework/Versions/A/caulk
0x00007fff4d74a000 	/System/Library/PrivateFrameworks/BaseBoard.framework/Versions/A/BaseBoard
0x00007fff64882000 	/System/Library/PrivateFrameworks/RunningBoardServices.framework/Versions/A/RunningBoardServices
0x00007fff61893000 	/System/Library/PrivateFrameworks/PersistentConnection.framework/Versions/A/PersistentConnection
0x00007fff6427b000 	/System/Library/PrivateFrameworks/ProtocolBuffer.framework/Versions/A/ProtocolBuffer
0x00007fff4f3b3000 	/System/Library/PrivateFrameworks/CommonUtilities.framework/Versions/A/CommonUtilities
0x00007fff4d8d8000 	/System/Library/PrivateFrameworks/Bom.framework/Versions/A/Bom
0x00007fff6f06e000 	/usr/lib/libAudioToolboxUtility.dylib
0x00007fff4d6a8000 	/System/Library/PrivateFrameworks/Backup.framework/Versions/A/Backup
0x00007fff52485000 	/System/Library/PrivateFrameworks/CrashReporterSupport.framework/Versions/A/CrashReporterSupport
0x00007fff66314000 	/System/Library/PrivateFrameworks/Sharing.framework/Versions/A/Sharing
0x00007fff4bbec000 	/System/Library/PrivateFrameworks/Apple80211.framework/Versions/A/Apple80211
0x00007fff4d3c5000 	/System/Library/PrivateFrameworks/AuthKit.framework/Versions/A/AuthKit
0x00007fff52192000 	/System/Library/PrivateFrameworks/CoreUtils.framework/Versions/A/CoreUtils
0x00007fff3a766000 	/System/Library/Frameworks/CoreWLAN.framework/Versions/A/CoreWLAN
0x00007fff3b38a000 	/System/Library/Frameworks/IOBluetooth.framework/Versions/A/IOBluetooth
0x00007fff5f44e000 	/System/Library/PrivateFrameworks/MobileKeyBag.framework/Versions/A/MobileKeyBag
0x00007fff50f97000 	/System/Library/PrivateFrameworks/CorePhoneNumbers.framework/Versions/A/CorePhoneNumbers
0x00007fff4bfdc000 	/System/Library/PrivateFrameworks/AppleIDAuthSupport.framework/Versions/A/AppleIDAuthSupport
0x00007fff3f0be000 	/System/Library/Frameworks/Network.framework/Versions/A/Network
0x00007fff5db1c000 	/System/Library/PrivateFrameworks/KeychainCircle.framework/Versions/A/KeychainCircle
0x00007fff381b7000 	/System/Library/Frameworks/CoreBluetooth.framework/Versions/A/CoreBluetooth
0x00007fff68393000 	/System/Library/PrivateFrameworks/SpeechRecognitionCore.framework/Versions/A/SpeechRecognitionCore
0x0000000103e00000 	/Users/codytran/.sdkman/candidates/java/11.0.15-trava/lib/server/libjvm.dylib
0x000000010253a000 	/Users/codytran/.sdkman/candidates/java/11.0.15-trava/lib/libverify.dylib
0x000000010254a000 	/Users/codytran/.sdkman/candidates/java/11.0.15-trava/lib/libjava.dylib
0x0000000102576000 	/Users/codytran/.sdkman/candidates/java/11.0.15-trava/lib/libjimage.dylib
0x000000010258c000 	/Users/codytran/.sdkman/candidates/java/11.0.15-trava/lib/libzip.dylib
0x00000001025b7000 	/Users/codytran/.sdkman/candidates/java/11.0.15-trava/lib/libnio.dylib
0x00000001025cb000 	/Users/codytran/.sdkman/candidates/java/11.0.15-trava/lib/libnet.dylib
0x00000001025e7000 	/private/var/folders/lr/qqhtj1yd2bn4qdd16dn6nt8r0000gn/T/jansi-2.4.0-59200d403790210e-libjansi.jnilib


VM Arguments:
jvm_args: -Dmaven.home=/Volumes -Dmaven.multiModuleProjectDirectory=/Volumes/course 
java_command: org.apache.maven.wrapper.MavenWrapperMain clean install
java_class_path (initial): /Volumes/course/.mvn/wrapper/maven-wrapper.jar
Launcher Type: SUN_STANDARD

[Global flags]
     intx CICompilerCount                          = 4                                         {product} {ergonomic}
     uint ConcGCThreads                            = 3                                         {product} {ergonomic}
     uint G1ConcRefinementThreads                  = 10                                        {product} {ergonomic}
   size_t G1HeapRegionSize                         = 2097152                                   {product} {ergonomic}
    uintx GCDrainStackTargetSize                   = 64                                        {product} {ergonomic}
   size_t InitialHeapSize                          = 536870912                                 {product} {ergonomic}
   size_t MarkStackSize                            = 4194304                                   {product} {ergonomic}
   size_t MaxHeapSize                              = 8589934592                                {product} {ergonomic}
   size_t MaxNewSize                               = 5152702464                                {product} {ergonomic}
   size_t MinHeapDeltaBytes                        = 2097152                                   {product} {ergonomic}
    uintx NonNMethodCodeHeapSize                   = 5836300                                {pd product} {ergonomic}
    uintx NonProfiledCodeHeapSize                  = 122910970                              {pd product} {ergonomic}
    uintx ProfiledCodeHeapSize                     = 122910970                              {pd product} {ergonomic}
    uintx ReservedCodeCacheSize                    = 251658240                              {pd product} {ergonomic}
     bool SegmentedCodeCache                       = true                                      {product} {ergonomic}
     bool UseCompressedClassPointers               = true                                 {lp64_product} {ergonomic}
     bool UseCompressedOops                        = true                                 {lp64_product} {ergonomic}
     bool UseG1GC                                  = true                                      {product} {ergonomic}

Logging:
Log output configuration:
 #0: stdout all=warning uptime,level,tags
 #1: stderr all=off uptime,level,tags

Environment Variables:
JAVA_HOME=/Users/codytran/.sdkman/candidates/java/current
PATH=/Users/codytran/.sdkman/candidates/java/current/bin:/usr/local/bin:/usr/bin:/bin:/usr/sbin:/sbin
SHELL=/bin/zsh
LANG=en_US.UTF-8

Signal Handlers:
SIGSEGV: [libjvm.dylib+0x76bb90], sa_mask[0]=11111111011111110111111111111111, sa_flags=SA_ONSTACK|SA_RESTART|SA_SIGINFO
SIGBUS: [libjvm.dylib+0x76bb90], sa_mask[0]=11111111011111110111111111111111, sa_flags=SA_RESTART|SA_SIGINFO
SIGFPE: [libjvm.dylib+0x76bb90], sa_mask[0]=11111111011111110111111111111111, sa_flags=SA_RESTART|SA_SIGINFO
SIGPIPE: [libjvm.dylib+0x628e76], sa_mask[0]=11111111011111110111111111111111, sa_flags=SA_RESTART|SA_SIGINFO
SIGXFSZ: [libjvm.dylib+0x628e76], sa_mask[0]=11111111011111110111111111111111, sa_flags=SA_RESTART|SA_SIGINFO
SIGILL: [libjvm.dylib+0x76bb90], sa_mask[0]=11111111011111110111111111111111, sa_flags=SA_RESTART|SA_SIGINFO
SIGUSR2: [libjvm.dylib+0x62944c], sa_mask[0]=00000000000000000000000000000000, sa_flags=SA_RESTART|SA_SIGINFO
SIGHUP: [libjvm.dylib+0x627f8d], sa_mask[0]=11111111011111110111111111111111, sa_flags=SA_RESTART|SA_SIGINFO
SIGINT: [libjvm.dylib+0x627f8d], sa_mask[0]=11111111011111110111111111111111, sa_flags=SA_RESTART|SA_SIGINFO
SIGTERM: [libjvm.dylib+0x627f8d], sa_mask[0]=11111111011111110111111111111111, sa_flags=SA_RESTART|SA_SIGINFO
SIGQUIT: [libjvm.dylib+0x627f8d], sa_mask[0]=11111111011111110111111111111111, sa_flags=SA_RESTART|SA_SIGINFO


---------------  S Y S T E M  ---------------

OS:uname:Darwin 19.6.0 Darwin Kernel Version 19.6.0: Thu Oct 29 22:56:45 PDT 2020; root:xnu-6153.141.2.2~1/RELEASE_X86_64 x86_64
OS uptime: 0 days 2:28 hours
rlimit (soft/hard): STACK 8192k/65532k , CORE 0k/infinity , NPROC 5568/8352 , NOFILE 10240/infinity , AS infinity/infinity , CPU infinity/infinity , DATA infinity/infinity , FSIZE infinity/infinity , MEMLOCK infinity/infinity , RSS infinity/infinity
load average:0.93 1.28 1.43

CPU:total 12 (initial active 12) (6 cores per cpu, 2 threads per core) family 6 model 158 stepping 10 microcode 0xf0, cmov, cx8, fxsr, mmx, sse, sse2, sse3, ssse3, sse4.1, sse4.2, popcnt, avx, avx2, aes, clmul, erms, 3dnowpref, lzcnt, ht, tsc, tscinvbit, bmi1, bmi2, adx, fma

Memory: 4k page, physical 33554432k(1639848k free), swap 0k(0k free)

vm_info: Dynamic Code Evolution 64-Bit Server VM (11.0.15+1-202204281459) for bsd-amd64 JRE (11.0.15+1-202204281459), built on Apr 28 2022 15:25:50 by "runner" with clang Apple LLVM 12.0.0 (clang-1200.0.32.29)

END.
